args: Namespace(aggregator='Maxmin', alpha_e=0, alpha_edge=0.5, alpha_v=0, batch_size=64, dataset_name='email-Enron', dim_edge=128, dim_hidden=128, dim_time=128, dim_vertex=128, early_stop=10, edge_aware='true', edge_concat_mode='mlp', epochs=50, exp_num=1, folder_name='logs/hgnn/email-Enron_train_live_update_hgnn', freq_size=2628000, gpu=1, lr=0.0001, model='hgnn', neg_mode='sns', neg_size=100, node_aware='true', num_layers=2, seed=1111, ssl_loss='false', test_mode='train_live_update', time_concat_mode='mlp', time_layers=3, time_split_type='sec', training='wgan')
============================================ Experiments 111 ==================================================0 time - 0 epoch, Training loss : 0.5148273706436157 / NS : Val AP : 0.5 / AUROC : 0.5
0 time - 1 epoch, Training loss : 0.48484277725219727 / NS : Val AP : 0.5 / AUROC : 0.5
0 time - 2 epoch, Training loss : 0.4530153274536133 / NS : Val AP : 0.5 / AUROC : 0.5
0 time - 3 epoch, Training loss : 0.46688345074653625 / NS : Val AP : 0.5 / AUROC : 0.5
0 time - 4 epoch, Training loss : 0.4604407548904419 / NS : Val AP : 0.5 / AUROC : 0.5
0 time - 5 epoch, Training loss : 0.4037892818450928 / NS : Val AP : 0.5 / AUROC : 0.5
0 time - 6 epoch, Training loss : 0.3945358395576477 / NS : Val AP : 0.5 / AUROC : 0.5
0 time - 7 epoch, Training loss : 0.41956794261932373 / NS : Val AP : 0.5 / AUROC : 0.5
0 time - 8 epoch, Training loss : 0.4103524386882782 / NS : Val AP : 0.5 / AUROC : 0.5
0 time - 9 epoch, Training loss : 0.4326297640800476 / NS : Val AP : 0.5 / AUROC : 0.5
0 time - 10 epoch, Training loss : 0.39882892370224 / NS : Val AP : 0.5 / AUROC : 0.5
[0 time Val AP : 0.5 / AUROC : 0.5 ]
[0 time Test AP : 0.5 / AUROC : 0.5 ]
1 time - 0 epoch, Training loss : 0.5003482699394226 / NS : Val AP : 0.75 / AUROC : 0.75
1 time - 1 epoch, Training loss : 0.5476230382919312 / NS : Val AP : 0.5 / AUROC : 0.25
1 time - 2 epoch, Training loss : 0.4899868369102478 / NS : Val AP : 0.5 / AUROC : 0.5
1 time - 3 epoch, Training loss : 0.5038962364196777 / NS : Val AP : 0.75 / AUROC : 0.75
1 time - 4 epoch, Training loss : 0.49883708357810974 / NS : Val AP : 0.5 / AUROC : 0.5
1 time - 5 epoch, Training loss : 0.486021488904953 / NS : Val AP : 0.5 / AUROC : 0.5
1 time - 6 epoch, Training loss : 0.5012510418891907 / NS : Val AP : 0.75 / AUROC : 0.75
1 time - 7 epoch, Training loss : 0.5150488615036011 / NS : Val AP : 0.75 / AUROC : 0.75
1 time - 8 epoch, Training loss : 0.520712673664093 / NS : Val AP : 0.5 / AUROC : 0.5
1 time - 9 epoch, Training loss : 0.5099160671234131 / NS : Val AP : 0.5 / AUROC : 0.5
1 time - 10 epoch, Training loss : 0.5024723410606384 / NS : Val AP : 0.5 / AUROC : 0.5
[1 time Val AP : 0.75 / AUROC : 0.75 ]
[1 time Test AP : 1.0 / AUROC : 1.0 ]
2 time - 0 epoch, Training loss : 0.4983120560646057 / NS : Val AP : 0.75 / AUROC : 0.65625
2 time - 1 epoch, Training loss : 0.5951820611953735 / NS : Val AP : 0.8541666865348816 / AUROC : 0.84375
2 time - 2 epoch, Training loss : 0.5746743083000183 / NS : Val AP : 0.5833333730697632 / AUROC : 0.625
2 time - 3 epoch, Training loss : 0.4795425832271576 / NS : Val AP : 0.42500001192092896 / AUROC : 0.03125
2 time - 4 epoch, Training loss : 0.4853527843952179 / NS : Val AP : 0.4821428656578064 / AUROC : 0.28125
2 time - 5 epoch, Training loss : 0.5128536224365234 / NS : Val AP : 0.6190476417541504 / AUROC : 0.625
2 time - 6 epoch, Training loss : 0.5437802076339722 / NS : Val AP : 0.8125 / AUROC : 0.75
2 time - 7 epoch, Training loss : 0.5215015411376953 / NS : Val AP : 0.5833333730697632 / AUROC : 0.625
2 time - 8 epoch, Training loss : 0.5020275712013245 / NS : Val AP : 0.4166666865348816 / AUROC : 0.1875
2 time - 9 epoch, Training loss : 0.4921850562095642 / NS : Val AP : 0.625 / AUROC : 0.25
2 time - 10 epoch, Training loss : 0.49271371960639954 / NS : Val AP : 0.6875 / AUROC : 0.5625
2 time - 11 epoch, Training loss : 0.5016533136367798 / NS : Val AP : 0.4333333373069763 / AUROC : 0.34375
[2 time Val AP : 0.84375 / AUROC : 0.8541666865348816 ]
[2 time Test AP : 0.75 / AUROC : 0.8333333730697632 ]
3 time - 0 epoch, Training loss : 0.5077357888221741 / NS : Val AP : 0.5 / AUROC : 0.5
3 time - 1 epoch, Training loss : 0.5147461295127869 / NS : Val AP : 0.6666666865348816 / AUROC : 0.75
3 time - 2 epoch, Training loss : 0.514894425868988 / NS : Val AP : 0.75 / AUROC : 0.75
3 time - 3 epoch, Training loss : 0.4947008490562439 / NS : Val AP : 0.6666666865348816 / AUROC : 0.75
3 time - 4 epoch, Training loss : 0.4870385527610779 / NS : Val AP : 0.4166666865348816 / AUROC : 0.25
3 time - 5 epoch, Training loss : 0.4894393980503082 / NS : Val AP : 0.75 / AUROC : 0.75
3 time - 6 epoch, Training loss : 0.5037921667098999 / NS : Val AP : 0.5 / AUROC : 0.5
3 time - 7 epoch, Training loss : 0.5723738074302673 / NS : Val AP : 0.5 / AUROC : 0.25
3 time - 8 epoch, Training loss : 0.5153818726539612 / NS : Val AP : 0.5 / AUROC : 0.5
3 time - 9 epoch, Training loss : 0.5287967920303345 / NS : Val AP : 0.5 / AUROC : 0.25
3 time - 10 epoch, Training loss : 0.5098637342453003 / NS : Val AP : 0.75 / AUROC : 0.75
3 time - 11 epoch, Training loss : 0.4979201555252075 / NS : Val AP : 0.75 / AUROC : 0.75
[3 time Val AP : 0.75 / AUROC : 0.6666666865348816 ]
[3 time Test AP : 0.5 / AUROC : 0.5 ]
4 time - 0 epoch, Training loss : 0.4836573004722595 / NS : Val AP : 0.8395832777023315 / AUROC : 0.90625
4 time - 1 epoch, Training loss : 0.44883784651756287 / NS : Val AP : 0.8976076245307922 / AUROC : 0.875
4 time - 2 epoch, Training loss : 0.4004518687725067 / NS : Val AP : 0.7473099827766418 / AUROC : 0.6875
4 time - 3 epoch, Training loss : 0.5060293674468994 / NS : Val AP : 0.7791667580604553 / AUROC : 0.6484375
4 time - 4 epoch, Training loss : 0.40794238448143005 / NS : Val AP : 0.765656590461731 / AUROC : 0.6953125
4 time - 5 epoch, Training loss : 0.4718654155731201 / NS : Val AP : 0.8819826245307922 / AUROC : 0.828125
4 time - 6 epoch, Training loss : 0.46266189217567444 / NS : Val AP : 0.875 / AUROC : 0.84375
4 time - 7 epoch, Training loss : 0.3943408131599426 / NS : Val AP : 0.6676053404808044 / AUROC : 0.671875
4 time - 8 epoch, Training loss : 0.4585108458995819 / NS : Val AP : 0.5502706170082092 / AUROC : 0.40625
4 time - 9 epoch, Training loss : 0.5083194375038147 / NS : Val AP : 0.6389651894569397 / AUROC : 0.6640625
4 time - 10 epoch, Training loss : 0.39017248153686523 / NS : Val AP : 0.8616071343421936 / AUROC : 0.78125
[4 time Val AP : 0.90625 / AUROC : 0.8395832777023315 ]
[4 time Test AP : 0.3125 / AUROC : 0.5821428298950195 ]
5 time - 0 epoch, Training loss : 0.5067442059516907 / NS : Val AP : 0.4347222149372101 / AUROC : 0.2638888888888889
5 time - 1 epoch, Training loss : 0.4594125747680664 / NS : Val AP : 0.7202380895614624 / AUROC : 0.5972222222222222
5 time - 2 epoch, Training loss : 0.4628477096557617 / NS : Val AP : 0.6439394354820251 / AUROC : 0.375
5 time - 3 epoch, Training loss : 0.48363763093948364 / NS : Val AP : 0.825757622718811 / AUROC : 0.6805555555555556
5 time - 4 epoch, Training loss : 0.4592323303222656 / NS : Val AP : 0.606782078742981 / AUROC : 0.4861111111111111
5 time - 5 epoch, Training loss : 0.4364033639431 / NS : Val AP : 0.7620370388031006 / AUROC : 0.7222222222222222
5 time - 6 epoch, Training loss : 0.46783801913261414 / NS : Val AP : 0.5723905563354492 / AUROC : 0.5138888888888888
5 time - 7 epoch, Training loss : 0.4577273726463318 / NS : Val AP : 0.505892276763916 / AUROC : 0.4583333333333333
5 time - 8 epoch, Training loss : 0.43783921003341675 / NS : Val AP : 0.5108225345611572 / AUROC : 0.45833333333333337
5 time - 9 epoch, Training loss : 0.45268863439559937 / NS : Val AP : 0.6835017204284668 / AUROC : 0.5555555555555556
5 time - 10 epoch, Training loss : 0.4409087300300598 / NS : Val AP : 0.5444444417953491 / AUROC : 0.5416666666666667
5 time - 11 epoch, Training loss : 0.4654996395111084 / NS : Val AP : 0.6439393758773804 / AUROC : 0.375
5 time - 12 epoch, Training loss : 0.4602900743484497 / NS : Val AP : 0.5730159282684326 / AUROC : 0.5972222222222222
5 time - 13 epoch, Training loss : 0.45028841495513916 / NS : Val AP : 0.5722222328186035 / AUROC : 0.5138888888888888
5 time - 14 epoch, Training loss : 0.44131577014923096 / NS : Val AP : 0.6027777194976807 / AUROC : 0.5972222222222223
5 time - 15 epoch, Training loss : 0.4757329225540161 / NS : Val AP : 0.555555522441864 / AUROC : 0.44444444444444453
[5 time Val AP : 0.7222222222222222 / AUROC : 0.7620370388031006 ]
[5 time Test AP : 0.4444444444444445 / AUROC : 0.47777777910232544 ]
6 time - 0 epoch, Training loss : 0.5146175026893616 / NS : Val AP : 0.5403749942779541 / AUROC : 0.42000000000000004
6 time - 1 epoch, Training loss : 0.5181882977485657 / NS : Val AP : 0.6326315999031067 / AUROC : 0.585
6 time - 2 epoch, Training loss : 0.5115514993667603 / NS : Val AP : 0.5435353517532349 / AUROC : 0.505
6 time - 3 epoch, Training loss : 0.47772547602653503 / NS : Val AP : 0.47601422667503357 / AUROC : 0.31000000000000005
6 time - 4 epoch, Training loss : 0.3760852515697479 / NS : Val AP : 0.4462710916996002 / AUROC : 0.4
6 time - 5 epoch, Training loss : 0.47312813997268677 / NS : Val AP : 0.6863951683044434 / AUROC : 0.61
6 time - 6 epoch, Training loss : 0.4774850606918335 / NS : Val AP : 0.49018916487693787 / AUROC : 0.44999999999999996
6 time - 7 epoch, Training loss : 0.5121251940727234 / NS : Val AP : 0.557692289352417 / AUROC : 0.4600000000000001
6 time - 8 epoch, Training loss : 0.4524279534816742 / NS : Val AP : 0.888888955116272 / AUROC : 0.91
6 time - 9 epoch, Training loss : 0.4544771909713745 / NS : Val AP : 0.46602705121040344 / AUROC : 0.4099999999999999
6 time - 10 epoch, Training loss : 0.5002012848854065 / NS : Val AP : 0.795134961605072 / AUROC : 0.71
6 time - 11 epoch, Training loss : 0.4196788966655731 / NS : Val AP : 0.5318395495414734 / AUROC : 0.45
6 time - 12 epoch, Training loss : 0.4149593412876129 / NS : Val AP : 0.49540838599205017 / AUROC : 0.35
6 time - 13 epoch, Training loss : 0.5133082866668701 / NS : Val AP : 0.8852564096450806 / AUROC : 0.88
6 time - 14 epoch, Training loss : 0.4877239167690277 / NS : Val AP : 0.540655791759491 / AUROC : 0.42
6 time - 15 epoch, Training loss : 0.4713737964630127 / NS : Val AP : 0.5559657216072083 / AUROC : 0.43999999999999995
6 time - 16 epoch, Training loss : 0.45871835947036743 / NS : Val AP : 0.4435754716396332 / AUROC : 0.285
6 time - 17 epoch, Training loss : 0.49725550413131714 / NS : Val AP : 0.743716299533844 / AUROC : 0.76
6 time - 18 epoch, Training loss : 0.49476009607315063 / NS : Val AP : 0.40680015087127686 / AUROC : 0.22
[6 time Val AP : 0.91 / AUROC : 0.888888955116272 ]
[6 time Test AP : 0.92 / AUROC : 0.9266666769981384 ]
7 time - 0 epoch, Training loss : 0.48680418729782104 / NS : Val AP : 0.6770092248916626 / AUROC : 0.7337278106508877
7 time - 1 epoch, Training loss : 0.5215513706207275 / NS : Val AP : 0.6537462472915649 / AUROC : 0.6923076923076923
7 time - 2 epoch, Training loss : 0.48966240882873535 / NS : Val AP : 0.6538482904434204 / AUROC : 0.6449704142011834
7 time - 3 epoch, Training loss : 0.4255557060241699 / NS : Val AP : 0.5105023384094238 / AUROC : 0.5266272189349113
7 time - 4 epoch, Training loss : 0.4974256753921509 / NS : Val AP : 0.5640372037887573 / AUROC : 0.5650887573964497
7 time - 5 epoch, Training loss : 0.41702204942703247 / NS : Val AP : 0.3698914051055908 / AUROC : 0.09467455621301776
7 time - 6 epoch, Training loss : 0.4236375391483307 / NS : Val AP : 0.5682603120803833 / AUROC : 0.5088757396449703
7 time - 7 epoch, Training loss : 0.45894747972488403 / NS : Val AP : 0.6152552366256714 / AUROC : 0.6331360946745562
7 time - 8 epoch, Training loss : 0.40108805894851685 / NS : Val AP : 0.6330488324165344 / AUROC : 0.7011834319526628
7 time - 9 epoch, Training loss : 0.37873032689094543 / NS : Val AP : 0.5376866459846497 / AUROC : 0.4408284023668639
7 time - 10 epoch, Training loss : 0.44900670647621155 / NS : Val AP : 0.6818414926528931 / AUROC : 0.6331360946745562
[7 time Val AP : 0.7337278106508877 / AUROC : 0.6770092248916626 ]
[7 time Test AP : 0.8163265306122449 / AUROC : 0.8928571343421936 ]
8 time - 0 epoch, Training loss : 0.34672343730926514 / NS : Val AP : 0.6568652391433716 / AUROC : 0.7130177514792899
8 time - 1 epoch, Training loss : 0.3782685399055481 / NS : Val AP : 0.8852509260177612 / AUROC : 0.9171597633136095
8 time - 2 epoch, Training loss : 0.41716280579566956 / NS : Val AP : 0.5695886611938477 / AUROC : 0.529585798816568
8 time - 3 epoch, Training loss : 0.43240663409233093 / NS : Val AP : 0.636625349521637 / AUROC : 0.7100591715976331
8 time - 4 epoch, Training loss : 0.3717499077320099 / NS : Val AP : 0.661385178565979 / AUROC : 0.7366863905325445
8 time - 5 epoch, Training loss : 0.40843701362609863 / NS : Val AP : 0.39472487568855286 / AUROC : 0.18934911242603553
8 time - 6 epoch, Training loss : 0.3767422139644623 / NS : Val AP : 0.7162948250770569 / AUROC : 0.8165680473372782
8 time - 7 epoch, Training loss : 0.4131641983985901 / NS : Val AP : 0.7948125600814819 / AUROC : 0.8372781065088757
8 time - 8 epoch, Training loss : 0.4484705626964569 / NS : Val AP : 0.6480500102043152 / AUROC : 0.7159763313609467
8 time - 9 epoch, Training loss : 0.4300246238708496 / NS : Val AP : 0.5982407927513123 / AUROC : 0.6420118343195267
8 time - 10 epoch, Training loss : 0.3458383083343506 / NS : Val AP : 0.6630918979644775 / AUROC : 0.6715976331360947
8 time - 11 epoch, Training loss : 0.37490296363830566 / NS : Val AP : 0.6710030436515808 / AUROC : 0.7692307692307692
[8 time Val AP : 0.9171597633136095 / AUROC : 0.8852509260177612 ]
[8 time Test AP : 0.836734693877551 / AUROC : 0.7605442404747009 ]
9 time - 0 epoch, Training loss : 0.5194517374038696 / NS : Val AP : 0.5105239152908325 / AUROC : 0.43367346938775503
9 time - 1 epoch, Training loss : 0.4856882393360138 / NS : Val AP : 0.726289689540863 / AUROC : 0.6683673469387754
9 time - 2 epoch, Training loss : 0.4719308912754059 / NS : Val AP : 0.5661976933479309 / AUROC : 0.5
9 time - 3 epoch, Training loss : 0.45318806171417236 / NS : Val AP : 0.6910704374313354 / AUROC : 0.6045918367346939
9 time - 4 epoch, Training loss : 0.4871547222137451 / NS : Val AP : 0.7020626068115234 / AUROC : 0.6632653061224489
9 time - 5 epoch, Training loss : 0.4861634373664856 / NS : Val AP : 0.5727052688598633 / AUROC : 0.5357142857142858
9 time - 6 epoch, Training loss : 0.43084806203842163 / NS : Val AP : 0.5352816581726074 / AUROC : 0.37755102040816324
9 time - 7 epoch, Training loss : 0.5345330238342285 / NS : Val AP : 0.5939062237739563 / AUROC : 0.4464285714285714
9 time - 8 epoch, Training loss : 0.48700380325317383 / NS : Val AP : 0.7097991704940796 / AUROC : 0.673469387755102
9 time - 9 epoch, Training loss : 0.4648057222366333 / NS : Val AP : 0.5410376191139221 / AUROC : 0.4566326530612245
9 time - 10 epoch, Training loss : 0.4725726842880249 / NS : Val AP : 0.7182912826538086 / AUROC : 0.576530612244898
9 time - 11 epoch, Training loss : 0.5108525156974792 / NS : Val AP : 0.5021562576293945 / AUROC : 0.4260204081632653
9 time - 12 epoch, Training loss : 0.42136144638061523 / NS : Val AP : 0.4970879554748535 / AUROC : 0.45408163265306123
9 time - 13 epoch, Training loss : 0.5350773334503174 / NS : Val AP : 0.7353829741477966 / AUROC : 0.6352040816326531
9 time - 14 epoch, Training loss : 0.5009518265724182 / NS : Val AP : 0.38286012411117554 / AUROC : 0.20153061224489793
9 time - 15 epoch, Training loss : 0.412322461605072 / NS : Val AP : 0.4898964762687683 / AUROC : 0.43622448979591844
9 time - 16 epoch, Training loss : 0.44537293910980225 / NS : Val AP : 0.43166446685791016 / AUROC : 0.33418367346938777
9 time - 17 epoch, Training loss : 0.5094932913780212 / NS : Val AP : 0.5986737012863159 / AUROC : 0.4719387755102041
9 time - 18 epoch, Training loss : 0.4900530278682709 / NS : Val AP : 0.5920279026031494 / AUROC : 0.5867346938775511
[9 time Val AP : 0.673469387755102 / AUROC : 0.7097991704940796 ]
[9 time Test AP : 0.3061224489795918 / AUROC : 0.5278388261795044 ]
10 time - 0 epoch, Training loss : 0.5031194090843201 / NS : Val AP : 0.3920964002609253 / AUROC : 0.24691358024691357
10 time - 1 epoch, Training loss : 0.5014355182647705 / NS : Val AP : 0.5709401965141296 / AUROC : 0.5555555555555556
10 time - 2 epoch, Training loss : 0.4821639060974121 / NS : Val AP : 0.47633811831474304 / AUROC : 0.39506172839506176
10 time - 3 epoch, Training loss : 0.48813965916633606 / NS : Val AP : 0.5568376183509827 / AUROC : 0.4691358024691358
10 time - 4 epoch, Training loss : 0.5175700187683105 / NS : Val AP : 0.6364588737487793 / AUROC : 0.6666666666666667
10 time - 5 epoch, Training loss : 0.515830397605896 / NS : Val AP : 0.49899446964263916 / AUROC : 0.46296296296296297
10 time - 6 epoch, Training loss : 0.501839280128479 / NS : Val AP : 0.39240583777427673 / AUROC : 0.25308641975308643
10 time - 7 epoch, Training loss : 0.49773913621902466 / NS : Val AP : 0.4370098114013672 / AUROC : 0.3395061728395062
10 time - 8 epoch, Training loss : 0.4520159065723419 / NS : Val AP : 0.6588234901428223 / AUROC : 0.6728395061728395
10 time - 9 epoch, Training loss : 0.5193002223968506 / NS : Val AP : 0.49333876371383667 / AUROC : 0.5123456790123457
10 time - 10 epoch, Training loss : 0.49238014221191406 / NS : Val AP : 0.7227834463119507 / AUROC : 0.7530864197530864
10 time - 11 epoch, Training loss : 0.5207034349441528 / NS : Val AP : 0.5031293630599976 / AUROC : 0.4753086419753087
10 time - 12 epoch, Training loss : 0.5108913779258728 / NS : Val AP : 0.40760722756385803 / AUROC : 0.3271604938271605
10 time - 13 epoch, Training loss : 0.4969140887260437 / NS : Val AP : 0.5382802486419678 / AUROC : 0.5432098765432098
10 time - 14 epoch, Training loss : 0.5033230781555176 / NS : Val AP : 0.5717068910598755 / AUROC : 0.5432098765432098
10 time - 15 epoch, Training loss : 0.46384912729263306 / NS : Val AP : 0.5040544271469116 / AUROC : 0.38888888888888884
10 time - 16 epoch, Training loss : 0.5042475461959839 / NS : Val AP : 0.5095406770706177 / AUROC : 0.4320987654320988
10 time - 17 epoch, Training loss : 0.5131113529205322 / NS : Val AP : 0.4795694649219513 / AUROC : 0.38888888888888884
10 time - 18 epoch, Training loss : 0.514398992061615 / NS : Val AP : 0.5429792404174805 / AUROC : 0.5370370370370371
10 time - 19 epoch, Training loss : 0.49656927585601807 / NS : Val AP : 0.5842592716217041 / AUROC : 0.5802469135802469
10 time - 20 epoch, Training loss : 0.5089703798294067 / NS : Val AP : 0.6041394472122192 / AUROC : 0.5679012345679012
[10 time Val AP : 0.7530864197530864 / AUROC : 0.7227834463119507 ]
[10 time Test AP : 0.28 / AUROC : 0.4079365134239197 ]
11 time - 0 epoch, Training loss : 0.5074315071105957 / NS : Val AP : 0.5644627809524536 / AUROC : 0.5758928571428572
11 time - 1 epoch, Training loss : 0.5392550230026245 / NS : Val AP : 0.6356514692306519 / AUROC : 0.625
11 time - 2 epoch, Training loss : 0.48181480169296265 / NS : Val AP : 0.5858220458030701 / AUROC : 0.5918367346938775
11 time - 3 epoch, Training loss : 0.4702853560447693 / NS : Val AP : 0.48985132575035095 / AUROC : 0.42283163265306123
11 time - 4 epoch, Training loss : 0.5167612433433533 / NS : Val AP : 0.5612667798995972 / AUROC : 0.5535714285714286
11 time - 5 epoch, Training loss : 0.49436479806900024 / NS : Val AP : 0.4739833176136017 / AUROC : 0.4151785714285714
11 time - 6 epoch, Training loss : 0.5019454956054688 / NS : Val AP : 0.4481668174266815 / AUROC : 0.3565051020408163
11 time - 7 epoch, Training loss : 0.4839032292366028 / NS : Val AP : 0.457491934299469 / AUROC : 0.4375
11 time - 8 epoch, Training loss : 0.48819607496261597 / NS : Val AP : 0.5356530547142029 / AUROC : 0.5229591836734694
11 time - 9 epoch, Training loss : 0.5598740577697754 / NS : Val AP : 0.5661558508872986 / AUROC : 0.5790816326530612
11 time - 10 epoch, Training loss : 0.49979233741760254 / NS : Val AP : 0.46348872780799866 / AUROC : 0.4336734693877551
11 time - 11 epoch, Training loss : 0.5074151158332825 / NS : Val AP : 0.5821234583854675 / AUROC : 0.534438775510204
[11 time Val AP : 0.625 / AUROC : 0.6356514692306519 ]
[11 time Test AP : 0.7372448979591837 / AUROC : 0.6682705879211426 ]
12 time - 0 epoch, Training loss : 0.4698619246482849 / NS : Val AP : 0.5908281803131104 / AUROC : 0.5763265306122448
12 time - 1 epoch, Training loss : 0.43719178438186646 / NS : Val AP : 0.715410053730011 / AUROC : 0.6906122448979591
12 time - 2 epoch, Training loss : 0.4721759557723999 / NS : Val AP : 0.6060363054275513 / AUROC : 0.6310204081632653
12 time - 3 epoch, Training loss : 0.5031348466873169 / NS : Val AP : 0.5882624387741089 / AUROC : 0.590204081632653
12 time - 4 epoch, Training loss : 0.5071823596954346 / NS : Val AP : 0.520430326461792 / AUROC : 0.49632653061224496
12 time - 5 epoch, Training loss : 0.4852096438407898 / NS : Val AP : 0.6370493173599243 / AUROC : 0.5853061224489796
12 time - 6 epoch, Training loss : 0.5158125162124634 / NS : Val AP : 0.5637356042861938 / AUROC : 0.5918367346938775
12 time - 7 epoch, Training loss : 0.4615558981895447 / NS : Val AP : 0.5685939192771912 / AUROC : 0.5938775510204082
12 time - 8 epoch, Training loss : 0.45289117097854614 / NS : Val AP : 0.5860019326210022 / AUROC : 0.6057142857142856
12 time - 9 epoch, Training loss : 0.4944193959236145 / NS : Val AP : 0.7558965682983398 / AUROC : 0.6522448979591837
12 time - 10 epoch, Training loss : 0.45849406719207764 / NS : Val AP : 0.5796855688095093 / AUROC : 0.5583673469387755
12 time - 11 epoch, Training loss : 0.4925445020198822 / NS : Val AP : 0.6169795989990234 / AUROC : 0.6583673469387754
[12 time Val AP : 0.6906122448979591 / AUROC : 0.715410053730011 ]
[12 time Test AP : 0.5756172839506173 / AUROC : 0.6147457957267761 ]
13 time - 0 epoch, Training loss : 0.5264172554016113 / NS : Val AP : 0.6862624287605286 / AUROC : 0.6447704081632654
13 time - 1 epoch, Training loss : 0.5235607624053955 / NS : Val AP : 0.5340771675109863 / AUROC : 0.5369897959183674
13 time - 2 epoch, Training loss : 0.4896963834762573 / NS : Val AP : 0.5564010143280029 / AUROC : 0.6007653061224489
13 time - 3 epoch, Training loss : 0.4997648000717163 / NS : Val AP : 0.5430128574371338 / AUROC : 0.5184948979591837
13 time - 4 epoch, Training loss : 0.5193825960159302 / NS : Val AP : 0.441049188375473 / AUROC : 0.39923469387755095
13 time - 5 epoch, Training loss : 0.48980602622032166 / NS : Val AP : 0.41673702001571655 / AUROC : 0.336734693877551
13 time - 6 epoch, Training loss : 0.5247836112976074 / NS : Val AP : 0.5369987487792969 / AUROC : 0.4840561224489796
13 time - 7 epoch, Training loss : 0.49103373289108276 / NS : Val AP : 0.5254182815551758 / AUROC : 0.5306122448979592
13 time - 8 epoch, Training loss : 0.5009641051292419 / NS : Val AP : 0.48674672842025757 / AUROC : 0.49617346938775514
13 time - 9 epoch, Training loss : 0.48437201976776123 / NS : Val AP : 0.6154887676239014 / AUROC : 0.6658163265306123
13 time - 10 epoch, Training loss : 0.49790245294570923 / NS : Val AP : 0.5956582427024841 / AUROC : 0.5637755102040816
13 time - 11 epoch, Training loss : 0.5086325407028198 / NS : Val AP : 0.5262587070465088 / AUROC : 0.492984693877551
13 time - 12 epoch, Training loss : 0.5182257294654846 / NS : Val AP : 0.5321900844573975 / AUROC : 0.5554846938775511
13 time - 13 epoch, Training loss : 0.5135621428489685 / NS : Val AP : 0.568512499332428 / AUROC : 0.5006377551020408
13 time - 14 epoch, Training loss : 0.5115670561790466 / NS : Val AP : 0.5598104000091553 / AUROC : 0.5701530612244898
13 time - 15 epoch, Training loss : 0.5109973549842834 / NS : Val AP : 0.5230808258056641 / AUROC : 0.423469387755102
13 time - 16 epoch, Training loss : 0.4896639585494995 / NS : Val AP : 0.563468337059021 / AUROC : 0.5892857142857143
13 time - 17 epoch, Training loss : 0.49107277393341064 / NS : Val AP : 0.6343266367912292 / AUROC : 0.6332908163265306
13 time - 18 epoch, Training loss : 0.4984802007675171 / NS : Val AP : 0.5246890187263489 / AUROC : 0.5223214285714286
13 time - 19 epoch, Training loss : 0.5124310255050659 / NS : Val AP : 0.5442407727241516 / AUROC : 0.45153061224489793
[13 time Val AP : 0.6658163265306123 / AUROC : 0.6154887676239014 ]
[13 time Test AP : 0.6377551020408163 / AUROC : 0.6722449064254761 ]
14 time - 0 epoch, Training loss : 0.51897132396698 / NS : Val AP : 0.5639998912811279 / AUROC : 0.5849609375
14 time - 1 epoch, Training loss : 0.5098466873168945 / NS : Val AP : 0.5319033861160278 / AUROC : 0.52001953125
14 time - 2 epoch, Training loss : 0.5168854594230652 / NS : Val AP : 0.5077208876609802 / AUROC : 0.408203125
14 time - 3 epoch, Training loss : 0.4928860366344452 / NS : Val AP : 0.5913779735565186 / AUROC : 0.62548828125
14 time - 4 epoch, Training loss : 0.48249924182891846 / NS : Val AP : 0.5189434885978699 / AUROC : 0.5341796875
14 time - 5 epoch, Training loss : 0.48914873600006104 / NS : Val AP : 0.5679363012313843 / AUROC : 0.6123046875
14 time - 6 epoch, Training loss : 0.4886566400527954 / NS : Val AP : 0.5274404287338257 / AUROC : 0.59228515625
14 time - 7 epoch, Training loss : 0.48798102140426636 / NS : Val AP : 0.6567114591598511 / AUROC : 0.71923828125
14 time - 8 epoch, Training loss : 0.5161092281341553 / NS : Val AP : 0.5102595686912537 / AUROC : 0.525390625
14 time - 9 epoch, Training loss : 0.5064272880554199 / NS : Val AP : 0.560219943523407 / AUROC : 0.48291015625
14 time - 10 epoch, Training loss : 0.47115078568458557 / NS : Val AP : 0.6886870861053467 / AUROC : 0.72021484375
14 time - 11 epoch, Training loss : 0.5318005084991455 / NS : Val AP : 0.5075657367706299 / AUROC : 0.54541015625
14 time - 12 epoch, Training loss : 0.47647061944007874 / NS : Val AP : 0.5639753341674805 / AUROC : 0.56787109375
14 time - 13 epoch, Training loss : 0.46926313638687134 / NS : Val AP : 0.5970001220703125 / AUROC : 0.63330078125
14 time - 14 epoch, Training loss : 0.49538731575012207 / NS : Val AP : 0.5765683650970459 / AUROC : 0.64453125
14 time - 15 epoch, Training loss : 0.5052491426467896 / NS : Val AP : 0.4701932668685913 / AUROC : 0.43505859375
14 time - 16 epoch, Training loss : 0.4922218322753906 / NS : Val AP : 0.6049842834472656 / AUROC : 0.56201171875
14 time - 17 epoch, Training loss : 0.5186853408813477 / NS : Val AP : 0.6970135569572449 / AUROC : 0.74951171875
14 time - 18 epoch, Training loss : 0.5001803636550903 / NS : Val AP : 0.5415742993354797 / AUROC : 0.4892578125
14 time - 19 epoch, Training loss : 0.5007338523864746 / NS : Val AP : 0.553579568862915 / AUROC : 0.580078125
14 time - 20 epoch, Training loss : 0.5010113716125488 / NS : Val AP : 0.5793179273605347 / AUROC : 0.6064453125
14 time - 21 epoch, Training loss : 0.4766233563423157 / NS : Val AP : 0.5816492438316345 / AUROC : 0.6162109375
14 time - 22 epoch, Training loss : 0.49674126505851746 / NS : Val AP : 0.5317028164863586 / AUROC : 0.56689453125
14 time - 23 epoch, Training loss : 0.49308449029922485 / NS : Val AP : 0.6449140906333923 / AUROC : 0.66845703125
14 time - 24 epoch, Training loss : 0.499793142080307 / NS : Val AP : 0.6416645050048828 / AUROC : 0.69189453125
14 time - 25 epoch, Training loss : 0.47682058811187744 / NS : Val AP : 0.5654746890068054 / AUROC : 0.59521484375
14 time - 26 epoch, Training loss : 0.4979579448699951 / NS : Val AP : 0.5699965953826904 / AUROC : 0.58056640625
14 time - 27 epoch, Training loss : 0.504536509513855 / NS : Val AP : 0.4672898054122925 / AUROC : 0.43115234375
[14 time Val AP : 0.74951171875 / AUROC : 0.6970135569572449 ]
[14 time Test AP : 0.587890625 / AUROC : 0.5581939220428467 ]
15 time - 0 epoch, Training loss : 0.5035760402679443 / NS : Val AP : 0.6390231251716614 / AUROC : 0.6886145404663924
15 time - 1 epoch, Training loss : 0.5038170218467712 / NS : Val AP : 0.4940337538719177 / AUROC : 0.4554183813443073
15 time - 2 epoch, Training loss : 0.48818203806877136 / NS : Val AP : 0.46813809871673584 / AUROC : 0.4197530864197531
15 time - 3 epoch, Training loss : 0.5023037195205688 / NS : Val AP : 0.5396721363067627 / AUROC : 0.43141289437585734
15 time - 4 epoch, Training loss : 0.5033379197120667 / NS : Val AP : 0.637879490852356 / AUROC : 0.5960219478737997
15 time - 5 epoch, Training loss : 0.48629653453826904 / NS : Val AP : 0.6071605682373047 / AUROC : 0.6351165980795611
15 time - 6 epoch, Training loss : 0.48797211050987244 / NS : Val AP : 0.5429486632347107 / AUROC : 0.49794238683127573
15 time - 7 epoch, Training loss : 0.4905567765235901 / NS : Val AP : 0.4864649772644043 / AUROC : 0.4725651577503429
15 time - 8 epoch, Training loss : 0.4904845952987671 / NS : Val AP : 0.5306791663169861 / AUROC : 0.51440329218107
15 time - 9 epoch, Training loss : 0.47987833619117737 / NS : Val AP : 0.5589748024940491 / AUROC : 0.532235939643347
15 time - 10 epoch, Training loss : 0.5306792259216309 / NS : Val AP : 0.6538394689559937 / AUROC : 0.6104252400548696
[15 time Val AP : 0.6886145404663924 / AUROC : 0.6390231251716614 ]
[15 time Test AP : 0.6096938775510203 / AUROC : 0.6629869937896729 ]
16 time - 0 epoch, Training loss : 0.5233913660049438 / NS : Val AP : 0.5118923783302307 / AUROC : 0.4768005540166205
16 time - 1 epoch, Training loss : 0.5255342125892639 / NS : Val AP : 0.40993553400039673 / AUROC : 0.3379501385041551
16 time - 2 epoch, Training loss : 0.5169014930725098 / NS : Val AP : 0.5219728350639343 / AUROC : 0.5263157894736843
16 time - 3 epoch, Training loss : 0.5135592222213745 / NS : Val AP : 0.574609637260437 / AUROC : 0.5252770083102494
16 time - 4 epoch, Training loss : 0.5267484188079834 / NS : Val AP : 0.46695607900619507 / AUROC : 0.44217451523545703
16 time - 5 epoch, Training loss : 0.5918620824813843 / NS : Val AP : 0.49895715713500977 / AUROC : 0.5141966759002771
16 time - 6 epoch, Training loss : 0.5136114954948425 / NS : Val AP : 0.5527227520942688 / AUROC : 0.5159279778393351
16 time - 7 epoch, Training loss : 0.5144664645195007 / NS : Val AP : 0.46870145201683044 / AUROC : 0.4414819944598338
16 time - 8 epoch, Training loss : 0.5177050828933716 / NS : Val AP : 0.5356237888336182 / AUROC : 0.5225069252077562
16 time - 9 epoch, Training loss : 0.5162602663040161 / NS : Val AP : 0.5452165007591248 / AUROC : 0.5263157894736843
16 time - 10 epoch, Training loss : 0.5177818536758423 / NS : Val AP : 0.5144104957580566 / AUROC : 0.48718836565096957
16 time - 11 epoch, Training loss : 0.505580723285675 / NS : Val AP : 0.4612431824207306 / AUROC : 0.39058171745152354
16 time - 12 epoch, Training loss : 0.519461989402771 / NS : Val AP : 0.5382579565048218 / AUROC : 0.48545706371191133
[16 time Val AP : 0.5263157894736843 / AUROC : 0.5219728350639343 ]
[16 time Test AP : 0.49584487534626037 / AUROC : 0.5162549018859863 ]
17 time - 0 epoch, Training loss : 0.5078555345535278 / NS : Val AP : 0.5919877290725708 / AUROC : 0.5923999999999999
17 time - 1 epoch, Training loss : 0.5101993083953857 / NS : Val AP : 0.5566236972808838 / AUROC : 0.5744
17 time - 2 epoch, Training loss : 0.4950897693634033 / NS : Val AP : 0.49518054723739624 / AUROC : 0.49840000000000007
17 time - 3 epoch, Training loss : 0.515620231628418 / NS : Val AP : 0.5374222993850708 / AUROC : 0.5608
17 time - 4 epoch, Training loss : 0.5040119886398315 / NS : Val AP : 0.5261434316635132 / AUROC : 0.5154
17 time - 5 epoch, Training loss : 0.4929059147834778 / NS : Val AP : 0.5434393286705017 / AUROC : 0.5196
17 time - 6 epoch, Training loss : 0.5110133290290833 / NS : Val AP : 0.4978235960006714 / AUROC : 0.47519999999999996
17 time - 7 epoch, Training loss : 0.4930914640426636 / NS : Val AP : 0.483102947473526 / AUROC : 0.482
17 time - 8 epoch, Training loss : 0.5311194658279419 / NS : Val AP : 0.568928599357605 / AUROC : 0.5964
17 time - 9 epoch, Training loss : 0.488827645778656 / NS : Val AP : 0.5110437273979187 / AUROC : 0.4492
17 time - 10 epoch, Training loss : 0.5048655271530151 / NS : Val AP : 0.4776843786239624 / AUROC : 0.471
17 time - 11 epoch, Training loss : 0.5350374579429626 / NS : Val AP : 0.47469091415405273 / AUROC : 0.48960000000000004
17 time - 12 epoch, Training loss : 0.5183467864990234 / NS : Val AP : 0.4581196904182434 / AUROC : 0.41679999999999995
17 time - 13 epoch, Training loss : 0.5037339925765991 / NS : Val AP : 0.5206899046897888 / AUROC : 0.4992
17 time - 14 epoch, Training loss : 0.501136064529419 / NS : Val AP : 0.5427724123001099 / AUROC : 0.5532
17 time - 15 epoch, Training loss : 0.4955357611179352 / NS : Val AP : 0.49377042055130005 / AUROC : 0.4574
17 time - 16 epoch, Training loss : 0.49444255232810974 / NS : Val AP : 0.49948954582214355 / AUROC : 0.4820000000000001
17 time - 17 epoch, Training loss : 0.5096681118011475 / NS : Val AP : 0.4442826211452484 / AUROC : 0.40179999999999993
17 time - 18 epoch, Training loss : 0.533193051815033 / NS : Val AP : 0.5098527669906616 / AUROC : 0.5134000000000001
[17 time Val AP : 0.5964 / AUROC : 0.568928599357605 ]
[17 time Test AP : 0.6656 / AUROC : 0.7333617806434631 ]
18 time - 0 epoch, Training loss : 0.4941241145133972 / NS : Val AP : 0.6346898078918457 / AUROC : 0.6499569089342143
18 time - 1 epoch, Training loss : 0.5267539024353027 / NS : Val AP : 0.5866494178771973 / AUROC : 0.6378914105142202
18 time - 2 epoch, Training loss : 0.5002080798149109 / NS : Val AP : 0.6206101179122925 / AUROC : 0.5634875035909221
18 time - 3 epoch, Training loss : 0.49491479992866516 / NS : Val AP : 0.5524138808250427 / AUROC : 0.5633438667049698
18 time - 4 epoch, Training loss : 0.5128245949745178 / NS : Val AP : 0.6813650131225586 / AUROC : 0.6538351048549267
18 time - 5 epoch, Training loss : 0.48691412806510925 / NS : Val AP : 0.6184995770454407 / AUROC : 0.601982189026142
18 time - 6 epoch, Training loss : 0.5073449611663818 / NS : Val AP : 0.6636565327644348 / AUROC : 0.6719333524849181
18 time - 7 epoch, Training loss : 0.4986754357814789 / NS : Val AP : 0.550452709197998 / AUROC : 0.5570238437230681
18 time - 8 epoch, Training loss : 0.5043778419494629 / NS : Val AP : 0.6346490979194641 / AUROC : 0.6597242171789716
18 time - 9 epoch, Training loss : 0.5148980617523193 / NS : Val AP : 0.5189352035522461 / AUROC : 0.5530020109164033
18 time - 10 epoch, Training loss : 0.49249204993247986 / NS : Val AP : 0.7564591765403748 / AUROC : 0.7530881930479747
18 time - 11 epoch, Training loss : 0.4549826383590698 / NS : Val AP : 0.6519665718078613 / AUROC : 0.7135880494110888
18 time - 12 epoch, Training loss : 0.5111196041107178 / NS : Val AP : 0.4876778721809387 / AUROC : 0.5038781959207124
18 time - 13 epoch, Training loss : 0.5079690217971802 / NS : Val AP : 0.6699222326278687 / AUROC : 0.6940534329215742
18 time - 14 epoch, Training loss : 0.523702085018158 / NS : Val AP : 0.6250810623168945 / AUROC : 0.6536914679689744
18 time - 15 epoch, Training loss : 0.5284019112586975 / NS : Val AP : 0.765380322933197 / AUROC : 0.7184717035334673
18 time - 16 epoch, Training loss : 0.5119094252586365 / NS : Val AP : 0.578915536403656 / AUROC : 0.5833093938523413
18 time - 17 epoch, Training loss : 0.5064660310745239 / NS : Val AP : 0.5905991792678833 / AUROC : 0.6246768170066073
18 time - 18 epoch, Training loss : 0.518923819065094 / NS : Val AP : 0.6293614506721497 / AUROC : 0.707268026429187
18 time - 19 epoch, Training loss : 0.47979575395584106 / NS : Val AP : 0.6637744903564453 / AUROC : 0.6490950876185004
18 time - 20 epoch, Training loss : 0.5112159848213196 / NS : Val AP : 0.6580564379692078 / AUROC : 0.7117207698937087
[18 time Val AP : 0.7530881930479747 / AUROC : 0.7564591765403748 ]
[18 time Test AP : 0.4527777777777778 / AUROC : 0.4681817591190338 ]
19 time - 0 epoch, Training loss : 0.5129941701889038 / NS : Val AP : 0.5090757012367249 / AUROC : 0.5187257617728531
19 time - 1 epoch, Training loss : 0.44504353404045105 / NS : Val AP : 0.47029823064804077 / AUROC : 0.4700927734375
19 time - 2 epoch, Training loss : 0.502223014831543 / NS : Val AP : 0.498806893825531 / AUROC : 0.5291363163371487
19 time - 3 epoch, Training loss : 0.48988667130470276 / NS : Val AP : 0.5241540670394897 / AUROC : 0.5238037109375
19 time - 4 epoch, Training loss : 0.4518677890300751 / NS : Val AP : 0.43125051259994507 / AUROC : 0.41207075962539014
19 time - 5 epoch, Training loss : 0.46126699447631836 / NS : Val AP : 0.6178350448608398 / AUROC : 0.6640625
19 time - 6 epoch, Training loss : 0.5086175203323364 / NS : Val AP : 0.5523785948753357 / AUROC : 0.6160249739854319
19 time - 7 epoch, Training loss : 0.5035814642906189 / NS : Val AP : 0.5679848194122314 / AUROC : 0.598388671875
19 time - 8 epoch, Training loss : 0.46749889850616455 / NS : Val AP : 0.5197186470031738 / AUROC : 0.5395421436004162
19 time - 9 epoch, Training loss : 0.47118085622787476 / NS : Val AP : 0.4933243989944458 / AUROC : 0.4674072265625
19 time - 10 epoch, Training loss : 0.4835966229438782 / NS : Val AP : 0.4775846600532532 / AUROC : 0.48231009365244537
19 time - 11 epoch, Training loss : 0.4762609004974365 / NS : Val AP : 0.45750582218170166 / AUROC : 0.465576171875
19 time - 12 epoch, Training loss : 0.5037453174591064 / NS : Val AP : 0.5678603649139404 / AUROC : 0.5676378772112383
19 time - 13 epoch, Training loss : 0.4503997564315796 / NS : Val AP : 0.5135608911514282 / AUROC : 0.5074462890625
19 time - 14 epoch, Training loss : 0.4726402759552002 / NS : Val AP : 0.48041394352912903 / AUROC : 0.5119667013527576
19 time - 15 epoch, Training loss : 0.4664415121078491 / NS : Val AP : 0.5587224364280701 / AUROC : 0.536376953125
[19 time Val AP : 0.6640625 / AUROC : 0.6178350448608398 ]
[19 time Test AP : 0.5729166666666667 / AUROC : 0.5665844678878784 ]
20 time - 0 epoch, Training loss : 0.5089507102966309 / NS : Val AP : 0.5310693383216858 / AUROC : 0.5457679826933478
20 time - 1 epoch, Training loss : 0.4909120202064514 / NS : Val AP : 0.5453636646270752 / AUROC : 0.5648193359375
20 time - 2 epoch, Training loss : 0.49590152502059937 / NS : Val AP : 0.5532448887825012 / AUROC : 0.49793388429752067
20 time - 3 epoch, Training loss : 0.47962215542793274 / NS : Val AP : 0.5773330926895142 / AUROC : 0.6064453125
20 time - 4 epoch, Training loss : 0.4851435422897339 / NS : Val AP : 0.41406410932540894 / AUROC : 0.37603305785123964
20 time - 5 epoch, Training loss : 0.494440495967865 / NS : Val AP : 0.5902768969535828 / AUROC : 0.6263427734375
20 time - 6 epoch, Training loss : 0.5019290447235107 / NS : Val AP : 0.5615875124931335 / AUROC : 0.6033057851239669
20 time - 7 epoch, Training loss : 0.4947587251663208 / NS : Val AP : 0.6044051051139832 / AUROC : 0.6451416015625
20 time - 8 epoch, Training loss : 0.4920004606246948 / NS : Val AP : 0.47563087940216064 / AUROC : 0.48140495867768596
20 time - 9 epoch, Training loss : 0.5062134861946106 / NS : Val AP : 0.5995292067527771 / AUROC : 0.6282958984375
20 time - 10 epoch, Training loss : 0.48976069688796997 / NS : Val AP : 0.44015073776245117 / AUROC : 0.39462809917355374
20 time - 11 epoch, Training loss : 0.5154955387115479 / NS : Val AP : 0.5943323373794556 / AUROC : 0.6180419921875
20 time - 12 epoch, Training loss : 0.48789018392562866 / NS : Val AP : 0.5749214291572571 / AUROC : 0.5971074380165289
20 time - 13 epoch, Training loss : 0.4996005594730377 / NS : Val AP : 0.6381339430809021 / AUROC : 0.6717529296875
20 time - 14 epoch, Training loss : 0.49775251746177673 / NS : Val AP : 0.4718192517757416 / AUROC : 0.4380165289256199
20 time - 15 epoch, Training loss : 0.5000168085098267 / NS : Val AP : 0.616777241230011 / AUROC : 0.6627197265625
20 time - 16 epoch, Training loss : 0.49632036685943604 / NS : Val AP : 0.5825378894805908 / AUROC : 0.6508264462809917
20 time - 17 epoch, Training loss : 0.4908405840396881 / NS : Val AP : 0.5374022722244263 / AUROC : 0.5758056640625
20 time - 18 epoch, Training loss : 0.4937296211719513 / NS : Val AP : 0.46257391571998596 / AUROC : 0.43491735537190085
20 time - 19 epoch, Training loss : 0.48894453048706055 / NS : Val AP : 0.5353586673736572 / AUROC : 0.5609130859375
20 time - 20 epoch, Training loss : 0.5218705534934998 / NS : Val AP : 0.43239110708236694 / AUROC : 0.32851239669421484
20 time - 21 epoch, Training loss : 0.46630024909973145 / NS : Val AP : 0.5984046459197998 / AUROC : 0.6287841796875
20 time - 22 epoch, Training loss : 0.49881839752197266 / NS : Val AP : 0.44582295417785645 / AUROC : 0.4328512396694215
20 time - 23 epoch, Training loss : 0.5555242300033569 / NS : Val AP : 0.514919102191925 / AUROC : 0.5635986328125
[20 time Val AP : 0.6717529296875 / AUROC : 0.6381339430809021 ]
[20 time Test AP : 0.5313683071930773 / AUROC : 0.5464630722999573 ]
21 time - 0 epoch, Training loss : 0.5034675598144531 / NS : Val AP : 0.4696238934993744 / AUROC : 0.47468399885090495
21 time - 1 epoch, Training loss : 0.47065430879592896 / NS : Val AP : 0.4435754120349884 / AUROC : 0.4232177734375
21 time - 2 epoch, Training loss : 0.5006393194198608 / NS : Val AP : 0.48636144399642944 / AUROC : 0.4955418381344307
21 time - 3 epoch, Training loss : 0.5072726011276245 / NS : Val AP : 0.4356582462787628 / AUROC : 0.412841796875
21 time - 4 epoch, Training loss : 0.5036960244178772 / NS : Val AP : 0.5467606782913208 / AUROC : 0.5279492455418381
21 time - 5 epoch, Training loss : 0.4698147177696228 / NS : Val AP : 0.502368688583374 / AUROC : 0.5208740234375
21 time - 6 epoch, Training loss : 0.49418193101882935 / NS : Val AP : 0.5574694871902466 / AUROC : 0.5291495198902607
21 time - 7 epoch, Training loss : 0.4917757511138916 / NS : Val AP : 0.4470074474811554 / AUROC : 0.4010009765625
21 time - 8 epoch, Training loss : 0.5364816784858704 / NS : Val AP : 0.5081520080566406 / AUROC : 0.5044581618655692
21 time - 9 epoch, Training loss : 0.4989398121833801 / NS : Val AP : 0.5613811612129211 / AUROC : 0.5897216796875
21 time - 10 epoch, Training loss : 0.49325835704803467 / NS : Val AP : 0.5344875454902649 / AUROC : 0.578875171467764
21 time - 11 epoch, Training loss : 0.466970831155777 / NS : Val AP : 0.49834203720092773 / AUROC : 0.4674072265625
21 time - 12 epoch, Training loss : 0.4757589101791382 / NS : Val AP : 0.6345146298408508 / AUROC : 0.6757544581618656
21 time - 13 epoch, Training loss : 0.5241076946258545 / NS : Val AP : 0.4805428981781006 / AUROC : 0.46923828125
21 time - 14 epoch, Training loss : 0.5239438414573669 / NS : Val AP : 0.5926087498664856 / AUROC : 0.6123113854595336
21 time - 15 epoch, Training loss : 0.48991554975509644 / NS : Val AP : 0.469710111618042 / AUROC : 0.4759521484375
21 time - 16 epoch, Training loss : 0.46749797463417053 / NS : Val AP : 0.5105822682380676 / AUROC : 0.4900548696844993
21 time - 17 epoch, Training loss : 0.48824483156204224 / NS : Val AP : 0.498101145029068 / AUROC : 0.50048828125
21 time - 18 epoch, Training loss : 0.5200649499893188 / NS : Val AP : 0.5458621382713318 / AUROC : 0.5346364883401921
21 time - 19 epoch, Training loss : 0.4899486303329468 / NS : Val AP : 0.5949509739875793 / AUROC : 0.61572265625
21 time - 20 epoch, Training loss : 0.4809298515319824 / NS : Val AP : 0.6435240507125854 / AUROC : 0.6968449931412894
21 time - 21 epoch, Training loss : 0.5155887007713318 / NS : Val AP : 0.4679110050201416 / AUROC : 0.422119140625
21 time - 22 epoch, Training loss : 0.5324183106422424 / NS : Val AP : 0.6568543314933777 / AUROC : 0.6832990397805212
21 time - 23 epoch, Training loss : 0.5136479139328003 / NS : Val AP : 0.5721389651298523 / AUROC : 0.56591796875
21 time - 24 epoch, Training loss : 0.4943847358226776 / NS : Val AP : 0.5021923780441284 / AUROC : 0.5264060356652949
21 time - 25 epoch, Training loss : 0.5000488758087158 / NS : Val AP : 0.4391777813434601 / AUROC : 0.3800048828125
21 time - 26 epoch, Training loss : 0.5371782779693604 / NS : Val AP : 0.5049133896827698 / AUROC : 0.5209190672153635
21 time - 27 epoch, Training loss : 0.4886120557785034 / NS : Val AP : 0.4149247705936432 / AUROC : 0.3525390625
21 time - 28 epoch, Training loss : 0.5108104944229126 / NS : Val AP : 0.6869155764579773 / AUROC : 0.6373456790123456
21 time - 29 epoch, Training loss : 0.491219162940979 / NS : Val AP : 0.44585296511650085 / AUROC : 0.4017333984375
21 time - 30 epoch, Training loss : 0.4850503206253052 / NS : Val AP : 0.5177327990531921 / AUROC : 0.5560699588477365
[21 time Val AP : 0.6968449931412894 / AUROC : 0.6435240507125854 ]
[21 time Test AP : 0.5907785119218615 / AUROC : 0.6308287978172302 ]
22 time - 0 epoch, Training loss : 0.4739302396774292 / NS : Val AP : 0.5628812313079834 / AUROC : 0.5925497256515775
22 time - 1 epoch, Training loss : 0.48657798767089844 / NS : Val AP : 0.6518451571464539 / AUROC : 0.7000732421875
22 time - 2 epoch, Training loss : 0.4727618098258972 / NS : Val AP : 0.5024561882019043 / AUROC : 0.5087809917355373
22 time - 3 epoch, Training loss : 0.4933822453022003 / NS : Val AP : 0.659664511680603 / AUROC : 0.6717529296875
22 time - 4 epoch, Training loss : 0.5040444135665894 / NS : Val AP : 0.48439016938209534 / AUROC : 0.42768595041322316
22 time - 5 epoch, Training loss : 0.5188578963279724 / NS : Val AP : 0.6363354325294495 / AUROC : 0.6337890625
22 time - 6 epoch, Training loss : 0.48924052715301514 / NS : Val AP : 0.4917770326137543 / AUROC : 0.49974173553719003
22 time - 7 epoch, Training loss : 0.4867185950279236 / NS : Val AP : 0.5531843900680542 / AUROC : 0.602294921875
22 time - 8 epoch, Training loss : 0.47800523042678833 / NS : Val AP : 0.5219531655311584 / AUROC : 0.547004132231405
22 time - 9 epoch, Training loss : 0.47973278164863586 / NS : Val AP : 0.5729913711547852 / AUROC : 0.6181640625
22 time - 10 epoch, Training loss : 0.46232226490974426 / NS : Val AP : 0.5786471962928772 / AUROC : 0.6164772727272727
22 time - 11 epoch, Training loss : 0.5003018379211426 / NS : Val AP : 0.6690996885299683 / AUROC : 0.66357421875
[22 time Val AP : 0.7000732421875 / AUROC : 0.6518451571464539 ]
[22 time Test AP : 0.7345679012345679 / AUROC : 0.7359076738357544 ]
23 time - 0 epoch, Training loss : 0.5094647407531738 / NS : Val AP : 0.5395649671554565 / AUROC : 0.5498928680746862
23 time - 1 epoch, Training loss : 0.5237228274345398 / NS : Val AP : 0.7413016557693481 / AUROC : 0.7501220703125
23 time - 2 epoch, Training loss : 0.504647433757782 / NS : Val AP : 0.5367190837860107 / AUROC : 0.5053061224489797
23 time - 3 epoch, Training loss : 0.4902075529098511 / NS : Val AP : 0.5817216038703918 / AUROC : 0.60302734375
23 time - 4 epoch, Training loss : 0.48323655128479004 / NS : Val AP : 0.5054453611373901 / AUROC : 0.45959183673469384
23 time - 5 epoch, Training loss : 0.4876917600631714 / NS : Val AP : 0.6141553521156311 / AUROC : 0.62158203125
23 time - 6 epoch, Training loss : 0.487409770488739 / NS : Val AP : 0.5849461555480957 / AUROC : 0.5881632653061224
23 time - 7 epoch, Training loss : 0.5134367942810059 / NS : Val AP : 0.7175072431564331 / AUROC : 0.7301025390625
23 time - 8 epoch, Training loss : 0.5060440301895142 / NS : Val AP : 0.46466007828712463 / AUROC : 0.3926530612244898
23 time - 9 epoch, Training loss : 0.48653072118759155 / NS : Val AP : 0.658571720123291 / AUROC : 0.7047119140625
23 time - 10 epoch, Training loss : 0.47109997272491455 / NS : Val AP : 0.500755250453949 / AUROC : 0.4751020408163265
23 time - 11 epoch, Training loss : 0.4750095009803772 / NS : Val AP : 0.5337819457054138 / AUROC : 0.531494140625
[23 time Val AP : 0.7501220703125 / AUROC : 0.7413016557693481 ]
[23 time Test AP : 0.516 / AUROC : 0.5132344961166382 ]
24 time - 0 epoch, Training loss : 0.516672670841217 / NS : Val AP : 0.5356197357177734 / AUROC : 0.5360680529300568
24 time - 1 epoch, Training loss : 0.4733765125274658 / NS : Val AP : 0.5174419283866882 / AUROC : 0.5189208984375
24 time - 2 epoch, Training loss : 0.47522446513175964 / NS : Val AP : 0.6145272254943848 / AUROC : 0.6332179930795847
24 time - 3 epoch, Training loss : 0.4802864193916321 / NS : Val AP : 0.5419365167617798 / AUROC : 0.5389404296875
24 time - 4 epoch, Training loss : 0.4951671361923218 / NS : Val AP : 0.6316355466842651 / AUROC : 0.6914648212226067
24 time - 5 epoch, Training loss : 0.5245950222015381 / NS : Val AP : 0.5757440328598022 / AUROC : 0.609619140625
24 time - 6 epoch, Training loss : 0.46602004766464233 / NS : Val AP : 0.632874608039856 / AUROC : 0.6247597078046905
24 time - 7 epoch, Training loss : 0.5034022927284241 / NS : Val AP : 0.5902431607246399 / AUROC : 0.5927734375
24 time - 8 epoch, Training loss : 0.4672510623931885 / NS : Val AP : 0.5096964836120605 / AUROC : 0.5092272202998847
24 time - 9 epoch, Training loss : 0.4748995900154114 / NS : Val AP : 0.5283599495887756 / AUROC : 0.549560546875
24 time - 10 epoch, Training loss : 0.4832940697669983 / NS : Val AP : 0.6815468668937683 / AUROC : 0.6849288735101884
24 time - 11 epoch, Training loss : 0.4954470098018646 / NS : Val AP : 0.5819981098175049 / AUROC : 0.614990234375
24 time - 12 epoch, Training loss : 0.4930192530155182 / NS : Val AP : 0.5901325345039368 / AUROC : 0.6111111111111112
24 time - 13 epoch, Training loss : 0.48659753799438477 / NS : Val AP : 0.5636717081069946 / AUROC : 0.5582275390625
24 time - 14 epoch, Training loss : 0.5115959048271179 / NS : Val AP : 0.6051743030548096 / AUROC : 0.6038062283737025
[24 time Val AP : 0.6914648212226067 / AUROC : 0.6316355466842651 ]
[24 time Test AP : 0.5615338882282996 / AUROC : 0.5463316440582275 ]
25 time - 0 epoch, Training loss : 0.5095912218093872 / NS : Val AP : 0.5654338002204895 / AUROC : 0.6138374291115313
25 time - 1 epoch, Training loss : 0.4645617604255676 / NS : Val AP : 0.5442314743995667 / AUROC : 0.591064453125
25 time - 2 epoch, Training loss : 0.4857051968574524 / NS : Val AP : 0.7178940773010254 / AUROC : 0.7249134948096886
25 time - 3 epoch, Training loss : 0.4967476427555084 / NS : Val AP : 0.625023603439331 / AUROC : 0.6768798828125
25 time - 4 epoch, Training loss : 0.469515860080719 / NS : Val AP : 0.806712806224823 / AUROC : 0.7802768166089965
25 time - 5 epoch, Training loss : 0.48683905601501465 / NS : Val AP : 0.6691591739654541 / AUROC : 0.6571044921875
25 time - 6 epoch, Training loss : 0.47045767307281494 / NS : Val AP : 0.7023340463638306 / AUROC : 0.6866589773164168
25 time - 7 epoch, Training loss : 0.5117741823196411 / NS : Val AP : 0.63508540391922 / AUROC : 0.6715087890625
25 time - 8 epoch, Training loss : 0.48759615421295166 / NS : Val AP : 0.6789194345474243 / AUROC : 0.707035755478662
25 time - 9 epoch, Training loss : 0.47175654768943787 / NS : Val AP : 0.5657546520233154 / AUROC : 0.5853271484375
25 time - 10 epoch, Training loss : 0.517825722694397 / NS : Val AP : 0.7154645919799805 / AUROC : 0.7587466359092656
25 time - 11 epoch, Training loss : 0.46346303820610046 / NS : Val AP : 0.581119179725647 / AUROC : 0.5819091796875
25 time - 12 epoch, Training loss : 0.4620438814163208 / NS : Val AP : 0.5371764898300171 / AUROC : 0.5759323337178008
25 time - 13 epoch, Training loss : 0.4795144498348236 / NS : Val AP : 0.7733505964279175 / AUROC : 0.81005859375
25 time - 14 epoch, Training loss : 0.5127919316291809 / NS : Val AP : 0.6643019318580627 / AUROC : 0.7153018069973087
25 time - 15 epoch, Training loss : 0.45116931200027466 / NS : Val AP : 0.6136783361434937 / AUROC : 0.667236328125
25 time - 16 epoch, Training loss : 0.4929843544960022 / NS : Val AP : 0.7320318818092346 / AUROC : 0.7268358323721645
25 time - 17 epoch, Training loss : 0.4631490409374237 / NS : Val AP : 0.5294110774993896 / AUROC : 0.55908203125
25 time - 18 epoch, Training loss : 0.48369503021240234 / NS : Val AP : 0.6589919924736023 / AUROC : 0.6701268742791233
25 time - 19 epoch, Training loss : 0.4631260931491852 / NS : Val AP : 0.5552449822425842 / AUROC : 0.6187744140625
25 time - 20 epoch, Training loss : 0.4678362309932709 / NS : Val AP : 0.5966429114341736 / AUROC : 0.6303344867358708
25 time - 21 epoch, Training loss : 0.4981459975242615 / NS : Val AP : 0.6141579747200012 / AUROC : 0.624267578125
25 time - 22 epoch, Training loss : 0.4765346646308899 / NS : Val AP : 0.4879460334777832 / AUROC : 0.5017301038062284
25 time - 23 epoch, Training loss : 0.4696829319000244 / NS : Val AP : 0.6061035990715027 / AUROC : 0.6265869140625
[25 time Val AP : 0.81005859375 / AUROC : 0.7733505964279175 ]
[25 time Test AP : 0.6339179548156956 / AUROC : 0.6187063455581665 ]
26 time - 0 epoch, Training loss : 0.501300573348999 / NS : Val AP : 0.6284394264221191 / AUROC : 0.6696295716187641
26 time - 1 epoch, Training loss : 0.47671857476234436 / NS : Val AP : 0.5859019756317139 / AUROC : 0.61865234375
26 time - 2 epoch, Training loss : 0.449374258518219 / NS : Val AP : 0.6200777292251587 / AUROC : 0.6434818825489379
26 time - 3 epoch, Training loss : 0.47688499093055725 / NS : Val AP : 0.5387521982192993 / AUROC : 0.58544921875
26 time - 4 epoch, Training loss : 0.4815542995929718 / NS : Val AP : 0.6093268394470215 / AUROC : 0.6753436068304872
26 time - 5 epoch, Training loss : 0.5256469249725342 / NS : Val AP : 0.5746234059333801 / AUROC : 0.6021728515625
26 time - 6 epoch, Training loss : 0.47728466987609863 / NS : Val AP : 0.6873737573623657 / AUROC : 0.7005414410662223
26 time - 7 epoch, Training loss : 0.5226414799690247 / NS : Val AP : 0.5408028364181519 / AUROC : 0.57763671875
26 time - 8 epoch, Training loss : 0.49864035844802856 / NS : Val AP : 0.7034494876861572 / AUROC : 0.7142857142857143
26 time - 9 epoch, Training loss : 0.47705698013305664 / NS : Val AP : 0.4946957230567932 / AUROC : 0.515625
26 time - 10 epoch, Training loss : 0.4600711464881897 / NS : Val AP : 0.6412054300308228 / AUROC : 0.6526447313619326
26 time - 11 epoch, Training loss : 0.48645544052124023 / NS : Val AP : 0.6606237888336182 / AUROC : 0.718994140625
26 time - 12 epoch, Training loss : 0.4904424250125885 / NS : Val AP : 0.6511422395706177 / AUROC : 0.6603498542274052
26 time - 13 epoch, Training loss : 0.4879148304462433 / NS : Val AP : 0.5157497525215149 / AUROC : 0.5367431640625
26 time - 14 epoch, Training loss : 0.4972935914993286 / NS : Val AP : 0.7416914105415344 / AUROC : 0.7255310287380258
26 time - 15 epoch, Training loss : 0.4836428761482239 / NS : Val AP : 0.509377658367157 / AUROC : 0.5635986328125
26 time - 16 epoch, Training loss : 0.4421115517616272 / NS : Val AP : 0.6004704236984253 / AUROC : 0.6732611411911703
26 time - 17 epoch, Training loss : 0.4997534155845642 / NS : Val AP : 0.5382958650588989 / AUROC : 0.5625
26 time - 18 epoch, Training loss : 0.49129849672317505 / NS : Val AP : 0.7146614789962769 / AUROC : 0.758225739275302
26 time - 19 epoch, Training loss : 0.47352346777915955 / NS : Val AP : 0.5571315288543701 / AUROC : 0.6234130859375
26 time - 20 epoch, Training loss : 0.4567086100578308 / NS : Val AP : 0.5582584738731384 / AUROC : 0.538942107455227
26 time - 21 epoch, Training loss : 0.5026019215583801 / NS : Val AP : 0.4376530647277832 / AUROC : 0.427734375
26 time - 22 epoch, Training loss : 0.48599153757095337 / NS : Val AP : 0.6552683115005493 / AUROC : 0.6720116618075801
26 time - 23 epoch, Training loss : 0.459568589925766 / NS : Val AP : 0.48098427057266235 / AUROC : 0.4827880859375
26 time - 24 epoch, Training loss : 0.47333452105522156 / NS : Val AP : 0.5942142605781555 / AUROC : 0.6493127863390254
26 time - 25 epoch, Training loss : 0.46368879079818726 / NS : Val AP : 0.6237082481384277 / AUROC : 0.6649169921875
26 time - 26 epoch, Training loss : 0.48313435912132263 / NS : Val AP : 0.6813950538635254 / AUROC : 0.7261557684298209
26 time - 27 epoch, Training loss : 0.4941384196281433 / NS : Val AP : 0.5538185238838196 / AUROC : 0.5836181640625
26 time - 28 epoch, Training loss : 0.5106597542762756 / NS : Val AP : 0.6126996278762817 / AUROC : 0.6203665139525197
[26 time Val AP : 0.758225739275302 / AUROC : 0.7146614789962769 ]
[26 time Test AP : 0.6566635887965527 / AUROC : 0.6255123615264893 ]
27 time - 0 epoch, Training loss : 0.480946809053421 / NS : Val AP : 0.5539881587028503 / AUROC : 0.5882082612456747
27 time - 1 epoch, Training loss : 0.4786767363548279 / NS : Val AP : 0.5461764335632324 / AUROC : 0.5579833984375
27 time - 2 epoch, Training loss : 0.47567445039749146 / NS : Val AP : 0.5659196376800537 / AUROC : 0.6190185546875
27 time - 3 epoch, Training loss : 0.4481479525566101 / NS : Val AP : 0.6784090995788574 / AUROC : 0.765625
27 time - 4 epoch, Training loss : 0.4660203158855438 / NS : Val AP : 0.5327478647232056 / AUROC : 0.585693359375
27 time - 5 epoch, Training loss : 0.4723984897136688 / NS : Val AP : 0.6584852933883667 / AUROC : 0.63134765625
27 time - 6 epoch, Training loss : 0.4677707254886627 / NS : Val AP : 0.49636751413345337 / AUROC : 0.5
27 time - 7 epoch, Training loss : 0.5001139640808105 / NS : Val AP : 0.5672217011451721 / AUROC : 0.61669921875
27 time - 8 epoch, Training loss : 0.5161054134368896 / NS : Val AP : 0.6831821203231812 / AUROC : 0.7176513671875
27 time - 9 epoch, Training loss : 0.484283983707428 / NS : Val AP : 0.5886145234107971 / AUROC : 0.6015625
27 time - 10 epoch, Training loss : 0.4843204617500305 / NS : Val AP : 0.655013918876648 / AUROC : 0.6829833984375
27 time - 11 epoch, Training loss : 0.47981542348861694 / NS : Val AP : 0.598791241645813 / AUROC : 0.5830078125
27 time - 12 epoch, Training loss : 0.47803381085395813 / NS : Val AP : 0.5137362480163574 / AUROC : 0.5234375
27 time - 13 epoch, Training loss : 0.48167937994003296 / NS : Val AP : 0.5483385324478149 / AUROC : 0.581787109375
[27 time Val AP : 0.765625 / AUROC : 0.6784090995788574 ]
[27 time Test AP : 0.6112673010380623 / AUROC : 0.6172516942024231 ]
28 time - 0 epoch, Training loss : 0.5018134117126465 / NS : Val AP : 0.6326138973236084 / AUROC : 0.6517695823148049
28 time - 1 epoch, Training loss : 0.45096760988235474 / NS : Val AP : 0.7532573342323303 / AUROC : 0.7703857421875
28 time - 2 epoch, Training loss : 0.48011651635169983 / NS : Val AP : 0.5812374353408813 / AUROC : 0.6170798898071626
28 time - 3 epoch, Training loss : 0.4691888093948364 / NS : Val AP : 0.7006973028182983 / AUROC : 0.7265625
28 time - 4 epoch, Training loss : 0.5153110027313232 / NS : Val AP : 0.6023138165473938 / AUROC : 0.6657483930211202
28 time - 5 epoch, Training loss : 0.4921085834503174 / NS : Val AP : 0.6279506683349609 / AUROC : 0.682861328125
28 time - 6 epoch, Training loss : 0.47284895181655884 / NS : Val AP : 0.6828425526618958 / AUROC : 0.7442607897153352
28 time - 7 epoch, Training loss : 0.4759582281112671 / NS : Val AP : 0.6458330750465393 / AUROC : 0.686279296875
28 time - 8 epoch, Training loss : 0.43640565872192383 / NS : Val AP : 0.7080331444740295 / AUROC : 0.7098255280073462
28 time - 9 epoch, Training loss : 0.4708302915096283 / NS : Val AP : 0.6461021304130554 / AUROC : 0.6912841796875
28 time - 10 epoch, Training loss : 0.4486948251724243 / NS : Val AP : 0.7172729969024658 / AUROC : 0.7571166207529844
28 time - 11 epoch, Training loss : 0.4255515933036804 / NS : Val AP : 0.5970532894134521 / AUROC : 0.6387939453125
[28 time Val AP : 0.7703857421875 / AUROC : 0.7532573342323303 ]
[28 time Test AP : 0.6151603498542274 / AUROC : 0.5829746127128601 ]
29 time - 0 epoch, Training loss : 0.5139656066894531 / NS : Val AP : 0.7594101428985596 / AUROC : 0.8455678670360112
29 time - 1 epoch, Training loss : 0.46928781270980835 / NS : Val AP : 0.8703487515449524 / AUROC : 0.8601108033240997
29 time - 2 epoch, Training loss : 0.4055417478084564 / NS : Val AP : 0.7960174083709717 / AUROC : 0.825831024930748
29 time - 3 epoch, Training loss : 0.4934537410736084 / NS : Val AP : 0.7609454989433289 / AUROC : 0.782202216066482
29 time - 4 epoch, Training loss : 0.4368917942047119 / NS : Val AP : 0.7050838470458984 / AUROC : 0.7884349030470914
29 time - 5 epoch, Training loss : 0.4930833876132965 / NS : Val AP : 0.5765893459320068 / AUROC : 0.5723684210526316
29 time - 6 epoch, Training loss : 0.5091272592544556 / NS : Val AP : 0.7191406488418579 / AUROC : 0.695983379501385
29 time - 7 epoch, Training loss : 0.3954124450683594 / NS : Val AP : 0.6144883632659912 / AUROC : 0.6613573407202216
29 time - 8 epoch, Training loss : 0.4113213121891022 / NS : Val AP : 0.711205005645752 / AUROC : 0.6925207756232686
29 time - 9 epoch, Training loss : 0.5140411257743835 / NS : Val AP : 0.7989093661308289 / AUROC : 0.8573407202216066
29 time - 10 epoch, Training loss : 0.4174603819847107 / NS : Val AP : 0.7580217719078064 / AUROC : 0.8092105263157895
29 time - 11 epoch, Training loss : 0.46819815039634705 / NS : Val AP : 0.6609010100364685 / AUROC : 0.6772853185595568
[29 time Val AP : 0.8601108033240997 / AUROC : 0.8703487515449524 ]
[29 time Test AP : 0.6149584487534626 / AUROC : 0.6020523309707642 ]
30 time - 0 epoch, Training loss : 0.4143451154232025 / NS : Val AP : 0.8499749302864075 / AUROC : 0.8589088954582101
30 time - 1 epoch, Training loss : 0.39449214935302734 / NS : Val AP : 0.8329285383224487 / AUROC : 0.8559527008868584
30 time - 2 epoch, Training loss : 0.41894763708114624 / NS : Val AP : 0.7832072973251343 / AUROC : 0.8286750873421123
30 time - 3 epoch, Training loss : 0.44867974519729614 / NS : Val AP : 0.7856654524803162 / AUROC : 0.7836603063692557
30 time - 4 epoch, Training loss : 0.5141015648841858 / NS : Val AP : 0.5624570250511169 / AUROC : 0.6066917495296963
30 time - 5 epoch, Training loss : 0.42042797803878784 / NS : Val AP : 0.8401414155960083 / AUROC : 0.8486965869389949
30 time - 6 epoch, Training loss : 0.36366894841194153 / NS : Val AP : 0.7978708744049072 / AUROC : 0.8367374361730717
30 time - 7 epoch, Training loss : 0.4043349623680115 / NS : Val AP : 0.8163151741027832 / AUROC : 0.8538027411986026
30 time - 8 epoch, Training loss : 0.46779316663742065 / NS : Val AP : 0.7883509993553162 / AUROC : 0.8151034668099973
30 time - 9 epoch, Training loss : 0.3839075565338135 / NS : Val AP : 0.8088757395744324 / AUROC : 0.8472184896533189
30 time - 10 epoch, Training loss : 0.428580105304718 / NS : Val AP : 0.8202738165855408 / AUROC : 0.8294813222252083
[30 time Val AP : 0.8589088954582101 / AUROC : 0.8499749302864075 ]
[30 time Test AP : 0.7247658688865765 / AUROC : 0.6608616709709167 ]
31 time - 0 epoch, Training loss : 0.5295312404632568 / NS : Val AP : 0.746377170085907 / AUROC : 0.8009002770083102
31 time - 1 epoch, Training loss : 0.4689728021621704 / NS : Val AP : 0.7997214198112488 / AUROC : 0.8071329639889196
31 time - 2 epoch, Training loss : 0.457910418510437 / NS : Val AP : 0.7841050028800964 / AUROC : 0.7981301939058172
31 time - 3 epoch, Training loss : 0.48048508167266846 / NS : Val AP : 0.6770308017730713 / AUROC : 0.6807479224376731
31 time - 4 epoch, Training loss : 0.4974695146083832 / NS : Val AP : 0.6670030951499939 / AUROC : 0.7344182825484764
31 time - 5 epoch, Training loss : 0.42167025804519653 / NS : Val AP : 0.7587265968322754 / AUROC : 0.8272160664819944
31 time - 6 epoch, Training loss : 0.527972936630249 / NS : Val AP : 0.7067846655845642 / AUROC : 0.7777008310249307
31 time - 7 epoch, Training loss : 0.40965211391448975 / NS : Val AP : 0.7312922477722168 / AUROC : 0.7835872576177285
31 time - 8 epoch, Training loss : 0.4188218116760254 / NS : Val AP : 0.7198707461357117 / AUROC : 0.7867036011080333
31 time - 9 epoch, Training loss : 0.4683494567871094 / NS : Val AP : 0.7053095102310181 / AUROC : 0.6952908587257618
31 time - 10 epoch, Training loss : 0.4249638617038727 / NS : Val AP : 0.7536942958831787 / AUROC : 0.8019390581717452
31 time - 11 epoch, Training loss : 0.42615145444869995 / NS : Val AP : 0.7361772656440735 / AUROC : 0.7624653739612188
31 time - 12 epoch, Training loss : 0.518281877040863 / NS : Val AP : 0.7118257880210876 / AUROC : 0.735803324099723
31 time - 13 epoch, Training loss : 0.44822949171066284 / NS : Val AP : 0.7628820538520813 / AUROC : 0.7697368421052632
31 time - 14 epoch, Training loss : 0.44625043869018555 / NS : Val AP : 0.8886601328849792 / AUROC : 0.900623268698061
31 time - 15 epoch, Training loss : 0.5097188949584961 / NS : Val AP : 0.8266932964324951 / AUROC : 0.8528393351800554
31 time - 16 epoch, Training loss : 0.4955083727836609 / NS : Val AP : 0.7780417203903198 / AUROC : 0.7984764542936288
31 time - 17 epoch, Training loss : 0.45016103982925415 / NS : Val AP : 0.710138201713562 / AUROC : 0.7600415512465374
31 time - 18 epoch, Training loss : 0.4914242625236511 / NS : Val AP : 0.7137154936790466 / AUROC : 0.7780470914127424
31 time - 19 epoch, Training loss : 0.38438326120376587 / NS : Val AP : 0.6078033447265625 / AUROC : 0.6523545706371191
31 time - 20 epoch, Training loss : 0.41044139862060547 / NS : Val AP : 0.8157720565795898 / AUROC : 0.7842797783933518
31 time - 21 epoch, Training loss : 0.4860188961029053 / NS : Val AP : 0.8266201615333557 / AUROC : 0.8583795013850415
31 time - 22 epoch, Training loss : 0.44141143560409546 / NS : Val AP : 0.6526439189910889 / AUROC : 0.7413434903047091
31 time - 23 epoch, Training loss : 0.453824520111084 / NS : Val AP : 0.6448547840118408 / AUROC : 0.6772853185595569
31 time - 24 epoch, Training loss : 0.492328405380249 / NS : Val AP : 0.7798585891723633 / AUROC : 0.8057479224376731
[31 time Val AP : 0.900623268698061 / AUROC : 0.8886601328849792 ]
[31 time Test AP : 0.7493074792243767 / AUROC : 0.7043110132217407 ]
32 time - 0 epoch, Training loss : 0.4486842155456543 / NS : Val AP : 0.6597367525100708 / AUROC : 0.7140176393319572
32 time - 1 epoch, Training loss : 0.5008575320243835 / NS : Val AP : 0.6117169857025146 / AUROC : 0.674560546875
32 time - 2 epoch, Training loss : 0.428068071603775 / NS : Val AP : 0.5805115103721619 / AUROC : 0.6296296296296297
32 time - 3 epoch, Training loss : 0.49811652302742004 / NS : Val AP : 0.658488392829895 / AUROC : 0.6783447265625
32 time - 4 epoch, Training loss : 0.4317498207092285 / NS : Val AP : 0.5763888955116272 / AUROC : 0.6419753086419753
32 time - 5 epoch, Training loss : 0.4412166476249695 / NS : Val AP : 0.7560691833496094 / AUROC : 0.7718505859375
32 time - 6 epoch, Training loss : 0.475108802318573 / NS : Val AP : 0.4757530093193054 / AUROC : 0.4506172839506173
32 time - 7 epoch, Training loss : 0.4598678648471832 / NS : Val AP : 0.7581939697265625 / AUROC : 0.7669677734375
32 time - 8 epoch, Training loss : 0.4676913619041443 / NS : Val AP : 0.5655134916305542 / AUROC : 0.5679012345679013
32 time - 9 epoch, Training loss : 0.4664773643016815 / NS : Val AP : 0.714178740978241 / AUROC : 0.734619140625
32 time - 10 epoch, Training loss : 0.3963801860809326 / NS : Val AP : 0.6073753833770752 / AUROC : 0.6666666666666667
32 time - 11 epoch, Training loss : 0.4013332724571228 / NS : Val AP : 0.6742241382598877 / AUROC : 0.71923828125
32 time - 12 epoch, Training loss : 0.43756598234176636 / NS : Val AP : 0.4535493850708008 / AUROC : 0.4135802469135802
32 time - 13 epoch, Training loss : 0.4902809262275696 / NS : Val AP : 0.6562198400497437 / AUROC : 0.7333984375
32 time - 14 epoch, Training loss : 0.4187470078468323 / NS : Val AP : 0.4839913249015808 / AUROC : 0.5061728395061729
32 time - 15 epoch, Training loss : 0.46820777654647827 / NS : Val AP : 0.7754065990447998 / AUROC : 0.8111572265625
32 time - 16 epoch, Training loss : 0.4536204934120178 / NS : Val AP : 0.6787477731704712 / AUROC : 0.7654320987654322
32 time - 17 epoch, Training loss : 0.4533604383468628 / NS : Val AP : 0.7166149616241455 / AUROC : 0.754638671875
32 time - 18 epoch, Training loss : 0.44012191891670227 / NS : Val AP : 0.46921879053115845 / AUROC : 0.4320987654320988
32 time - 19 epoch, Training loss : 0.4062293767929077 / NS : Val AP : 0.7511537671089172 / AUROC : 0.81005859375
32 time - 20 epoch, Training loss : 0.46766769886016846 / NS : Val AP : 0.4874080419540405 / AUROC : 0.4320987654320988
32 time - 21 epoch, Training loss : 0.44762104749679565 / NS : Val AP : 0.6388949155807495 / AUROC : 0.6578369140625
32 time - 22 epoch, Training loss : 0.41135135293006897 / NS : Val AP : 0.4760782718658447 / AUROC : 0.4444444444444444
32 time - 23 epoch, Training loss : 0.4884917438030243 / NS : Val AP : 0.737138032913208 / AUROC : 0.783935546875
32 time - 24 epoch, Training loss : 0.45553603768348694 / NS : Val AP : 0.5421735048294067 / AUROC : 0.5308641975308642
32 time - 25 epoch, Training loss : 0.4338953495025635 / NS : Val AP : 0.7117488980293274 / AUROC : 0.709716796875
[32 time Val AP : 0.8111572265625 / AUROC : 0.7754065990447998 ]
[32 time Test AP : 0.7282688093498905 / AUROC : 0.6380122900009155 ]
33 time - 0 epoch, Training loss : 0.4896557331085205 / NS : Val AP : 0.561725914478302 / AUROC : 0.6340666666666667
33 time - 1 epoch, Training loss : 0.40906646847724915 / NS : Val AP : 0.5730182528495789 / AUROC : 0.5791015625
33 time - 2 epoch, Training loss : 0.46959054470062256 / NS : Val AP : 0.6000195741653442 / AUROC : 0.64453125
33 time - 3 epoch, Training loss : 0.4053311347961426 / NS : Val AP : 0.6275488138198853 / AUROC : 0.6849173553719009
33 time - 4 epoch, Training loss : 0.4485549330711365 / NS : Val AP : 0.6149446368217468 / AUROC : 0.6514892578125
33 time - 5 epoch, Training loss : 0.47468313574790955 / NS : Val AP : 0.677674412727356 / AUROC : 0.7305908203125
33 time - 6 epoch, Training loss : 0.46761876344680786 / NS : Val AP : 0.5254403352737427 / AUROC : 0.5847107438016529
33 time - 7 epoch, Training loss : 0.4657289385795593 / NS : Val AP : 0.6906092166900635 / AUROC : 0.693359375
33 time - 8 epoch, Training loss : 0.3668712377548218 / NS : Val AP : 0.5485249757766724 / AUROC : 0.5750732421875
33 time - 9 epoch, Training loss : 0.49142590165138245 / NS : Val AP : 0.4823121726512909 / AUROC : 0.5103305785123967
33 time - 10 epoch, Training loss : 0.47814643383026123 / NS : Val AP : 0.5878363251686096 / AUROC : 0.5855712890625
33 time - 11 epoch, Training loss : 0.44731345772743225 / NS : Val AP : 0.6517577171325684 / AUROC : 0.7266845703125
33 time - 12 epoch, Training loss : 0.3926476836204529 / NS : Val AP : 0.5442091226577759 / AUROC : 0.5733471074380165
33 time - 13 epoch, Training loss : 0.41027504205703735 / NS : Val AP : 0.7525264620780945 / AUROC : 0.7607421875
33 time - 14 epoch, Training loss : 0.42780500650405884 / NS : Val AP : 0.5201051831245422 / AUROC : 0.545654296875
33 time - 15 epoch, Training loss : 0.4187355041503906 / NS : Val AP : 0.6605033874511719 / AUROC : 0.7035123966942148
33 time - 16 epoch, Training loss : 0.4432426691055298 / NS : Val AP : 0.6595712900161743 / AUROC : 0.677978515625
33 time - 17 epoch, Training loss : 0.4532298743724823 / NS : Val AP : 0.5861197113990784 / AUROC : 0.59814453125
33 time - 18 epoch, Training loss : 0.5182045698165894 / NS : Val AP : 0.6511902213096619 / AUROC : 0.734504132231405
33 time - 19 epoch, Training loss : 0.4762716293334961 / NS : Val AP : 0.6046202182769775 / AUROC : 0.6685791015625
33 time - 20 epoch, Training loss : 0.425216943025589 / NS : Val AP : 0.6104717254638672 / AUROC : 0.6553955078125
33 time - 21 epoch, Training loss : 0.4795796573162079 / NS : Val AP : 0.6385919451713562 / AUROC : 0.7179752066115702
33 time - 22 epoch, Training loss : 0.3865492045879364 / NS : Val AP : 0.6937029361724854 / AUROC : 0.76025390625
33 time - 23 epoch, Training loss : 0.41035792231559753 / NS : Val AP : 0.5270008444786072 / AUROC : 0.5618896484375
[33 time Val AP : 0.7607421875 / AUROC : 0.7525264620780945 ]
[33 time Test AP : 0.6790222222222222 / AUROC : 0.6890262365341187 ]
34 time - 0 epoch, Training loss : 0.45838433504104614 / NS : Val AP : 0.6865358948707581 / AUROC : 0.666614156689771
34 time - 1 epoch, Training loss : 0.4357845187187195 / NS : Val AP : 0.7527381777763367 / AUROC : 0.7554931640625
34 time - 2 epoch, Training loss : 0.42830631136894226 / NS : Val AP : 0.7266871929168701 / AUROC : 0.712158203125
34 time - 3 epoch, Training loss : 0.4482519030570984 / NS : Val AP : 0.5199072360992432 / AUROC : 0.54
34 time - 4 epoch, Training loss : 0.43072453141212463 / NS : Val AP : 0.7124866247177124 / AUROC : 0.7733154296875
34 time - 5 epoch, Training loss : 0.43020936846733093 / NS : Val AP : 0.6841034889221191 / AUROC : 0.6827392578125
34 time - 6 epoch, Training loss : 0.42970287799835205 / NS : Val AP : 0.730555534362793 / AUROC : 0.785
34 time - 7 epoch, Training loss : 0.4732167422771454 / NS : Val AP : 0.7436954379081726 / AUROC : 0.7728271484375
34 time - 8 epoch, Training loss : 0.4351850152015686 / NS : Val AP : 0.6108102798461914 / AUROC : 0.6282958984375
34 time - 9 epoch, Training loss : 0.4307404160499573 / NS : Val AP : 0.5949599146842957 / AUROC : 0.64
34 time - 10 epoch, Training loss : 0.4211490750312805 / NS : Val AP : 0.7689939737319946 / AUROC : 0.8172607421875
34 time - 11 epoch, Training loss : 0.433684378862381 / NS : Val AP : 0.7307175993919373 / AUROC : 0.6981201171875
34 time - 12 epoch, Training loss : 0.3926772475242615 / NS : Val AP : 0.49205464124679565 / AUROC : 0.49000000000000005
34 time - 13 epoch, Training loss : 0.4038001596927643 / NS : Val AP : 0.8151547312736511 / AUROC : 0.8455810546875
34 time - 14 epoch, Training loss : 0.4033234417438507 / NS : Val AP : 0.7454338073730469 / AUROC : 0.76171875
34 time - 15 epoch, Training loss : 0.43301376700401306 / NS : Val AP : 0.5142402052879333 / AUROC : 0.515
34 time - 16 epoch, Training loss : 0.454730749130249 / NS : Val AP : 0.6948351263999939 / AUROC : 0.72802734375
34 time - 17 epoch, Training loss : 0.41873377561569214 / NS : Val AP : 0.7278761267662048 / AUROC : 0.7396240234375
34 time - 18 epoch, Training loss : 0.40350794792175293 / NS : Val AP : 0.5537347793579102 / AUROC : 0.5549999999999999
34 time - 19 epoch, Training loss : 0.43251046538352966 / NS : Val AP : 0.8812397718429565 / AUROC : 0.869140625
34 time - 20 epoch, Training loss : 0.4078907370567322 / NS : Val AP : 0.679863691329956 / AUROC : 0.7318115234375
34 time - 21 epoch, Training loss : 0.39219290018081665 / NS : Val AP : 0.48327919840812683 / AUROC : 0.47000000000000003
34 time - 22 epoch, Training loss : 0.4398998022079468 / NS : Val AP : 0.7570657134056091 / AUROC : 0.7803955078125
34 time - 23 epoch, Training loss : 0.47147777676582336 / NS : Val AP : 0.6815823316574097 / AUROC : 0.69384765625
34 time - 24 epoch, Training loss : 0.4238339066505432 / NS : Val AP : 0.5886953473091125 / AUROC : 0.645
34 time - 25 epoch, Training loss : 0.47841447591781616 / NS : Val AP : 0.8234697580337524 / AUROC : 0.826416015625
34 time - 26 epoch, Training loss : 0.42312827706336975 / NS : Val AP : 0.6902040839195251 / AUROC : 0.6617431640625
34 time - 27 epoch, Training loss : 0.474322110414505 / NS : Val AP : 0.47727274894714355 / AUROC : 0.45999999999999996
34 time - 28 epoch, Training loss : 0.4085731506347656 / NS : Val AP : 0.7249261736869812 / AUROC : 0.7735595703125
34 time - 29 epoch, Training loss : 0.42560458183288574 / NS : Val AP : 0.7482744455337524 / AUROC : 0.722412109375
[34 time Val AP : 0.869140625 / AUROC : 0.8812397718429565 ]
[34 time Test AP : 0.7685360218441504 / AUROC : 0.724631667137146 ]
35 time - 0 epoch, Training loss : 0.5155142545700073 / NS : Val AP : 0.5578292608261108 / AUROC : 0.5706371191135734
35 time - 1 epoch, Training loss : 0.5537679195404053 / NS : Val AP : 0.7806257009506226 / AUROC : 0.7413434903047091
35 time - 2 epoch, Training loss : 0.4878963232040405 / NS : Val AP : 0.6276867389678955 / AUROC : 0.6565096952908588
35 time - 3 epoch, Training loss : 0.5037589073181152 / NS : Val AP : 0.5540860891342163 / AUROC : 0.5806786703601108
35 time - 4 epoch, Training loss : 0.4834774136543274 / NS : Val AP : 0.5466116666793823 / AUROC : 0.5657894736842105
35 time - 5 epoch, Training loss : 0.45964428782463074 / NS : Val AP : 0.5293892025947571 / AUROC : 0.5294321329639888
35 time - 6 epoch, Training loss : 0.5187047719955444 / NS : Val AP : 0.5459532737731934 / AUROC : 0.5519390581717452
35 time - 7 epoch, Training loss : 0.4916650950908661 / NS : Val AP : 0.5188955068588257 / AUROC : 0.5564404432132964
35 time - 8 epoch, Training loss : 0.5497708320617676 / NS : Val AP : 0.5988258123397827 / AUROC : 0.6094182825484765
35 time - 9 epoch, Training loss : 0.5098009705543518 / NS : Val AP : 0.5538354516029358 / AUROC : 0.5910664819944598
35 time - 10 epoch, Training loss : 0.5204225182533264 / NS : Val AP : 0.5580154061317444 / AUROC : 0.5273545706371192
35 time - 11 epoch, Training loss : 0.4542214572429657 / NS : Val AP : 0.5112286806106567 / AUROC : 0.4934210526315789
[35 time Val AP : 0.7413434903047091 / AUROC : 0.7806257009506226 ]
[35 time Test AP : 0.5443213296398892 / AUROC : 0.6210399270057678 ]
36 time - 0 epoch, Training loss : 0.5172025561332703 / NS : Val AP : 0.6781255006790161 / AUROC : 0.6258848876577409
36 time - 1 epoch, Training loss : 0.47701382637023926 / NS : Val AP : 0.75693678855896 / AUROC : 0.6823638042474607
36 time - 2 epoch, Training loss : 0.4660526514053345 / NS : Val AP : 0.8122227191925049 / AUROC : 0.7631578947368421
36 time - 3 epoch, Training loss : 0.4064144492149353 / NS : Val AP : 0.6770368218421936 / AUROC : 0.6437365343182517
36 time - 4 epoch, Training loss : 0.516652524471283 / NS : Val AP : 0.7602697610855103 / AUROC : 0.8205601723607263
36 time - 5 epoch, Training loss : 0.43315842747688293 / NS : Val AP : 0.7368758916854858 / AUROC : 0.732071406586642
36 time - 6 epoch, Training loss : 0.4465565085411072 / NS : Val AP : 0.690874457359314 / AUROC : 0.6502000615574023
36 time - 7 epoch, Training loss : 0.4544634222984314 / NS : Val AP : 0.8196072578430176 / AUROC : 0.7863958140966452
36 time - 8 epoch, Training loss : 0.49991506338119507 / NS : Val AP : 0.7785390615463257 / AUROC : 0.7750076946752847
36 time - 9 epoch, Training loss : 0.4339696168899536 / NS : Val AP : 0.750176727771759 / AUROC : 0.7353031702062173
36 time - 10 epoch, Training loss : 0.43867433071136475 / NS : Val AP : 0.7365350127220154 / AUROC : 0.755463219452139
36 time - 11 epoch, Training loss : 0.4188583791255951 / NS : Val AP : 0.6353341341018677 / AUROC : 0.5837180670975685
36 time - 12 epoch, Training loss : 0.5102517008781433 / NS : Val AP : 0.7865026593208313 / AUROC : 0.7914742997845491
36 time - 13 epoch, Training loss : 0.42395320534706116 / NS : Val AP : 0.7109805345535278 / AUROC : 0.6385041551246537
36 time - 14 epoch, Training loss : 0.4362761974334717 / NS : Val AP : 0.7740095257759094 / AUROC : 0.7202216066481995
[36 time Val AP : 0.8205601723607263 / AUROC : 0.7602697610855103 ]
[36 time Test AP : 0.8674197384066588 / AUROC : 0.8439400792121887 ]
37 time - 0 epoch, Training loss : 0.41845035552978516 / NS : Val AP : 0.8210175633430481 / AUROC : 0.7530864197530863
37 time - 1 epoch, Training loss : 0.4348866045475006 / NS : Val AP : 0.754230797290802 / AUROC : 0.7393689986282579
37 time - 2 epoch, Training loss : 0.45248568058013916 / NS : Val AP : 0.8613181114196777 / AUROC : 0.8628257887517146
37 time - 3 epoch, Training loss : 0.4498666822910309 / NS : Val AP : 0.832770824432373 / AUROC : 0.7860082304526749
37 time - 4 epoch, Training loss : 0.41949462890625 / NS : Val AP : 0.7730705738067627 / AUROC : 0.7421124828532236
37 time - 5 epoch, Training loss : 0.41499224305152893 / NS : Val AP : 0.8395028114318848 / AUROC : 0.7887517146776406
37 time - 6 epoch, Training loss : 0.4801909327507019 / NS : Val AP : 0.8573955297470093 / AUROC : 0.823045267489712
37 time - 7 epoch, Training loss : 0.44091904163360596 / NS : Val AP : 0.6870609521865845 / AUROC : 0.6803840877914952
37 time - 8 epoch, Training loss : 0.4374725818634033 / NS : Val AP : 0.8361406326293945 / AUROC : 0.8106995884773662
37 time - 9 epoch, Training loss : 0.42999351024627686 / NS : Val AP : 0.7719484567642212 / AUROC : 0.7297668038408779
37 time - 10 epoch, Training loss : 0.42975303530693054 / NS : Val AP : 0.7312200665473938 / AUROC : 0.6748971193415638
37 time - 11 epoch, Training loss : 0.42505311965942383 / NS : Val AP : 0.7942613363265991 / AUROC : 0.753772290809328
37 time - 12 epoch, Training loss : 0.4376589059829712 / NS : Val AP : 0.8572090268135071 / AUROC : 0.8340192043895748
[37 time Val AP : 0.8628257887517146 / AUROC : 0.8613181114196777 ]
[37 time Test AP : 0.9285714285714286 / AUROC : 0.9373857378959656 ]
0.6331	0.6502
NS : avg AP : 0.650221049785614 / avg AUROC : 0.6331025887943993
============================================ Test End =================================================