args: Namespace(aggregator='Maxmin', alpha_e=0, alpha_edge=0.5, alpha_v=0, batch_size=64, dataset_name='tags-math-sx', dim_edge=128, dim_hidden=128, dim_time=128, dim_vertex=128, early_stop=10, edge_aware='true', edge_concat_mode='mlp', epochs=50, exp_num=1, folder_name='logs/hgnn/tags-math-sx_train_live_update_hgnn', freq_size=2628000, gpu=1, lr=0.0001, model='hgnn', neg_mode='sns', neg_size=100, node_aware='true', num_layers=2, seed=1111, ssl_loss='false', test_mode='train_live_update', time_concat_mode='mlp', time_layers=3, time_split_type='sec', training='wgan')
============================================ Experiments 111 ==================================================0 time - 0 epoch, Training loss : 0.5139913558959961 / NS : Val AP : 0.683118999004364 / AUROC : 0.638671875
0 time - 1 epoch, Training loss : 0.5136923789978027 / NS : Val AP : 0.6001123785972595 / AUROC : 0.54150390625
0 time - 2 epoch, Training loss : 0.5148471593856812 / NS : Val AP : 0.600859522819519 / AUROC : 0.62939453125
0 time - 3 epoch, Training loss : 0.5096105337142944 / NS : Val AP : 0.7412031292915344 / AUROC : 0.7744140625
0 time - 4 epoch, Training loss : 0.5114794373512268 / NS : Val AP : 0.7119714021682739 / AUROC : 0.68310546875
0 time - 5 epoch, Training loss : 0.5094830989837646 / NS : Val AP : 0.6608660817146301 / AUROC : 0.6640625
0 time - 6 epoch, Training loss : 0.5043570399284363 / NS : Val AP : 0.6509107351303101 / AUROC : 0.681640625
0 time - 7 epoch, Training loss : 0.5126252174377441 / NS : Val AP : 0.724413275718689 / AUROC : 0.74365234375
0 time - 8 epoch, Training loss : 0.5120667219161987 / NS : Val AP : 0.6489918231964111 / AUROC : 0.6630859375
0 time - 9 epoch, Training loss : 0.511975109577179 / NS : Val AP : 0.649076521396637 / AUROC : 0.69482421875
0 time - 10 epoch, Training loss : 0.5129721164703369 / NS : Val AP : 0.6183874607086182 / AUROC : 0.6396484375
0 time - 11 epoch, Training loss : 0.5095824003219604 / NS : Val AP : 0.5325525999069214 / AUROC : 0.5947265625
0 time - 12 epoch, Training loss : 0.5070239901542664 / NS : Val AP : 0.59930419921875 / AUROC : 0.611328125
0 time - 13 epoch, Training loss : 0.5105546712875366 / NS : Val AP : 0.5091772079467773 / AUROC : 0.54345703125
[0 time Val AP : 0.7744140625 / AUROC : 0.7412031292915344 ]
[0 time Test AP : 0.77734375 / AUROC : 0.7843368649482727 ]
1 time - 0 epoch, Training loss : 0.5137022137641907 / NS : Val AP : 0.6941838264465332 / AUROC : 0.712465950969396
1 time - 1 epoch, Training loss : 0.5069034099578857 / NS : Val AP : 0.6885422468185425 / AUROC : 0.7164306640625
1 time - 2 epoch, Training loss : 0.5085976123809814 / NS : Val AP : 0.8046825528144836 / AUROC : 0.8133333333333335
1 time - 3 epoch, Training loss : 0.5113493800163269 / NS : Val AP : 0.7113593220710754 / AUROC : 0.7247314453125
1 time - 4 epoch, Training loss : 0.5045930743217468 / NS : Val AP : 0.8550505042076111 / AUROC : 0.8400000000000001
1 time - 5 epoch, Training loss : 0.5021239519119263 / NS : Val AP : 0.7358850836753845 / AUROC : 0.763427734375
1 time - 6 epoch, Training loss : 0.5073331594467163 / NS : Val AP : 0.7674242258071899 / AUROC : 0.7577777777777778
1 time - 7 epoch, Training loss : 0.5021618604660034 / NS : Val AP : 0.7300881147384644 / AUROC : 0.7174072265625
1 time - 8 epoch, Training loss : 0.49556249380111694 / NS : Val AP : 0.6474074125289917 / AUROC : 0.7000000000000002
1 time - 9 epoch, Training loss : 0.5038383603096008 / NS : Val AP : 0.7658015489578247 / AUROC : 0.7490234375
1 time - 10 epoch, Training loss : 0.49606016278266907 / NS : Val AP : 0.6420828104019165 / AUROC : 0.6600000000000001
1 time - 11 epoch, Training loss : 0.5083017945289612 / NS : Val AP : 0.8153198957443237 / AUROC : 0.811279296875
1 time - 12 epoch, Training loss : 0.5023552775382996 / NS : Val AP : 0.8044443726539612 / AUROC : 0.7533333333333334
1 time - 13 epoch, Training loss : 0.4998536705970764 / NS : Val AP : 0.7396460771560669 / AUROC : 0.7293701171875
1 time - 14 epoch, Training loss : 0.5076175332069397 / NS : Val AP : 0.8738094568252563 / AUROC : 0.8711111111111112
1 time - 15 epoch, Training loss : 0.5031598806381226 / NS : Val AP : 0.746774435043335 / AUROC : 0.7882080078125
1 time - 16 epoch, Training loss : 0.5100803375244141 / NS : Val AP : 0.8333333134651184 / AUROC : 0.8333333333333333
1 time - 17 epoch, Training loss : 0.4997028410434723 / NS : Val AP : 0.7047399282455444 / AUROC : 0.724609375
1 time - 18 epoch, Training loss : 0.4926791489124298 / NS : Val AP : 0.6410970687866211 / AUROC : 0.6177777777777779
1 time - 19 epoch, Training loss : 0.5099815726280212 / NS : Val AP : 0.6568050384521484 / AUROC : 0.6441650390625
1 time - 20 epoch, Training loss : 0.49610432982444763 / NS : Val AP : 0.6360750198364258 / AUROC : 0.6222222222222222
1 time - 21 epoch, Training loss : 0.5198510885238647 / NS : Val AP : 0.6904219388961792 / AUROC : 0.7113037109375
1 time - 22 epoch, Training loss : 0.5025492906570435 / NS : Val AP : 0.6548485159873962 / AUROC : 0.5955555555555555
1 time - 23 epoch, Training loss : 0.5120851993560791 / NS : Val AP : 0.6992473006248474 / AUROC : 0.7537841796875
1 time - 24 epoch, Training loss : 0.5081180930137634 / NS : Val AP : 0.7167893648147583 / AUROC : 0.7333333333333334
[1 time Val AP : 0.8711111111111112 / AUROC : 0.8738094568252563 ]
[1 time Test AP : 0.7396875 / AUROC : 0.7309279441833496 ]
2 time - 0 epoch, Training loss : 0.4996224045753479 / NS : Val AP : 0.6840646266937256 / AUROC : 0.7118671926364234
2 time - 1 epoch, Training loss : 0.5055564045906067 / NS : Val AP : 0.7080159187316895 / AUROC : 0.7301025390625
2 time - 2 epoch, Training loss : 0.5121808648109436 / NS : Val AP : 0.6148841977119446 / AUROC : 0.6862244897959183
2 time - 3 epoch, Training loss : 0.49696606397628784 / NS : Val AP : 0.7402588129043579 / AUROC : 0.769287109375
2 time - 4 epoch, Training loss : 0.5229579210281372 / NS : Val AP : 0.559361457824707 / AUROC : 0.5739795918367346
2 time - 5 epoch, Training loss : 0.5009097456932068 / NS : Val AP : 0.7676668167114258 / AUROC : 0.78271484375
2 time - 6 epoch, Training loss : 0.5046722888946533 / NS : Val AP : 0.5091991424560547 / AUROC : 0.5331632653061225
2 time - 7 epoch, Training loss : 0.5091272592544556 / NS : Val AP : 0.7565301656723022 / AUROC : 0.7364501953125
2 time - 8 epoch, Training loss : 0.5039127469062805 / NS : Val AP : 0.6571428179740906 / AUROC : 0.6403061224489797
2 time - 9 epoch, Training loss : 0.5067929625511169 / NS : Val AP : 0.7444028258323669 / AUROC : 0.7862548828125
2 time - 10 epoch, Training loss : 0.49773097038269043 / NS : Val AP : 0.7209106087684631 / AUROC : 0.6938775510204082
2 time - 11 epoch, Training loss : 0.48854976892471313 / NS : Val AP : 0.6986899375915527 / AUROC : 0.68994140625
2 time - 12 epoch, Training loss : 0.4998219609260559 / NS : Val AP : 0.8163779973983765 / AUROC : 0.8061224489795921
2 time - 13 epoch, Training loss : 0.5158621072769165 / NS : Val AP : 0.6341949105262756 / AUROC : 0.656494140625
2 time - 14 epoch, Training loss : 0.5081374645233154 / NS : Val AP : 0.7240002751350403 / AUROC : 0.7193877551020408
2 time - 15 epoch, Training loss : 0.5041952133178711 / NS : Val AP : 0.7575011253356934 / AUROC : 0.7725830078125
2 time - 16 epoch, Training loss : 0.5012446641921997 / NS : Val AP : 0.6183221936225891 / AUROC : 0.6632653061224489
2 time - 17 epoch, Training loss : 0.4948832392692566 / NS : Val AP : 0.7340908050537109 / AUROC : 0.7525634765625
2 time - 18 epoch, Training loss : 0.508323073387146 / NS : Val AP : 0.7750232219696045 / AUROC : 0.7678571428571428
2 time - 19 epoch, Training loss : 0.5249399542808533 / NS : Val AP : 0.7060101628303528 / AUROC : 0.73046875
2 time - 20 epoch, Training loss : 0.5122816562652588 / NS : Val AP : 0.6279762387275696 / AUROC : 0.5841836734693877
2 time - 21 epoch, Training loss : 0.4993537962436676 / NS : Val AP : 0.6860214471817017 / AUROC : 0.7216796875
2 time - 22 epoch, Training loss : 0.48870447278022766 / NS : Val AP : 0.6880102157592773 / AUROC : 0.7142857142857143
[2 time Val AP : 0.8061224489795921 / AUROC : 0.8163779973983765 ]
[2 time Test AP : 0.6748849441157134 / AUROC : 0.6269562840461731 ]
3 time - 0 epoch, Training loss : 0.5069727897644043 / NS : Val AP : 0.7805200815200806 / AUROC : 0.842449464922711
3 time - 1 epoch, Training loss : 0.5105653405189514 / NS : Val AP : 0.8202519416809082 / AUROC : 0.8255615234375
3 time - 2 epoch, Training loss : 0.5164528489112854 / NS : Val AP : 0.6833212971687317 / AUROC : 0.6455576559546313
3 time - 3 epoch, Training loss : 0.5004702210426331 / NS : Val AP : 0.7800412774085999 / AUROC : 0.83056640625
3 time - 4 epoch, Training loss : 0.5097648501396179 / NS : Val AP : 0.7221850752830505 / AUROC : 0.7627599243856332
3 time - 5 epoch, Training loss : 0.49278759956359863 / NS : Val AP : 0.7953304052352905 / AUROC : 0.786865234375
3 time - 6 epoch, Training loss : 0.4942525029182434 / NS : Val AP : 0.7453023791313171 / AUROC : 0.7400756143667298
3 time - 7 epoch, Training loss : 0.5012701153755188 / NS : Val AP : 0.7932689189910889 / AUROC : 0.7940673828125
3 time - 8 epoch, Training loss : 0.5057186484336853 / NS : Val AP : 0.6408948302268982 / AUROC : 0.6304347826086958
3 time - 9 epoch, Training loss : 0.49664199352264404 / NS : Val AP : 0.7648479342460632 / AUROC : 0.7962646484375
3 time - 10 epoch, Training loss : 0.4792287349700928 / NS : Val AP : 0.7343068718910217 / AUROC : 0.7448015122873346
[3 time Val AP : 0.842449464922711 / AUROC : 0.7805200815200806 ]
[3 time Test AP : 0.7277892561983471 / AUROC : 0.7591243982315063 ]
4 time - 0 epoch, Training loss : 0.48525628447532654 / NS : Val AP : 0.734460175037384 / AUROC : 0.7283396345305608
4 time - 1 epoch, Training loss : 0.4984748959541321 / NS : Val AP : 0.7683312296867371 / AUROC : 0.7672119140625
4 time - 2 epoch, Training loss : 0.5081766843795776 / NS : Val AP : 0.7877888083457947 / AUROC : 0.7691650390625
4 time - 3 epoch, Training loss : 0.4927874207496643 / NS : Val AP : 0.800000011920929 / AUROC : 0.78
4 time - 4 epoch, Training loss : 0.49897289276123047 / NS : Val AP : 0.7478147745132446 / AUROC : 0.744384765625
4 time - 5 epoch, Training loss : 0.5046613216400146 / NS : Val AP : 0.6675467491149902 / AUROC : 0.693603515625
4 time - 6 epoch, Training loss : 0.48517918586730957 / NS : Val AP : 0.8500000238418579 / AUROC : 0.85
4 time - 7 epoch, Training loss : 0.4890616536140442 / NS : Val AP : 0.7939208745956421 / AUROC : 0.8145751953125
4 time - 8 epoch, Training loss : 0.48755061626434326 / NS : Val AP : 0.7771337032318115 / AUROC : 0.812744140625
4 time - 9 epoch, Training loss : 0.4852491021156311 / NS : Val AP : 0.8374999761581421 / AUROC : 0.825
4 time - 10 epoch, Training loss : 0.494291216135025 / NS : Val AP : 0.7628624439239502 / AUROC : 0.7584228515625
4 time - 11 epoch, Training loss : 0.489045649766922 / NS : Val AP : 0.6960107088088989 / AUROC : 0.743408203125
4 time - 12 epoch, Training loss : 0.49721455574035645 / NS : Val AP : 0.7490476369857788 / AUROC : 0.7500000000000001
4 time - 13 epoch, Training loss : 0.48404014110565186 / NS : Val AP : 0.76711505651474 / AUROC : 0.7955322265625
4 time - 14 epoch, Training loss : 0.5093610286712646 / NS : Val AP : 0.7734032273292542 / AUROC : 0.75244140625
4 time - 15 epoch, Training loss : 0.4728020429611206 / NS : Val AP : 0.7523809671401978 / AUROC : 0.7600000000000001
4 time - 16 epoch, Training loss : 0.49342256784439087 / NS : Val AP : 0.7664532661437988 / AUROC : 0.7802734375
[4 time Val AP : 0.85 / AUROC : 0.8500000238418579 ]
[4 time Test AP : 0.6867254778407897 / AUROC : 0.6678622364997864 ]
5 time - 0 epoch, Training loss : 0.4860079288482666 / NS : Val AP : 0.7167650461196899 / AUROC : 0.7229916897506925
5 time - 1 epoch, Training loss : 0.5104409456253052 / NS : Val AP : 0.7423379421234131 / AUROC : 0.7237548828125
5 time - 2 epoch, Training loss : 0.5072678327560425 / NS : Val AP : 0.7703495025634766 / AUROC : 0.7835693359375
5 time - 3 epoch, Training loss : 0.49448341131210327 / NS : Val AP : 0.6000000238418579 / AUROC : 0.6
5 time - 4 epoch, Training loss : 0.49249833822250366 / NS : Val AP : 0.7461754083633423 / AUROC : 0.716552734375
5 time - 5 epoch, Training loss : 0.49842047691345215 / NS : Val AP : 0.7981475591659546 / AUROC : 0.7862548828125
5 time - 6 epoch, Training loss : 0.5079336762428284 / NS : Val AP : 0.6166666746139526 / AUROC : 0.6400000000000001
5 time - 7 epoch, Training loss : 0.49439331889152527 / NS : Val AP : 0.6947997212409973 / AUROC : 0.6856689453125
5 time - 8 epoch, Training loss : 0.4936937093734741 / NS : Val AP : 0.7328752875328064 / AUROC : 0.768798828125
5 time - 9 epoch, Training loss : 0.5170975923538208 / NS : Val AP : 0.5 / AUROC : 0.3
5 time - 10 epoch, Training loss : 0.4850340485572815 / NS : Val AP : 0.720281720161438 / AUROC : 0.7222900390625
5 time - 11 epoch, Training loss : 0.49662625789642334 / NS : Val AP : 0.6841620206832886 / AUROC : 0.7119140625
5 time - 12 epoch, Training loss : 0.4929448962211609 / NS : Val AP : 0.5833333730697632 / AUROC : 0.6400000000000001
5 time - 13 epoch, Training loss : 0.5191351175308228 / NS : Val AP : 0.7037492990493774 / AUROC : 0.7294921875
5 time - 14 epoch, Training loss : 0.5121201276779175 / NS : Val AP : 0.6095324754714966 / AUROC : 0.6612548828125
5 time - 15 epoch, Training loss : 0.49293068051338196 / NS : Val AP : 0.5 / AUROC : 0.5
[5 time Val AP : 0.7862548828125 / AUROC : 0.7981475591659546 ]
[5 time Test AP : 0.6948095344174648 / AUROC : 0.67365562915802 ]
6 time - 0 epoch, Training loss : 0.5070211291313171 / NS : Val AP : 0.7303083539009094 / AUROC : 0.7600915238030189
6 time - 1 epoch, Training loss : 0.5031595230102539 / NS : Val AP : 0.7149790525436401 / AUROC : 0.7054443359375
6 time - 2 epoch, Training loss : 0.5061358213424683 / NS : Val AP : 0.7261745929718018 / AUROC : 0.7462296091104955
6 time - 3 epoch, Training loss : 0.4903401732444763 / NS : Val AP : 0.7503354549407959 / AUROC : 0.76611328125
6 time - 4 epoch, Training loss : 0.507242739200592 / NS : Val AP : 0.664636492729187 / AUROC : 0.7414589104339797
6 time - 5 epoch, Training loss : 0.4833128750324249 / NS : Val AP : 0.769489049911499 / AUROC : 0.8026123046875
6 time - 6 epoch, Training loss : 0.4966350793838501 / NS : Val AP : 0.6874892711639404 / AUROC : 0.7268390273930441
6 time - 7 epoch, Training loss : 0.4836692810058594 / NS : Val AP : 0.7484707832336426 / AUROC : 0.7579345703125
6 time - 8 epoch, Training loss : 0.4916382133960724 / NS : Val AP : 0.7617059946060181 / AUROC : 0.7648507232994768
6 time - 9 epoch, Training loss : 0.49522411823272705 / NS : Val AP : 0.6914921998977661 / AUROC : 0.6982421875
6 time - 10 epoch, Training loss : 0.4924783706665039 / NS : Val AP : 0.7998834252357483 / AUROC : 0.8182517697753156
6 time - 11 epoch, Training loss : 0.4856596887111664 / NS : Val AP : 0.7020443677902222 / AUROC : 0.73681640625
6 time - 12 epoch, Training loss : 0.4957824945449829 / NS : Val AP : 0.7119231224060059 / AUROC : 0.7863958140966452
6 time - 13 epoch, Training loss : 0.5024489164352417 / NS : Val AP : 0.7236101031303406 / AUROC : 0.71826171875
6 time - 14 epoch, Training loss : 0.5000979900360107 / NS : Val AP : 0.7552960515022278 / AUROC : 0.7736226531240382
6 time - 15 epoch, Training loss : 0.48692524433135986 / NS : Val AP : 0.7484620809555054 / AUROC : 0.7659912109375
6 time - 16 epoch, Training loss : 0.49293482303619385 / NS : Val AP : 0.6350932717323303 / AUROC : 0.6806709756848262
6 time - 17 epoch, Training loss : 0.48297592997550964 / NS : Val AP : 0.7314679026603699 / AUROC : 0.7603759765625
6 time - 18 epoch, Training loss : 0.48757925629615784 / NS : Val AP : 0.7022465467453003 / AUROC : 0.7203755001538936
6 time - 19 epoch, Training loss : 0.5059108138084412 / NS : Val AP : 0.7378281950950623 / AUROC : 0.7525634765625
6 time - 20 epoch, Training loss : 0.4908510446548462 / NS : Val AP : 0.7004454731941223 / AUROC : 0.6692828562634656
[6 time Val AP : 0.8182517697753156 / AUROC : 0.7998834252357483 ]
[6 time Test AP : 0.6995431335662456 / AUROC : 0.7241453528404236 ]
7 time - 0 epoch, Training loss : 0.4964873790740967 / NS : Val AP : 0.8038457632064819 / AUROC : 0.8130211202938475
7 time - 1 epoch, Training loss : 0.4839663505554199 / NS : Val AP : 0.72267746925354 / AUROC : 0.749755859375
7 time - 2 epoch, Training loss : 0.49402910470962524 / NS : Val AP : 0.744695782661438 / AUROC : 0.7391357421875
7 time - 3 epoch, Training loss : 0.48496541380882263 / NS : Val AP : 0.5958584547042847 / AUROC : 0.6143170197224251
7 time - 4 epoch, Training loss : 0.4744150638580322 / NS : Val AP : 0.7581709027290344 / AUROC : 0.768310546875
7 time - 5 epoch, Training loss : 0.48806166648864746 / NS : Val AP : 0.7860390543937683 / AUROC : 0.787353515625
7 time - 6 epoch, Training loss : 0.5149304866790771 / NS : Val AP : 0.6872745752334595 / AUROC : 0.7191380569758947
7 time - 7 epoch, Training loss : 0.4932900369167328 / NS : Val AP : 0.7859512567520142 / AUROC : 0.8236083984375
7 time - 8 epoch, Training loss : 0.4822498559951782 / NS : Val AP : 0.711681067943573 / AUROC : 0.733642578125
7 time - 9 epoch, Training loss : 0.4806148409843445 / NS : Val AP : 0.8198714852333069 / AUROC : 0.8487947406866326
7 time - 10 epoch, Training loss : 0.4696824848651886 / NS : Val AP : 0.7944066524505615 / AUROC : 0.82568359375
7 time - 11 epoch, Training loss : 0.47223812341690063 / NS : Val AP : 0.7875652313232422 / AUROC : 0.7664794921875
7 time - 12 epoch, Training loss : 0.5028360486030579 / NS : Val AP : 0.7043050527572632 / AUROC : 0.7151205259313368
7 time - 13 epoch, Training loss : 0.5079540014266968 / NS : Val AP : 0.7082799077033997 / AUROC : 0.7298583984375
7 time - 14 epoch, Training loss : 0.5032190680503845 / NS : Val AP : 0.7043823599815369 / AUROC : 0.73779296875
7 time - 15 epoch, Training loss : 0.48629650473594666 / NS : Val AP : 0.6730079054832458 / AUROC : 0.6928414901387874
7 time - 16 epoch, Training loss : 0.4807506799697876 / NS : Val AP : 0.8869904279708862 / AUROC : 0.8885498046875
7 time - 17 epoch, Training loss : 0.4869721531867981 / NS : Val AP : 0.7273814082145691 / AUROC : 0.7530517578125
7 time - 18 epoch, Training loss : 0.4968419075012207 / NS : Val AP : 0.7293621897697449 / AUROC : 0.7319211102994887
7 time - 19 epoch, Training loss : 0.48582813143730164 / NS : Val AP : 0.8285958766937256 / AUROC : 0.8447265625
7 time - 20 epoch, Training loss : 0.48889803886413574 / NS : Val AP : 0.7918148040771484 / AUROC : 0.785888671875
7 time - 21 epoch, Training loss : 0.4832375943660736 / NS : Val AP : 0.6422287821769714 / AUROC : 0.7070854638422206
7 time - 22 epoch, Training loss : 0.486087828874588 / NS : Val AP : 0.6872993111610413 / AUROC : 0.7564697265625
7 time - 23 epoch, Training loss : 0.4738665521144867 / NS : Val AP : 0.8139294981956482 / AUROC : 0.79638671875
7 time - 24 epoch, Training loss : 0.46891963481903076 / NS : Val AP : 0.8174806237220764 / AUROC : 0.802045288531775
7 time - 25 epoch, Training loss : 0.4710937440395355 / NS : Val AP : 0.7356280088424683 / AUROC : 0.752685546875
7 time - 26 epoch, Training loss : 0.4995061755180359 / NS : Val AP : 0.7306676506996155 / AUROC : 0.748046875
[7 time Val AP : 0.8885498046875 / AUROC : 0.8869904279708862 ]
[7 time Test AP : 0.6560458702278995 / AUROC : 0.673430323600769 ]
