args: Namespace(aggregator='Maxmin', alpha_e=0, alpha_edge=0.5, alpha_v=0, batch_size=64, dataset_name='DAWN', dim_edge=128, dim_hidden=128, dim_time=128, dim_vertex=128, early_stop=10, edge_aware='true', edge_concat_mode='mlp', epochs=50, exp_num=1, folder_name='logs/hnhn/DAWN_train_live_update_hnhn', freq_size=1, gpu=0, lr=0.0001, model='hnhn', neg_mode='sns', neg_size=100, node_aware='true', num_layers=2, seed=1111, ssl_loss='false', test_mode='train_live_update', time_concat_mode='mlp', time_layers=3, time_split_type='sec', training='wgan')
============================================ Experiments 111 ==================================================0 time - 0 epoch, Training loss : 0.2414035201072693 / NS : Val AP : 0.9728009700775146 / AUROC : 0.973566732051085
0 time - 1 epoch, Training loss : 0.2801177501678467 / NS : Val AP : 0.9844658970832825 / AUROC : 0.9847412109375
0 time - 2 epoch, Training loss : 0.27859070897102356 / NS : Val AP : 0.9929158687591553 / AUROC : 0.992431640625
0 time - 3 epoch, Training loss : 0.2783336043357849 / NS : Val AP : 0.9830368161201477 / AUROC : 0.9814453125
0 time - 4 epoch, Training loss : 0.276573121547699 / NS : Val AP : 0.9971150159835815 / AUROC : 0.996826171875
0 time - 5 epoch, Training loss : 0.25977128744125366 / NS : Val AP : 0.9897460341453552 / AUROC : 0.9892578125
0 time - 6 epoch, Training loss : 0.2986779808998108 / NS : Val AP : 0.9943718314170837 / AUROC : 0.993408203125
0 time - 7 epoch, Training loss : 0.29553937911987305 / NS : Val AP : 0.9770400524139404 / AUROC : 0.9842529296875
0 time - 8 epoch, Training loss : 0.3193020820617676 / NS : Val AP : 0.9851916432380676 / AUROC : 0.981201171875
0 time - 9 epoch, Training loss : 0.2935959994792938 / NS : Val AP : 0.9785017967224121 / AUROC : 0.9703369140625
0 time - 10 epoch, Training loss : 0.2525751292705536 / NS : Val AP : 0.9926444292068481 / AUROC : 0.9927978515625
0 time - 11 epoch, Training loss : 0.2766188681125641 / NS : Val AP : 0.9951950311660767 / AUROC : 0.9951171875
0 time - 12 epoch, Training loss : 0.2720569372177124 / NS : Val AP : 0.9760856032371521 / AUROC : 0.9840087890625
0 time - 13 epoch, Training loss : 0.24698780477046967 / NS : Val AP : 0.9747714996337891 / AUROC : 0.967041015625
0 time - 14 epoch, Training loss : 0.28099507093429565 / NS : Val AP : 0.984258770942688 / AUROC : 0.980224609375
[0 time Val AP : 0.996826171875 / AUROC : 0.9971150159835815 ]
[0 time Test AP : 0.9464030566900226 / AUROC : 0.9303223490715027 ]
1 time - 0 epoch, Training loss : 0.3597045838832855 / NS : Val AP : 0.9539190530776978 / AUROC : 0.9569047755011157
1 time - 1 epoch, Training loss : 0.32722365856170654 / NS : Val AP : 0.9509980082511902 / AUROC : 0.9617919921875
1 time - 2 epoch, Training loss : 0.29736989736557007 / NS : Val AP : 0.9759706258773804 / AUROC : 0.9708251953125
1 time - 3 epoch, Training loss : 0.27832546830177307 / NS : Val AP : 0.9934776425361633 / AUROC : 0.992431640625
1 time - 4 epoch, Training loss : 0.30516690015792847 / NS : Val AP : 0.9841368198394775 / AUROC : 0.9815673828125
1 time - 5 epoch, Training loss : 0.304220050573349 / NS : Val AP : 0.9704529643058777 / AUROC : 0.9591064453125
1 time - 6 epoch, Training loss : 0.25498801469802856 / NS : Val AP : 0.9749259352684021 / AUROC : 0.9658203125
1 time - 7 epoch, Training loss : 0.29910147190093994 / NS : Val AP : 0.9704577922821045 / AUROC : 0.97998046875
1 time - 8 epoch, Training loss : 0.31716805696487427 / NS : Val AP : 0.9707845449447632 / AUROC : 0.955810546875
1 time - 9 epoch, Training loss : 0.3048948347568512 / NS : Val AP : 0.9562116861343384 / AUROC : 0.97119140625
1 time - 10 epoch, Training loss : 0.3078082203865051 / NS : Val AP : 0.970024824142456 / AUROC : 0.9739990234375
1 time - 11 epoch, Training loss : 0.31449490785598755 / NS : Val AP : 0.9973020553588867 / AUROC : 0.9970703125
1 time - 12 epoch, Training loss : 0.2722589373588562 / NS : Val AP : 0.9494051933288574 / AUROC : 0.9722900390625
1 time - 13 epoch, Training loss : 0.31426435708999634 / NS : Val AP : 0.9842897653579712 / AUROC : 0.98486328125
1 time - 14 epoch, Training loss : 0.3260955214500427 / NS : Val AP : 0.9599851369857788 / AUROC : 0.974609375
1 time - 15 epoch, Training loss : 0.3089279234409332 / NS : Val AP : 0.9677631855010986 / AUROC : 0.959716796875
1 time - 16 epoch, Training loss : 0.2918145954608917 / NS : Val AP : 0.9971365332603455 / AUROC : 0.9970703125
1 time - 17 epoch, Training loss : 0.26427286863327026 / NS : Val AP : 0.9862756133079529 / AUROC : 0.9835205078125
1 time - 18 epoch, Training loss : 0.29570168256759644 / NS : Val AP : 0.963779091835022 / AUROC : 0.9775390625
1 time - 19 epoch, Training loss : 0.34385114908218384 / NS : Val AP : 0.9784440994262695 / AUROC : 0.9716796875
1 time - 20 epoch, Training loss : 0.32607197761535645 / NS : Val AP : 0.9783519506454468 / AUROC : 0.986328125
1 time - 21 epoch, Training loss : 0.3042440712451935 / NS : Val AP : 0.9868946075439453 / AUROC : 0.98193359375
[1 time Val AP : 0.9970703125 / AUROC : 0.9973020553588867 ]
[1 time Test AP : 0.9424577325721146 / AUROC : 0.9180084466934204 ]
2 time - 0 epoch, Training loss : 0.36294683814048767 / NS : Val AP : 0.936566948890686 / AUROC : 0.9410950031934875
2 time - 1 epoch, Training loss : 0.3616584539413452 / NS : Val AP : 0.9671066999435425 / AUROC : 0.9588623046875
2 time - 2 epoch, Training loss : 0.3290101885795593 / NS : Val AP : 0.9278402924537659 / AUROC : 0.941162109375
2 time - 3 epoch, Training loss : 0.33653882145881653 / NS : Val AP : 0.8728083968162537 / AUROC : 0.9317626953125
2 time - 4 epoch, Training loss : 0.31494271755218506 / NS : Val AP : 0.9841791987419128 / AUROC : 0.9859619140625
2 time - 5 epoch, Training loss : 0.31575310230255127 / NS : Val AP : 0.9784332513809204 / AUROC : 0.970458984375
2 time - 6 epoch, Training loss : 0.3053331673145294 / NS : Val AP : 0.9795514941215515 / AUROC : 0.9765625
2 time - 7 epoch, Training loss : 0.37081050872802734 / NS : Val AP : 0.9771220684051514 / AUROC : 0.9869384765625
2 time - 8 epoch, Training loss : 0.32524555921554565 / NS : Val AP : 0.9588361978530884 / AUROC : 0.94189453125
2 time - 9 epoch, Training loss : 0.3614004850387573 / NS : Val AP : 0.9804924130439758 / AUROC : 0.9801025390625
2 time - 10 epoch, Training loss : 0.3490752875804901 / NS : Val AP : 0.8645761609077454 / AUROC : 0.922119140625
2 time - 11 epoch, Training loss : 0.28483280539512634 / NS : Val AP : 0.9588455557823181 / AUROC : 0.960693359375
2 time - 12 epoch, Training loss : 0.30077552795410156 / NS : Val AP : 0.9742884039878845 / AUROC : 0.9755859375
2 time - 13 epoch, Training loss : 0.3109125792980194 / NS : Val AP : 0.9299070835113525 / AUROC : 0.9278564453125
2 time - 14 epoch, Training loss : 0.3202061653137207 / NS : Val AP : 0.9725375771522522 / AUROC : 0.98095703125
2 time - 15 epoch, Training loss : 0.2982062101364136 / NS : Val AP : 0.9899068474769592 / AUROC : 0.989501953125
2 time - 16 epoch, Training loss : 0.314654678106308 / NS : Val AP : 0.9402481317520142 / AUROC : 0.950439453125
2 time - 17 epoch, Training loss : 0.34263724088668823 / NS : Val AP : 0.9729130268096924 / AUROC : 0.9730224609375
2 time - 18 epoch, Training loss : 0.3140755593776703 / NS : Val AP : 0.9762258529663086 / AUROC : 0.985107421875
2 time - 19 epoch, Training loss : 0.272574245929718 / NS : Val AP : 0.9830901622772217 / AUROC : 0.978759765625
2 time - 20 epoch, Training loss : 0.34794965386390686 / NS : Val AP : 0.9767266511917114 / AUROC : 0.978271484375
2 time - 21 epoch, Training loss : 0.3555229604244232 / NS : Val AP : 0.9727524518966675 / AUROC : 0.9774169921875
2 time - 22 epoch, Training loss : 0.31274470686912537 / NS : Val AP : 0.92023766040802 / AUROC : 0.9423828125
2 time - 23 epoch, Training loss : 0.3221244215965271 / NS : Val AP : 0.8444676399230957 / AUROC : 0.9132080078125
2 time - 24 epoch, Training loss : 0.392256498336792 / NS : Val AP : 0.9710912704467773 / AUROC : 0.9700927734375
2 time - 25 epoch, Training loss : 0.29872584342956543 / NS : Val AP : 0.938312828540802 / AUROC : 0.953369140625
[2 time Val AP : 0.989501953125 / AUROC : 0.9899068474769592 ]
[2 time Test AP : 0.9400728716017732 / AUROC : 0.9203920960426331 ]
3 time - 0 epoch, Training loss : 0.39715293049812317 / NS : Val AP : 0.8999257683753967 / AUROC : 0.9061631390949498
3 time - 1 epoch, Training loss : 0.3344891667366028 / NS : Val AP : 0.9068615436553955 / AUROC : 0.9293212890625
3 time - 2 epoch, Training loss : 0.37519800662994385 / NS : Val AP : 0.9673451781272888 / AUROC : 0.9647216796875
3 time - 3 epoch, Training loss : 0.42781907320022583 / NS : Val AP : 0.9469348788261414 / AUROC : 0.958251953125
3 time - 4 epoch, Training loss : 0.3350369334220886 / NS : Val AP : 0.8310570120811462 / AUROC : 0.899169921875
3 time - 5 epoch, Training loss : 0.38668692111968994 / NS : Val AP : 0.8964564800262451 / AUROC : 0.9066162109375
3 time - 6 epoch, Training loss : 0.36684706807136536 / NS : Val AP : 0.9031981229782104 / AUROC : 0.9090576171875
3 time - 7 epoch, Training loss : 0.3705182671546936 / NS : Val AP : 0.9911952614784241 / AUROC : 0.990966796875
3 time - 8 epoch, Training loss : 0.37123197317123413 / NS : Val AP : 0.8123591542243958 / AUROC : 0.874267578125
3 time - 9 epoch, Training loss : 0.3801392614841461 / NS : Val AP : 0.9755091071128845 / AUROC : 0.975341796875
3 time - 10 epoch, Training loss : 0.3844491243362427 / NS : Val AP : 0.7502740025520325 / AUROC : 0.8531494140625
3 time - 11 epoch, Training loss : 0.3515428900718689 / NS : Val AP : 0.9795914888381958 / AUROC : 0.9810791015625
3 time - 12 epoch, Training loss : 0.3488449454307556 / NS : Val AP : 0.9403987526893616 / AUROC : 0.9620361328125
3 time - 13 epoch, Training loss : 0.39151209592819214 / NS : Val AP : 0.9801443815231323 / AUROC : 0.9744873046875
3 time - 14 epoch, Training loss : 0.34367096424102783 / NS : Val AP : 0.9813221096992493 / AUROC : 0.9791259765625
3 time - 15 epoch, Training loss : 0.3864496946334839 / NS : Val AP : 0.958136796951294 / AUROC : 0.954833984375
3 time - 16 epoch, Training loss : 0.380079984664917 / NS : Val AP : 0.9863106608390808 / AUROC : 0.9879150390625
3 time - 17 epoch, Training loss : 0.35107266902923584 / NS : Val AP : 0.992848813533783 / AUROC : 0.99365234375
3 time - 18 epoch, Training loss : 0.3840394616127014 / NS : Val AP : 0.8280576467514038 / AUROC : 0.89501953125
3 time - 19 epoch, Training loss : 0.3687921166419983 / NS : Val AP : 0.9516662359237671 / AUROC : 0.9622802734375
3 time - 20 epoch, Training loss : 0.31731557846069336 / NS : Val AP : 0.9467739462852478 / AUROC : 0.9378662109375
3 time - 21 epoch, Training loss : 0.3460082411766052 / NS : Val AP : 0.9386472105979919 / AUROC : 0.9608154296875
3 time - 22 epoch, Training loss : 0.3709608316421509 / NS : Val AP : 0.9605690240859985 / AUROC : 0.96728515625
3 time - 23 epoch, Training loss : 0.3650110960006714 / NS : Val AP : 0.9470717310905457 / AUROC : 0.9581298828125
3 time - 24 epoch, Training loss : 0.39696478843688965 / NS : Val AP : 0.9829984903335571 / AUROC : 0.986083984375
3 time - 25 epoch, Training loss : 0.3901723623275757 / NS : Val AP : 0.9203412532806396 / AUROC : 0.9468994140625
3 time - 26 epoch, Training loss : 0.37704557180404663 / NS : Val AP : 0.9736955165863037 / AUROC : 0.9647216796875
3 time - 27 epoch, Training loss : 0.373060405254364 / NS : Val AP : 0.926176130771637 / AUROC : 0.94091796875
[3 time Val AP : 0.99365234375 / AUROC : 0.992848813533783 ]
[3 time Test AP : 0.8652928447848922 / AUROC : 0.8374465107917786 ]
4 time - 0 epoch, Training loss : 0.3172084093093872 / NS : Val AP : 0.8800421357154846 / AUROC : 0.8912577474756951
4 time - 1 epoch, Training loss : 0.36413535475730896 / NS : Val AP : 0.9682844281196594 / AUROC : 0.9647216796875
4 time - 2 epoch, Training loss : 0.38183334469795227 / NS : Val AP : 0.9660162925720215 / AUROC : 0.958251953125
4 time - 3 epoch, Training loss : 0.34379300475120544 / NS : Val AP : 0.9757130742073059 / AUROC : 0.977294921875
4 time - 4 epoch, Training loss : 0.38908565044403076 / NS : Val AP : 0.6961700916290283 / AUROC : 0.772705078125
4 time - 5 epoch, Training loss : 0.387060284614563 / NS : Val AP : 0.9630590677261353 / AUROC : 0.9595947265625
4 time - 6 epoch, Training loss : 0.40996605157852173 / NS : Val AP : 0.9285149574279785 / AUROC : 0.946044921875
4 time - 7 epoch, Training loss : 0.3891131281852722 / NS : Val AP : 0.9153761863708496 / AUROC : 0.925537109375
4 time - 8 epoch, Training loss : 0.363151490688324 / NS : Val AP : 0.9581461548805237 / AUROC : 0.964599609375
4 time - 9 epoch, Training loss : 0.32935410737991333 / NS : Val AP : 0.8746020197868347 / AUROC : 0.903564453125
4 time - 10 epoch, Training loss : 0.3840930461883545 / NS : Val AP : 0.9631815552711487 / AUROC : 0.958984375
4 time - 11 epoch, Training loss : 0.40345942974090576 / NS : Val AP : 0.9775198101997375 / AUROC : 0.9715576171875
4 time - 12 epoch, Training loss : 0.37174785137176514 / NS : Val AP : 0.9475275278091431 / AUROC : 0.94091796875
4 time - 13 epoch, Training loss : 0.3752071261405945 / NS : Val AP : 0.9552412629127502 / AUROC : 0.949462890625
[4 time Val AP : 0.977294921875 / AUROC : 0.9757130742073059 ]
[4 time Test AP : 0.9143549717923918 / AUROC : 0.905349612236023 ]
5 time - 0 epoch, Training loss : 0.4026780128479004 / NS : Val AP : 0.9042291641235352 / AUROC : 0.9035990810296013
5 time - 1 epoch, Training loss : 0.4031206965446472 / NS : Val AP : 0.9504954814910889 / AUROC : 0.9432373046875
5 time - 2 epoch, Training loss : 0.37360677123069763 / NS : Val AP : 0.9585868120193481 / AUROC : 0.952880859375
5 time - 3 epoch, Training loss : 0.3720654249191284 / NS : Val AP : 0.8547837734222412 / AUROC : 0.864013671875
5 time - 4 epoch, Training loss : 0.3879046142101288 / NS : Val AP : 0.9438203573226929 / AUROC : 0.9520263671875
5 time - 5 epoch, Training loss : 0.38775134086608887 / NS : Val AP : 0.9528480768203735 / AUROC : 0.95263671875
5 time - 6 epoch, Training loss : 0.42629796266555786 / NS : Val AP : 0.9576544165611267 / AUROC : 0.957275390625
5 time - 7 epoch, Training loss : 0.3843293786048889 / NS : Val AP : 0.9680424332618713 / AUROC : 0.97607421875
5 time - 8 epoch, Training loss : 0.3755285441875458 / NS : Val AP : 0.9591264724731445 / AUROC : 0.966552734375
5 time - 9 epoch, Training loss : 0.3891609013080597 / NS : Val AP : 0.9871501922607422 / AUROC : 0.9901123046875
5 time - 10 epoch, Training loss : 0.3951815366744995 / NS : Val AP : 0.9754192233085632 / AUROC : 0.9696044921875
5 time - 11 epoch, Training loss : 0.40908724069595337 / NS : Val AP : 0.9341287612915039 / AUROC : 0.953857421875
5 time - 12 epoch, Training loss : 0.3850317895412445 / NS : Val AP : 0.9648505449295044 / AUROC : 0.9659423828125
5 time - 13 epoch, Training loss : 0.42218777537345886 / NS : Val AP : 0.9485650062561035 / AUROC : 0.94091796875
5 time - 14 epoch, Training loss : 0.4004606604576111 / NS : Val AP : 0.852534830570221 / AUROC : 0.878662109375
5 time - 15 epoch, Training loss : 0.4140675663948059 / NS : Val AP : 0.9512731432914734 / AUROC : 0.952392578125
5 time - 16 epoch, Training loss : 0.3639654517173767 / NS : Val AP : 0.9457082152366638 / AUROC : 0.9415283203125
5 time - 17 epoch, Training loss : 0.39171716570854187 / NS : Val AP : 0.8427854776382446 / AUROC : 0.8638916015625
5 time - 18 epoch, Training loss : 0.39153748750686646 / NS : Val AP : 0.9669547080993652 / AUROC : 0.9664306640625
5 time - 19 epoch, Training loss : 0.4148634076118469 / NS : Val AP : 0.9769994616508484 / AUROC : 0.9688720703125
[5 time Val AP : 0.9901123046875 / AUROC : 0.9871501922607422 ]
[5 time Test AP : 0.9143291605869633 / AUROC : 0.9151201248168945 ]
6 time - 0 epoch, Training loss : 0.4461332857608795 / NS : Val AP : 0.8915649056434631 / AUROC : 0.8884484013423799
6 time - 1 epoch, Training loss : 0.3567429780960083 / NS : Val AP : 0.9588239192962646 / AUROC : 0.953125
6 time - 2 epoch, Training loss : 0.4611222743988037 / NS : Val AP : 0.890533983707428 / AUROC : 0.8997802734375
6 time - 3 epoch, Training loss : 0.3690512776374817 / NS : Val AP : 0.9783143401145935 / AUROC : 0.97265625
6 time - 4 epoch, Training loss : 0.38563233613967896 / NS : Val AP : 0.9530594348907471 / AUROC : 0.9481201171875
6 time - 5 epoch, Training loss : 0.424253910779953 / NS : Val AP : 0.9721541404724121 / AUROC : 0.9661865234375
6 time - 6 epoch, Training loss : 0.38676387071609497 / NS : Val AP : 0.9731194972991943 / AUROC : 0.9783935546875
6 time - 7 epoch, Training loss : 0.39717310667037964 / NS : Val AP : 0.9708042740821838 / AUROC : 0.9755859375
6 time - 8 epoch, Training loss : 0.38492438197135925 / NS : Val AP : 0.9799010753631592 / AUROC : 0.9818115234375
6 time - 9 epoch, Training loss : 0.3739055395126343 / NS : Val AP : 0.9867593050003052 / AUROC : 0.984619140625
6 time - 10 epoch, Training loss : 0.3912944197654724 / NS : Val AP : 0.9828904271125793 / AUROC : 0.98486328125
6 time - 11 epoch, Training loss : 0.38989755511283875 / NS : Val AP : 0.9545467495918274 / AUROC : 0.95654296875
6 time - 12 epoch, Training loss : 0.4069249629974365 / NS : Val AP : 0.9586894512176514 / AUROC : 0.97021484375
6 time - 13 epoch, Training loss : 0.36140796542167664 / NS : Val AP : 0.9374614953994751 / AUROC : 0.9373779296875
6 time - 14 epoch, Training loss : 0.39169442653656006 / NS : Val AP : 0.9578660130500793 / AUROC : 0.945556640625
6 time - 15 epoch, Training loss : 0.40078800916671753 / NS : Val AP : 0.9154846668243408 / AUROC : 0.91748046875
6 time - 16 epoch, Training loss : 0.3689948618412018 / NS : Val AP : 0.9592112302780151 / AUROC : 0.9578857421875
6 time - 17 epoch, Training loss : 0.40717813372612 / NS : Val AP : 0.8352800011634827 / AUROC : 0.8621826171875
6 time - 18 epoch, Training loss : 0.407574325799942 / NS : Val AP : 0.974714457988739 / AUROC : 0.9716796875
6 time - 19 epoch, Training loss : 0.3426954746246338 / NS : Val AP : 0.9573231935501099 / AUROC : 0.9451904296875
6 time - 20 epoch, Training loss : 0.43953070044517517 / NS : Val AP : 0.9661727547645569 / AUROC : 0.956787109375
[6 time Val AP : 0.98486328125 / AUROC : 0.9828904271125793 ]
[6 time Test AP : 0.8153049622249718 / AUROC : 0.8215566873550415 ]
7 time - 0 epoch, Training loss : 0.3710315227508545 / NS : Val AP : 0.899663507938385 / AUROC : 0.8941688788976414
7 time - 1 epoch, Training loss : 0.38547736406326294 / NS : Val AP : 0.9653326272964478 / AUROC : 0.9561767578125
7 time - 2 epoch, Training loss : 0.39755314588546753 / NS : Val AP : 0.9639149904251099 / AUROC : 0.95263671875
7 time - 3 epoch, Training loss : 0.4058988690376282 / NS : Val AP : 0.9702631831169128 / AUROC : 0.968505859375
7 time - 4 epoch, Training loss : 0.42003703117370605 / NS : Val AP : 0.9288893938064575 / AUROC : 0.929443359375
7 time - 5 epoch, Training loss : 0.37746110558509827 / NS : Val AP : 0.9727033972740173 / AUROC : 0.96533203125
7 time - 6 epoch, Training loss : 0.4243208169937134 / NS : Val AP : 0.9859721064567566 / AUROC : 0.9859619140625
7 time - 7 epoch, Training loss : 0.365220308303833 / NS : Val AP : 0.9720539450645447 / AUROC : 0.9716796875
7 time - 8 epoch, Training loss : 0.3688238859176636 / NS : Val AP : 0.9716933369636536 / AUROC : 0.9700927734375
7 time - 9 epoch, Training loss : 0.3901274800300598 / NS : Val AP : 0.9447018504142761 / AUROC : 0.9306640625
7 time - 10 epoch, Training loss : 0.34641391038894653 / NS : Val AP : 0.9738900065422058 / AUROC : 0.9739990234375
7 time - 11 epoch, Training loss : 0.37614449858665466 / NS : Val AP : 0.9897185564041138 / AUROC : 0.98876953125
7 time - 12 epoch, Training loss : 0.3900092840194702 / NS : Val AP : 0.9515693187713623 / AUROC : 0.9464111328125
7 time - 13 epoch, Training loss : 0.4181000292301178 / NS : Val AP : 0.8352150917053223 / AUROC : 0.830078125
7 time - 14 epoch, Training loss : 0.41746920347213745 / NS : Val AP : 0.9678353071212769 / AUROC : 0.96923828125
7 time - 15 epoch, Training loss : 0.397952675819397 / NS : Val AP : 0.9717033505439758 / AUROC : 0.9720458984375
7 time - 16 epoch, Training loss : 0.4069700241088867 / NS : Val AP : 0.9611104726791382 / AUROC : 0.95849609375
7 time - 17 epoch, Training loss : 0.39051544666290283 / NS : Val AP : 0.9721215963363647 / AUROC : 0.97412109375
7 time - 18 epoch, Training loss : 0.3795819580554962 / NS : Val AP : 0.9870112538337708 / AUROC : 0.9873046875
7 time - 19 epoch, Training loss : 0.40788140892982483 / NS : Val AP : 0.9721360206604004 / AUROC : 0.9698486328125
7 time - 20 epoch, Training loss : 0.37735629081726074 / NS : Val AP : 0.8194025754928589 / AUROC : 0.815673828125
7 time - 21 epoch, Training loss : 0.37889617681503296 / NS : Val AP : 0.8835223317146301 / AUROC : 0.880615234375
[7 time Val AP : 0.98876953125 / AUROC : 0.9897185564041138 ]
[7 time Test AP : 0.8689564019749431 / AUROC : 0.8786085247993469 ]
8 time - 0 epoch, Training loss : 0.37887489795684814 / NS : Val AP : 0.8378559947013855 / AUROC : 0.8265534458314721
8 time - 1 epoch, Training loss : 0.393425315618515 / NS : Val AP : 0.950869083404541 / AUROC : 0.9410400390625
8 time - 2 epoch, Training loss : 0.44017738103866577 / NS : Val AP : 0.9583346247673035 / AUROC : 0.950439453125
8 time - 3 epoch, Training loss : 0.4222588539123535 / NS : Val AP : 0.9247722625732422 / AUROC : 0.908203125
8 time - 4 epoch, Training loss : 0.41893526911735535 / NS : Val AP : 0.8676087856292725 / AUROC : 0.863037109375
8 time - 5 epoch, Training loss : 0.4018051028251648 / NS : Val AP : 0.938090443611145 / AUROC : 0.9246826171875
8 time - 6 epoch, Training loss : 0.4128822088241577 / NS : Val AP : 0.8756014108657837 / AUROC : 0.8577880859375
8 time - 7 epoch, Training loss : 0.4120557904243469 / NS : Val AP : 0.9165450930595398 / AUROC : 0.9075927734375
8 time - 8 epoch, Training loss : 0.4120229184627533 / NS : Val AP : 0.9210308194160461 / AUROC : 0.9073486328125
8 time - 9 epoch, Training loss : 0.4281429052352905 / NS : Val AP : 0.9293292760848999 / AUROC : 0.9140625
8 time - 10 epoch, Training loss : 0.4213668704032898 / NS : Val AP : 0.9524446725845337 / AUROC : 0.9449462890625
8 time - 11 epoch, Training loss : 0.3935161530971527 / NS : Val AP : 0.8854844570159912 / AUROC : 0.89892578125
8 time - 12 epoch, Training loss : 0.43117207288742065 / NS : Val AP : 0.9152286648750305 / AUROC : 0.889892578125
[8 time Val AP : 0.950439453125 / AUROC : 0.9583346247673035 ]
[8 time Test AP : 0.9201056591986412 / AUROC : 0.9291151762008667 ]
9 time - 0 epoch, Training loss : 0.3733632266521454 / NS : Val AP : 0.8650100827217102 / AUROC : 0.8470583998812251
9 time - 1 epoch, Training loss : 0.41043102741241455 / NS : Val AP : 0.9293327331542969 / AUROC : 0.9163818359375
9 time - 2 epoch, Training loss : 0.42130881547927856 / NS : Val AP : 0.9347251653671265 / AUROC : 0.9268798828125
9 time - 3 epoch, Training loss : 0.4477405250072479 / NS : Val AP : 0.9596693515777588 / AUROC : 0.955078125
9 time - 4 epoch, Training loss : 0.4541391134262085 / NS : Val AP : 0.9502668380737305 / AUROC : 0.943603515625
9 time - 5 epoch, Training loss : 0.4171890616416931 / NS : Val AP : 0.9885587692260742 / AUROC : 0.9888916015625
9 time - 6 epoch, Training loss : 0.4049638509750366 / NS : Val AP : 0.9712591767311096 / AUROC : 0.968017578125
9 time - 7 epoch, Training loss : 0.401128351688385 / NS : Val AP : 0.9781131744384766 / AUROC : 0.968017578125
9 time - 8 epoch, Training loss : 0.4283102750778198 / NS : Val AP : 0.9639756679534912 / AUROC : 0.952392578125
9 time - 9 epoch, Training loss : 0.42784786224365234 / NS : Val AP : 0.9580891132354736 / AUROC : 0.9468994140625
9 time - 10 epoch, Training loss : 0.3945239186286926 / NS : Val AP : 0.9645953178405762 / AUROC : 0.9664306640625
9 time - 11 epoch, Training loss : 0.3745346963405609 / NS : Val AP : 0.8624742031097412 / AUROC : 0.812255859375
9 time - 12 epoch, Training loss : 0.4233400821685791 / NS : Val AP : 0.8471474051475525 / AUROC : 0.8594970703125
9 time - 13 epoch, Training loss : 0.3982800245285034 / NS : Val AP : 0.9624419212341309 / AUROC : 0.954345703125
9 time - 14 epoch, Training loss : 0.3974674344062805 / NS : Val AP : 0.9521796107292175 / AUROC : 0.95263671875
9 time - 15 epoch, Training loss : 0.4282807409763336 / NS : Val AP : 0.9287615418434143 / AUROC : 0.9041748046875
[9 time Val AP : 0.9888916015625 / AUROC : 0.9885587692260742 ]
[9 time Test AP : 0.9486653438676316 / AUROC : 0.9530439376831055 ]
10 time - 0 epoch, Training loss : 0.4106332063674927 / NS : Val AP : 0.8935467004776001 / AUROC : 0.8785778377187744
10 time - 1 epoch, Training loss : 0.4181364178657532 / NS : Val AP : 0.962520182132721 / AUROC : 0.951904296875
10 time - 2 epoch, Training loss : 0.45864081382751465 / NS : Val AP : 0.9118375778198242 / AUROC : 0.892333984375
10 time - 3 epoch, Training loss : 0.4397316575050354 / NS : Val AP : 0.9533186554908752 / AUROC : 0.950439453125
10 time - 4 epoch, Training loss : 0.40244030952453613 / NS : Val AP : 0.9664170145988464 / AUROC : 0.9591064453125
10 time - 5 epoch, Training loss : 0.41258704662323 / NS : Val AP : 0.812434196472168 / AUROC : 0.8416748046875
10 time - 6 epoch, Training loss : 0.42631128430366516 / NS : Val AP : 0.9386987686157227 / AUROC : 0.92626953125
10 time - 7 epoch, Training loss : 0.41328269243240356 / NS : Val AP : 0.954150915145874 / AUROC : 0.943115234375
10 time - 8 epoch, Training loss : 0.4613308310508728 / NS : Val AP : 0.9496577978134155 / AUROC : 0.941650390625
10 time - 9 epoch, Training loss : 0.412151575088501 / NS : Val AP : 0.9333849549293518 / AUROC : 0.926513671875
10 time - 10 epoch, Training loss : 0.41774502396583557 / NS : Val AP : 0.972412109375 / AUROC : 0.9697265625
10 time - 11 epoch, Training loss : 0.433479905128479 / NS : Val AP : 0.9645472764968872 / AUROC : 0.959228515625
10 time - 12 epoch, Training loss : 0.4220709502696991 / NS : Val AP : 0.9765845537185669 / AUROC : 0.9696044921875
10 time - 13 epoch, Training loss : 0.44041988253593445 / NS : Val AP : 0.9681281447410583 / AUROC : 0.9669189453125
10 time - 14 epoch, Training loss : 0.43968117237091064 / NS : Val AP : 0.9417056441307068 / AUROC : 0.922607421875
10 time - 15 epoch, Training loss : 0.4269927442073822 / NS : Val AP : 0.9411447048187256 / AUROC : 0.9324951171875
10 time - 16 epoch, Training loss : 0.42640095949172974 / NS : Val AP : 0.9580092430114746 / AUROC : 0.9505615234375
10 time - 17 epoch, Training loss : 0.39190518856048584 / NS : Val AP : 0.9562084674835205 / AUROC : 0.953125
10 time - 18 epoch, Training loss : 0.44606149196624756 / NS : Val AP : 0.9716814756393433 / AUROC : 0.9696044921875
10 time - 19 epoch, Training loss : 0.4482613205909729 / NS : Val AP : 0.9454946517944336 / AUROC : 0.9395751953125
10 time - 20 epoch, Training loss : 0.4068477749824524 / NS : Val AP : 0.9455229640007019 / AUROC : 0.9371337890625
[10 time Val AP : 0.9697265625 / AUROC : 0.972412109375 ]
[10 time Test AP : 0.8805696133156267 / AUROC : 0.8937703371047974 ]
11 time - 0 epoch, Training loss : 0.35940489172935486 / NS : Val AP : 0.88719642162323 / AUROC : 0.8726913430959878
11 time - 1 epoch, Training loss : 0.43653902411460876 / NS : Val AP : 0.7522255182266235 / AUROC : 0.759521484375
11 time - 2 epoch, Training loss : 0.4270819425582886 / NS : Val AP : 0.9634016156196594 / AUROC : 0.9583740234375
11 time - 3 epoch, Training loss : 0.44950875639915466 / NS : Val AP : 0.7770528793334961 / AUROC : 0.776123046875
11 time - 4 epoch, Training loss : 0.4352225065231323 / NS : Val AP : 0.9314175248146057 / AUROC : 0.9188232421875
11 time - 5 epoch, Training loss : 0.43352121114730835 / NS : Val AP : 0.640034019947052 / AUROC : 0.7008056640625
11 time - 6 epoch, Training loss : 0.4049210846424103 / NS : Val AP : 0.9253473281860352 / AUROC : 0.922607421875
11 time - 7 epoch, Training loss : 0.44125401973724365 / NS : Val AP : 0.9645448923110962 / AUROC : 0.9619140625
11 time - 8 epoch, Training loss : 0.43325239419937134 / NS : Val AP : 0.9810442328453064 / AUROC : 0.9764404296875
11 time - 9 epoch, Training loss : 0.4219430685043335 / NS : Val AP : 0.9513430595397949 / AUROC : 0.940185546875
11 time - 10 epoch, Training loss : 0.4158783555030823 / NS : Val AP : 0.958999514579773 / AUROC : 0.9544677734375
11 time - 11 epoch, Training loss : 0.4067004919052124 / NS : Val AP : 0.9276921153068542 / AUROC : 0.9168701171875
11 time - 12 epoch, Training loss : 0.4405295252799988 / NS : Val AP : 0.9216880202293396 / AUROC : 0.9127197265625
11 time - 13 epoch, Training loss : 0.42222991585731506 / NS : Val AP : 0.9584798812866211 / AUROC : 0.955810546875
11 time - 14 epoch, Training loss : 0.40783700346946716 / NS : Val AP : 0.9216408729553223 / AUROC : 0.9185791015625
11 time - 15 epoch, Training loss : 0.435570627450943 / NS : Val AP : 0.9646351933479309 / AUROC : 0.9635009765625
11 time - 16 epoch, Training loss : 0.40017926692962646 / NS : Val AP : 0.9607963562011719 / AUROC : 0.9547119140625
11 time - 17 epoch, Training loss : 0.43741706013679504 / NS : Val AP : 0.9840788245201111 / AUROC : 0.978271484375
11 time - 18 epoch, Training loss : 0.40685248374938965 / NS : Val AP : 0.9764934182167053 / AUROC : 0.9688720703125
11 time - 19 epoch, Training loss : 0.4384371340274811 / NS : Val AP : 0.9497302174568176 / AUROC : 0.942138671875
11 time - 20 epoch, Training loss : 0.431179940700531 / NS : Val AP : 0.9695971608161926 / AUROC : 0.960693359375
11 time - 21 epoch, Training loss : 0.4008185565471649 / NS : Val AP : 0.9695730805397034 / AUROC : 0.9674072265625
11 time - 22 epoch, Training loss : 0.4382467269897461 / NS : Val AP : 0.9656918048858643 / AUROC : 0.95947265625
11 time - 23 epoch, Training loss : 0.42195695638656616 / NS : Val AP : 0.8240758776664734 / AUROC : 0.8419189453125
11 time - 24 epoch, Training loss : 0.41955089569091797 / NS : Val AP : 0.9570720195770264 / AUROC : 0.946044921875
11 time - 25 epoch, Training loss : 0.38609635829925537 / NS : Val AP : 0.9474940299987793 / AUROC : 0.94189453125
11 time - 26 epoch, Training loss : 0.4327429533004761 / NS : Val AP : 0.9693830013275146 / AUROC : 0.96533203125
11 time - 27 epoch, Training loss : 0.4384755492210388 / NS : Val AP : 0.9471554756164551 / AUROC : 0.9312744140625
[11 time Val AP : 0.978271484375 / AUROC : 0.9840788245201111 ]
[11 time Test AP : 0.8711838316430272 / AUROC : 0.8873776793479919 ]
12 time - 0 epoch, Training loss : 0.4742978811264038 / NS : Val AP : 0.8985576033592224 / AUROC : 0.8857698970020629
12 time - 1 epoch, Training loss : 0.4169580936431885 / NS : Val AP : 0.9331344366073608 / AUROC : 0.9237060546875
12 time - 2 epoch, Training loss : 0.4322987198829651 / NS : Val AP : 0.7787010669708252 / AUROC : 0.7567138671875
12 time - 3 epoch, Training loss : 0.40577125549316406 / NS : Val AP : 0.9239184856414795 / AUROC : 0.9144287109375
12 time - 4 epoch, Training loss : 0.411118745803833 / NS : Val AP : 0.9334250092506409 / AUROC : 0.924072265625
12 time - 5 epoch, Training loss : 0.45593544840812683 / NS : Val AP : 0.7956006526947021 / AUROC : 0.824462890625
12 time - 6 epoch, Training loss : 0.3982105255126953 / NS : Val AP : 0.9307339787483215 / AUROC : 0.9188232421875
12 time - 7 epoch, Training loss : 0.428661048412323 / NS : Val AP : 0.9201020002365112 / AUROC : 0.9013671875
12 time - 8 epoch, Training loss : 0.4032733142375946 / NS : Val AP : 0.9679771661758423 / AUROC : 0.9639892578125
12 time - 9 epoch, Training loss : 0.44730234146118164 / NS : Val AP : 0.9630343914031982 / AUROC : 0.9541015625
12 time - 10 epoch, Training loss : 0.36980438232421875 / NS : Val AP : 0.9358251094818115 / AUROC : 0.9454345703125
12 time - 11 epoch, Training loss : 0.41024845838546753 / NS : Val AP : 0.9254317283630371 / AUROC : 0.9146728515625
12 time - 12 epoch, Training loss : 0.42783430218696594 / NS : Val AP : 0.9746902585029602 / AUROC : 0.9681396484375
12 time - 13 epoch, Training loss : 0.44879335165023804 / NS : Val AP : 0.9804851412773132 / AUROC : 0.9764404296875
12 time - 14 epoch, Training loss : 0.4068492352962494 / NS : Val AP : 0.9492526054382324 / AUROC : 0.937744140625
12 time - 15 epoch, Training loss : 0.41767600178718567 / NS : Val AP : 0.9505066871643066 / AUROC : 0.9412841796875
12 time - 16 epoch, Training loss : 0.4564722180366516 / NS : Val AP : 0.9622188210487366 / AUROC : 0.956298828125
12 time - 17 epoch, Training loss : 0.42479178309440613 / NS : Val AP : 0.9475159645080566 / AUROC : 0.93359375
12 time - 18 epoch, Training loss : 0.39041054248809814 / NS : Val AP : 0.9451815485954285 / AUROC : 0.9462890625
12 time - 19 epoch, Training loss : 0.403833270072937 / NS : Val AP : 0.9422889947891235 / AUROC : 0.9256591796875
12 time - 20 epoch, Training loss : 0.40148454904556274 / NS : Val AP : 0.9626055955886841 / AUROC : 0.944580078125
12 time - 21 epoch, Training loss : 0.4224087595939636 / NS : Val AP : 0.9758318066596985 / AUROC : 0.965087890625
12 time - 22 epoch, Training loss : 0.40376412868499756 / NS : Val AP : 0.9568424820899963 / AUROC : 0.95166015625
12 time - 23 epoch, Training loss : 0.40309643745422363 / NS : Val AP : 0.9482753276824951 / AUROC : 0.941162109375
[12 time Val AP : 0.9764404296875 / AUROC : 0.9804851412773132 ]
[12 time Test AP : 0.8597764741587605 / AUROC : 0.8819715976715088 ]
13 time - 0 epoch, Training loss : 0.43217357993125916 / NS : Val AP : 0.8459795713424683 / AUROC : 0.8349219095566653
13 time - 1 epoch, Training loss : 0.3980219066143036 / NS : Val AP : 0.9377821087837219 / AUROC : 0.9306640625
13 time - 2 epoch, Training loss : 0.38491958379745483 / NS : Val AP : 0.9303640127182007 / AUROC : 0.9132080078125
13 time - 3 epoch, Training loss : 0.3856096863746643 / NS : Val AP : 0.856655478477478 / AUROC : 0.8607177734375
13 time - 4 epoch, Training loss : 0.39911115169525146 / NS : Val AP : 0.8974630236625671 / AUROC : 0.892333984375
13 time - 5 epoch, Training loss : 0.4006633460521698 / NS : Val AP : 0.9392150044441223 / AUROC : 0.9285888671875
13 time - 6 epoch, Training loss : 0.3439009189605713 / NS : Val AP : 0.919836163520813 / AUROC : 0.9111328125
13 time - 7 epoch, Training loss : 0.33771252632141113 / NS : Val AP : 0.9520737528800964 / AUROC : 0.9522705078125
13 time - 8 epoch, Training loss : 0.37626731395721436 / NS : Val AP : 0.9549689292907715 / AUROC : 0.9462890625
13 time - 9 epoch, Training loss : 0.374569296836853 / NS : Val AP : 0.7639129161834717 / AUROC : 0.7359619140625
13 time - 10 epoch, Training loss : 0.38333404064178467 / NS : Val AP : 0.9449273943901062 / AUROC : 0.9390869140625
13 time - 11 epoch, Training loss : 0.3947102427482605 / NS : Val AP : 0.9696820378303528 / AUROC : 0.9659423828125
13 time - 12 epoch, Training loss : 0.37893790006637573 / NS : Val AP : 0.9587793946266174 / AUROC : 0.96044921875
13 time - 13 epoch, Training loss : 0.42428556084632874 / NS : Val AP : 0.9634151458740234 / AUROC : 0.9593505859375
13 time - 14 epoch, Training loss : 0.38644373416900635 / NS : Val AP : 0.9607115983963013 / AUROC : 0.9510498046875
13 time - 15 epoch, Training loss : 0.43364953994750977 / NS : Val AP : 0.9663935303688049 / AUROC : 0.9564208984375
13 time - 16 epoch, Training loss : 0.38921305537223816 / NS : Val AP : 0.9749815464019775 / AUROC : 0.9742431640625
13 time - 17 epoch, Training loss : 0.3844620883464813 / NS : Val AP : 0.9206205606460571 / AUROC : 0.9085693359375
13 time - 18 epoch, Training loss : 0.38887014985084534 / NS : Val AP : 0.9333171248435974 / AUROC : 0.9241943359375
13 time - 19 epoch, Training loss : 0.4019474685192108 / NS : Val AP : 0.9841400384902954 / AUROC : 0.9853515625
13 time - 20 epoch, Training loss : 0.43314194679260254 / NS : Val AP : 0.9776424169540405 / AUROC : 0.97509765625
13 time - 21 epoch, Training loss : 0.41083425283432007 / NS : Val AP : 0.9618155360221863 / AUROC : 0.9566650390625
13 time - 22 epoch, Training loss : 0.4075521230697632 / NS : Val AP : 0.9709323048591614 / AUROC : 0.9630126953125
13 time - 23 epoch, Training loss : 0.394340455532074 / NS : Val AP : 0.9668222069740295 / AUROC : 0.9674072265625
13 time - 24 epoch, Training loss : 0.3713896870613098 / NS : Val AP : 0.74802166223526 / AUROC : 0.791748046875
13 time - 25 epoch, Training loss : 0.3942027986049652 / NS : Val AP : 0.952208399772644 / AUROC : 0.9398193359375
13 time - 26 epoch, Training loss : 0.3897455930709839 / NS : Val AP : 0.9479393362998962 / AUROC : 0.9437255859375
13 time - 27 epoch, Training loss : 0.434327632188797 / NS : Val AP : 0.8759920597076416 / AUROC : 0.890869140625
13 time - 28 epoch, Training loss : 0.3823605179786682 / NS : Val AP : 0.7930475473403931 / AUROC : 0.8094482421875
13 time - 29 epoch, Training loss : 0.3732430934906006 / NS : Val AP : 0.9303805232048035 / AUROC : 0.9248046875
[13 time Val AP : 0.9853515625 / AUROC : 0.9841400384902954 ]
[13 time Test AP : 0.9493332481840634 / AUROC : 0.9553581476211548 ]
14 time - 0 epoch, Training loss : 0.3851713538169861 / NS : Val AP : 0.9039251804351807 / AUROC : 0.8842102618299637
14 time - 1 epoch, Training loss : 0.44855016469955444 / NS : Val AP : 0.9499052166938782 / AUROC : 0.9462890625
14 time - 2 epoch, Training loss : 0.45935574173927307 / NS : Val AP : 0.9433044791221619 / AUROC : 0.9329833984375
14 time - 3 epoch, Training loss : 0.45336633920669556 / NS : Val AP : 0.8736347556114197 / AUROC : 0.864501953125
14 time - 4 epoch, Training loss : 0.45366400480270386 / NS : Val AP : 0.9321620464324951 / AUROC : 0.925537109375
14 time - 5 epoch, Training loss : 0.45288148522377014 / NS : Val AP : 0.9756056070327759 / AUROC : 0.9691162109375
14 time - 6 epoch, Training loss : 0.4415433704853058 / NS : Val AP : 0.9354985952377319 / AUROC : 0.910888671875
14 time - 7 epoch, Training loss : 0.46572744846343994 / NS : Val AP : 0.9565340876579285 / AUROC : 0.9517822265625
14 time - 8 epoch, Training loss : 0.41672444343566895 / NS : Val AP : 0.9654529690742493 / AUROC : 0.9503173828125
14 time - 9 epoch, Training loss : 0.446298748254776 / NS : Val AP : 0.937012255191803 / AUROC : 0.9251708984375
14 time - 10 epoch, Training loss : 0.43439093232154846 / NS : Val AP : 0.9702847003936768 / AUROC : 0.961669921875
14 time - 11 epoch, Training loss : 0.46173909306526184 / NS : Val AP : 0.8815864324569702 / AUROC : 0.8935546875
14 time - 12 epoch, Training loss : 0.43573564291000366 / NS : Val AP : 0.9653353691101074 / AUROC : 0.95947265625
14 time - 13 epoch, Training loss : 0.4270736277103424 / NS : Val AP : 0.9414114952087402 / AUROC : 0.9189453125
14 time - 14 epoch, Training loss : 0.4244891405105591 / NS : Val AP : 0.8995413780212402 / AUROC : 0.883544921875
14 time - 15 epoch, Training loss : 0.45151084661483765 / NS : Val AP : 0.9718664884567261 / AUROC : 0.9705810546875
14 time - 16 epoch, Training loss : 0.44071054458618164 / NS : Val AP : 0.9587984085083008 / AUROC : 0.9466552734375
14 time - 17 epoch, Training loss : 0.41206082701683044 / NS : Val AP : 0.8358404636383057 / AUROC : 0.8212890625
14 time - 18 epoch, Training loss : 0.4215470552444458 / NS : Val AP : 0.9177612662315369 / AUROC : 0.90478515625
14 time - 19 epoch, Training loss : 0.42251911759376526 / NS : Val AP : 0.9429063200950623 / AUROC : 0.9315185546875
14 time - 20 epoch, Training loss : 0.43453890085220337 / NS : Val AP : 0.9176930785179138 / AUROC : 0.9058837890625
14 time - 21 epoch, Training loss : 0.44123372435569763 / NS : Val AP : 0.9514228701591492 / AUROC : 0.941650390625
14 time - 22 epoch, Training loss : 0.4238014221191406 / NS : Val AP : 0.9546213150024414 / AUROC : 0.9395751953125
14 time - 23 epoch, Training loss : 0.4627792239189148 / NS : Val AP : 0.9690432548522949 / AUROC : 0.9658203125
14 time - 24 epoch, Training loss : 0.4356400966644287 / NS : Val AP : 0.9085068106651306 / AUROC : 0.87841796875
14 time - 25 epoch, Training loss : 0.468631386756897 / NS : Val AP : 0.9342749714851379 / AUROC : 0.919921875
[14 time Val AP : 0.9705810546875 / AUROC : 0.9718664884567261 ]
[14 time Test AP : 0.8172121339240876 / AUROC : 0.8480986952781677 ]
15 time - 0 epoch, Training loss : 0.4272919297218323 / NS : Val AP : 0.8907727003097534 / AUROC : 0.8709193695007691
15 time - 1 epoch, Training loss : 0.40527206659317017 / NS : Val AP : 0.9657490253448486 / AUROC : 0.955322265625
15 time - 2 epoch, Training loss : 0.47128477692604065 / NS : Val AP : 0.9821580648422241 / AUROC : 0.9779052734375
15 time - 3 epoch, Training loss : 0.4220072031021118 / NS : Val AP : 0.9209203124046326 / AUROC : 0.8985595703125
15 time - 4 epoch, Training loss : 0.45634377002716064 / NS : Val AP : 0.9855051636695862 / AUROC : 0.9805908203125
15 time - 5 epoch, Training loss : 0.4423823356628418 / NS : Val AP : 0.9260745644569397 / AUROC : 0.9151611328125
15 time - 6 epoch, Training loss : 0.44396114349365234 / NS : Val AP : 0.953129231929779 / AUROC : 0.9378662109375
15 time - 7 epoch, Training loss : 0.45224466919898987 / NS : Val AP : 0.883152961730957 / AUROC : 0.8701171875
15 time - 8 epoch, Training loss : 0.4470731019973755 / NS : Val AP : 0.980489194393158 / AUROC : 0.9818115234375
15 time - 9 epoch, Training loss : 0.4410739839076996 / NS : Val AP : 0.9641570448875427 / AUROC : 0.9588623046875
15 time - 10 epoch, Training loss : 0.4452662467956543 / NS : Val AP : 0.9661995768547058 / AUROC : 0.9627685546875
15 time - 11 epoch, Training loss : 0.45343488454818726 / NS : Val AP : 0.9906485080718994 / AUROC : 0.989501953125
15 time - 12 epoch, Training loss : 0.4475402534008026 / NS : Val AP : 0.9392634630203247 / AUROC : 0.9281005859375
15 time - 13 epoch, Training loss : 0.436687171459198 / NS : Val AP : 0.9110593199729919 / AUROC : 0.899658203125
15 time - 14 epoch, Training loss : 0.41141510009765625 / NS : Val AP : 0.943814754486084 / AUROC : 0.935302734375
15 time - 15 epoch, Training loss : 0.43995654582977295 / NS : Val AP : 0.9352343678474426 / AUROC : 0.9281005859375
15 time - 16 epoch, Training loss : 0.4220617115497589 / NS : Val AP : 0.9293451309204102 / AUROC : 0.9185791015625
15 time - 17 epoch, Training loss : 0.42636293172836304 / NS : Val AP : 0.9538488984107971 / AUROC : 0.93408203125
15 time - 18 epoch, Training loss : 0.4396341145038605 / NS : Val AP : 0.960708498954773 / AUROC : 0.949462890625
15 time - 19 epoch, Training loss : 0.4348255395889282 / NS : Val AP : 0.9556096196174622 / AUROC : 0.9517822265625
15 time - 20 epoch, Training loss : 0.43430787324905396 / NS : Val AP : 0.965572714805603 / AUROC : 0.96484375
15 time - 21 epoch, Training loss : 0.4361127018928528 / NS : Val AP : 0.9727214574813843 / AUROC : 0.970703125
[15 time Val AP : 0.989501953125 / AUROC : 0.9906485080718994 ]
[15 time Test AP : 0.9018135683512418 / AUROC : 0.9186450242996216 ]
16 time - 0 epoch, Training loss : 0.38868147134780884 / NS : Val AP : 0.928062379360199 / AUROC : 0.9111024425925942
16 time - 1 epoch, Training loss : 0.4612653851509094 / NS : Val AP : 0.9538871645927429 / AUROC : 0.9395751953125
16 time - 2 epoch, Training loss : 0.43190911412239075 / NS : Val AP : 0.95685875415802 / AUROC : 0.9495849609375
16 time - 3 epoch, Training loss : 0.44385433197021484 / NS : Val AP : 0.9108034372329712 / AUROC : 0.8946533203125
16 time - 4 epoch, Training loss : 0.4354415535926819 / NS : Val AP : 0.6031545996665955 / AUROC : 0.65087890625
16 time - 5 epoch, Training loss : 0.4296828508377075 / NS : Val AP : 0.9483556151390076 / AUROC : 0.9356689453125
16 time - 6 epoch, Training loss : 0.43779879808425903 / NS : Val AP : 0.9573532342910767 / AUROC : 0.9500732421875
16 time - 7 epoch, Training loss : 0.44222164154052734 / NS : Val AP : 0.9200907349586487 / AUROC : 0.905029296875
16 time - 8 epoch, Training loss : 0.41542109847068787 / NS : Val AP : 0.7398662567138672 / AUROC : 0.770263671875
16 time - 9 epoch, Training loss : 0.4353175163269043 / NS : Val AP : 0.9263566136360168 / AUROC : 0.9058837890625
16 time - 10 epoch, Training loss : 0.4203264117240906 / NS : Val AP : 0.9528224468231201 / AUROC : 0.943115234375
16 time - 11 epoch, Training loss : 0.44262146949768066 / NS : Val AP : 0.9629192352294922 / AUROC : 0.9508056640625
16 time - 12 epoch, Training loss : 0.45626676082611084 / NS : Val AP : 0.9549353718757629 / AUROC : 0.9417724609375
16 time - 13 epoch, Training loss : 0.4401822090148926 / NS : Val AP : 0.9561728835105896 / AUROC : 0.94287109375
16 time - 14 epoch, Training loss : 0.4250221848487854 / NS : Val AP : 0.9662948846817017 / AUROC : 0.960205078125
16 time - 15 epoch, Training loss : 0.44691696763038635 / NS : Val AP : 0.9596012830734253 / AUROC : 0.9503173828125
16 time - 16 epoch, Training loss : 0.42053961753845215 / NS : Val AP : 0.915932834148407 / AUROC : 0.8916015625
16 time - 17 epoch, Training loss : 0.4230540096759796 / NS : Val AP : 0.9618310928344727 / AUROC : 0.9549560546875
16 time - 18 epoch, Training loss : 0.4213747978210449 / NS : Val AP : 0.9722588658332825 / AUROC : 0.966796875
16 time - 19 epoch, Training loss : 0.43090441823005676 / NS : Val AP : 0.9601354002952576 / AUROC : 0.95947265625
16 time - 20 epoch, Training loss : 0.48329591751098633 / NS : Val AP : 0.9554939270019531 / AUROC : 0.9498291015625
16 time - 21 epoch, Training loss : 0.440144807100296 / NS : Val AP : 0.9769359827041626 / AUROC : 0.975830078125
16 time - 22 epoch, Training loss : 0.43916451930999756 / NS : Val AP : 0.9591888785362244 / AUROC : 0.955078125
16 time - 23 epoch, Training loss : 0.43353748321533203 / NS : Val AP : 0.9758272171020508 / AUROC : 0.9720458984375
16 time - 24 epoch, Training loss : 0.44227156043052673 / NS : Val AP : 0.9622364044189453 / AUROC : 0.9578857421875
16 time - 25 epoch, Training loss : 0.4371657967567444 / NS : Val AP : 0.9335298538208008 / AUROC : 0.9149169921875
16 time - 26 epoch, Training loss : 0.45307114720344543 / NS : Val AP : 0.9709361791610718 / AUROC : 0.9710693359375
16 time - 27 epoch, Training loss : 0.417559415102005 / NS : Val AP : 0.9555053114891052 / AUROC : 0.9439697265625
16 time - 28 epoch, Training loss : 0.4614804983139038 / NS : Val AP : 0.980413019657135 / AUROC : 0.98095703125
16 time - 29 epoch, Training loss : 0.4438169002532959 / NS : Val AP : 0.9686005115509033 / AUROC : 0.9677734375
16 time - 30 epoch, Training loss : 0.46132928133010864 / NS : Val AP : 0.940311074256897 / AUROC : 0.913818359375
16 time - 31 epoch, Training loss : 0.45608776807785034 / NS : Val AP : 0.9582824110984802 / AUROC : 0.9517822265625
16 time - 32 epoch, Training loss : 0.4109824597835541 / NS : Val AP : 0.9694551825523376 / AUROC : 0.9671630859375
16 time - 33 epoch, Training loss : 0.4082670211791992 / NS : Val AP : 0.990006685256958 / AUROC : 0.9884033203125
16 time - 34 epoch, Training loss : 0.4636648893356323 / NS : Val AP : 0.9700092077255249 / AUROC : 0.9635009765625
16 time - 35 epoch, Training loss : 0.4415961802005768 / NS : Val AP : 0.9636385440826416 / AUROC : 0.9605712890625
16 time - 36 epoch, Training loss : 0.42656373977661133 / NS : Val AP : 0.9734007716178894 / AUROC : 0.966064453125
16 time - 37 epoch, Training loss : 0.43748390674591064 / NS : Val AP : 0.9906470775604248 / AUROC : 0.9908447265625
16 time - 38 epoch, Training loss : 0.4619295001029968 / NS : Val AP : 0.9673145413398743 / AUROC : 0.956787109375
16 time - 39 epoch, Training loss : 0.4415283501148224 / NS : Val AP : 0.9300016164779663 / AUROC : 0.9212646484375
16 time - 40 epoch, Training loss : 0.4204806089401245 / NS : Val AP : 0.972265362739563 / AUROC : 0.968505859375
16 time - 41 epoch, Training loss : 0.42304521799087524 / NS : Val AP : 0.9602285027503967 / AUROC : 0.9476318359375
16 time - 42 epoch, Training loss : 0.4518625736236572 / NS : Val AP : 0.9337459802627563 / AUROC : 0.9285888671875
16 time - 43 epoch, Training loss : 0.43835365772247314 / NS : Val AP : 0.8601431846618652 / AUROC : 0.8297119140625
16 time - 44 epoch, Training loss : 0.45395219326019287 / NS : Val AP : 0.9379560351371765 / AUROC : 0.9232177734375
16 time - 45 epoch, Training loss : 0.43709543347358704 / NS : Val AP : 0.9486746191978455 / AUROC : 0.928466796875
16 time - 46 epoch, Training loss : 0.43570399284362793 / NS : Val AP : 0.9681451320648193 / AUROC : 0.9620361328125
16 time - 47 epoch, Training loss : 0.44056761264801025 / NS : Val AP : 0.9781543612480164 / AUROC : 0.9774169921875
[16 time Val AP : 0.9908447265625 / AUROC : 0.9906470775604248 ]
[16 time Test AP : 0.943426825020488 / AUROC : 0.9519475102424622 ]
17 time - 0 epoch, Training loss : 0.44801056385040283 / NS : Val AP : 0.8843231201171875 / AUROC : 0.8520024911381422
17 time - 1 epoch, Training loss : 0.46806132793426514 / NS : Val AP : 0.9601656794548035 / AUROC : 0.9576416015625
17 time - 2 epoch, Training loss : 0.4601260721683502 / NS : Val AP : 0.5535110235214233 / AUROC : 0.4390869140625
17 time - 3 epoch, Training loss : 0.4351781904697418 / NS : Val AP : 0.8992072343826294 / AUROC : 0.877685546875
17 time - 4 epoch, Training loss : 0.49280795454978943 / NS : Val AP : 0.5418035387992859 / AUROC : 0.4678955078125
17 time - 5 epoch, Training loss : 0.47163763642311096 / NS : Val AP : 0.8919188380241394 / AUROC : 0.8868408203125
17 time - 6 epoch, Training loss : 0.46690475940704346 / NS : Val AP : 0.9567939043045044 / AUROC : 0.94580078125
17 time - 7 epoch, Training loss : 0.44642579555511475 / NS : Val AP : 0.9544094204902649 / AUROC : 0.9473876953125
17 time - 8 epoch, Training loss : 0.4638078212738037 / NS : Val AP : 0.9259045124053955 / AUROC : 0.923095703125
17 time - 9 epoch, Training loss : 0.4808948338031769 / NS : Val AP : 0.9658361673355103 / AUROC : 0.9605712890625
17 time - 10 epoch, Training loss : 0.44077473878860474 / NS : Val AP : 0.9786930084228516 / AUROC : 0.97802734375
17 time - 11 epoch, Training loss : 0.450494647026062 / NS : Val AP : 0.9678897261619568 / AUROC : 0.9537353515625
17 time - 12 epoch, Training loss : 0.4414944350719452 / NS : Val AP : 0.9567519426345825 / AUROC : 0.947509765625
17 time - 13 epoch, Training loss : 0.468289315700531 / NS : Val AP : 0.9601997137069702 / AUROC : 0.9483642578125
17 time - 14 epoch, Training loss : 0.4617239534854889 / NS : Val AP : 0.9606876969337463 / AUROC : 0.952392578125
17 time - 15 epoch, Training loss : 0.45043161511421204 / NS : Val AP : 0.9140278697013855 / AUROC : 0.8878173828125
17 time - 16 epoch, Training loss : 0.4680395722389221 / NS : Val AP : 0.9026144742965698 / AUROC : 0.8751220703125
17 time - 17 epoch, Training loss : 0.44261664152145386 / NS : Val AP : 0.9345713257789612 / AUROC : 0.9195556640625
17 time - 18 epoch, Training loss : 0.4765174984931946 / NS : Val AP : 0.976759672164917 / AUROC : 0.968994140625
17 time - 19 epoch, Training loss : 0.44633668661117554 / NS : Val AP : 0.9452273845672607 / AUROC : 0.9234619140625
17 time - 20 epoch, Training loss : 0.40680932998657227 / NS : Val AP : 0.9343258738517761 / AUROC : 0.9134521484375
[17 time Val AP : 0.97802734375 / AUROC : 0.9786930084228516 ]
[17 time Test AP : 0.8572276450412051 / AUROC : 0.8929114937782288 ]
18 time - 0 epoch, Training loss : 0.449436217546463 / NS : Val AP : 0.8798996806144714 / AUROC : 0.8475017980913262
18 time - 1 epoch, Training loss : 0.443325012922287 / NS : Val AP : 0.48241013288497925 / AUROC : 0.5205078125
18 time - 2 epoch, Training loss : 0.4382592439651489 / NS : Val AP : 0.8401957750320435 / AUROC : 0.8099365234375
18 time - 3 epoch, Training loss : 0.43371933698654175 / NS : Val AP : 0.7654024362564087 / AUROC : 0.7779541015625
18 time - 4 epoch, Training loss : 0.41727736592292786 / NS : Val AP : 0.8974435329437256 / AUROC : 0.855224609375
18 time - 5 epoch, Training loss : 0.4497016370296478 / NS : Val AP : 0.9255260229110718 / AUROC : 0.908935546875
18 time - 6 epoch, Training loss : 0.4631166160106659 / NS : Val AP : 0.9650609493255615 / AUROC : 0.954833984375
18 time - 7 epoch, Training loss : 0.4768931269645691 / NS : Val AP : 0.941440761089325 / AUROC : 0.9332275390625
18 time - 8 epoch, Training loss : 0.4166419506072998 / NS : Val AP : 0.9439325332641602 / AUROC : 0.930419921875
18 time - 9 epoch, Training loss : 0.447360634803772 / NS : Val AP : 0.955133318901062 / AUROC : 0.9417724609375
18 time - 10 epoch, Training loss : 0.4508935809135437 / NS : Val AP : 0.9337722659111023 / AUROC : 0.920654296875
18 time - 11 epoch, Training loss : 0.46301597356796265 / NS : Val AP : 0.9542866945266724 / AUROC : 0.9500732421875
18 time - 12 epoch, Training loss : 0.45106738805770874 / NS : Val AP : 0.9489112496376038 / AUROC : 0.9298095703125
18 time - 13 epoch, Training loss : 0.44973039627075195 / NS : Val AP : 0.9566019177436829 / AUROC : 0.9501953125
18 time - 14 epoch, Training loss : 0.4392366409301758 / NS : Val AP : 0.9834333658218384 / AUROC : 0.9796142578125
18 time - 15 epoch, Training loss : 0.44033730030059814 / NS : Val AP : 0.9282636642456055 / AUROC : 0.9130859375
18 time - 16 epoch, Training loss : 0.4498353600502014 / NS : Val AP : 0.7145047187805176 / AUROC : 0.689208984375
18 time - 17 epoch, Training loss : 0.4521540701389313 / NS : Val AP : 0.9255491495132446 / AUROC : 0.9117431640625
18 time - 18 epoch, Training loss : 0.4573551118373871 / NS : Val AP : 0.9401018023490906 / AUROC : 0.934326171875
18 time - 19 epoch, Training loss : 0.4473503530025482 / NS : Val AP : 0.9552286863327026 / AUROC : 0.94677734375
18 time - 20 epoch, Training loss : 0.407359778881073 / NS : Val AP : 0.9391043782234192 / AUROC : 0.93115234375
18 time - 21 epoch, Training loss : 0.4538385272026062 / NS : Val AP : 0.854766845703125 / AUROC : 0.832763671875
18 time - 22 epoch, Training loss : 0.4318799078464508 / NS : Val AP : 0.9372240900993347 / AUROC : 0.9197998046875
18 time - 23 epoch, Training loss : 0.43370652198791504 / NS : Val AP : 0.9623008966445923 / AUROC : 0.9576416015625
18 time - 24 epoch, Training loss : 0.46385854482650757 / NS : Val AP : 0.9554182291030884 / AUROC : 0.9512939453125
[18 time Val AP : 0.9796142578125 / AUROC : 0.9834333658218384 ]
[18 time Test AP : 0.9302898493363438 / AUROC : 0.9430810809135437 ]
19 time - 0 epoch, Training loss : 0.4449494481086731 / NS : Val AP : 0.9227245450019836 / AUROC : 0.9014439419083684
19 time - 1 epoch, Training loss : 0.4669143557548523 / NS : Val AP : 0.9228975772857666 / AUROC : 0.90380859375
19 time - 2 epoch, Training loss : 0.44690608978271484 / NS : Val AP : 0.9592861533164978 / AUROC : 0.947021484375
19 time - 3 epoch, Training loss : 0.4825546145439148 / NS : Val AP : 0.9456713199615479 / AUROC : 0.9365234375
19 time - 4 epoch, Training loss : 0.43453243374824524 / NS : Val AP : 0.9114761352539062 / AUROC : 0.8880615234375
19 time - 5 epoch, Training loss : 0.4375162422657013 / NS : Val AP : 0.9590060114860535 / AUROC : 0.941162109375
19 time - 6 epoch, Training loss : 0.4560666084289551 / NS : Val AP : 0.9024094343185425 / AUROC : 0.88671875
19 time - 7 epoch, Training loss : 0.44763731956481934 / NS : Val AP : 0.9485567808151245 / AUROC : 0.9456787109375
19 time - 8 epoch, Training loss : 0.4655250906944275 / NS : Val AP : 0.9503474235534668 / AUROC : 0.943603515625
19 time - 9 epoch, Training loss : 0.46423590183258057 / NS : Val AP : 0.9523362517356873 / AUROC : 0.939208984375
19 time - 10 epoch, Training loss : 0.45800018310546875 / NS : Val AP : 0.962710976600647 / AUROC : 0.957763671875
19 time - 11 epoch, Training loss : 0.4586871266365051 / NS : Val AP : 0.9368699789047241 / AUROC : 0.9176025390625
19 time - 12 epoch, Training loss : 0.4488590657711029 / NS : Val AP : 0.9636231064796448 / AUROC : 0.956298828125
19 time - 13 epoch, Training loss : 0.43895262479782104 / NS : Val AP : 0.973453164100647 / AUROC : 0.9661865234375
19 time - 14 epoch, Training loss : 0.46027112007141113 / NS : Val AP : 0.9261399507522583 / AUROC : 0.8931884765625
19 time - 15 epoch, Training loss : 0.46568384766578674 / NS : Val AP : 0.9676695466041565 / AUROC : 0.959716796875
19 time - 16 epoch, Training loss : 0.4631497263908386 / NS : Val AP : 0.9540014863014221 / AUROC : 0.9407958984375
19 time - 17 epoch, Training loss : 0.4594414532184601 / NS : Val AP : 0.9509701728820801 / AUROC : 0.9423828125
19 time - 18 epoch, Training loss : 0.454456627368927 / NS : Val AP : 0.945183277130127 / AUROC : 0.928955078125
19 time - 19 epoch, Training loss : 0.46396782994270325 / NS : Val AP : 0.9465441703796387 / AUROC : 0.934814453125
19 time - 20 epoch, Training loss : 0.4543745815753937 / NS : Val AP : 0.9565190672874451 / AUROC : 0.9412841796875
19 time - 21 epoch, Training loss : 0.4590444564819336 / NS : Val AP : 0.9593226909637451 / AUROC : 0.9521484375
19 time - 22 epoch, Training loss : 0.4665905833244324 / NS : Val AP : 0.9486982226371765 / AUROC : 0.9444580078125
19 time - 23 epoch, Training loss : 0.43426811695098877 / NS : Val AP : 0.9597623944282532 / AUROC : 0.95361328125
[19 time Val AP : 0.9661865234375 / AUROC : 0.973453164100647 ]
[19 time Test AP : 0.8463758667514638 / AUROC : 0.8828989267349243 ]
20 time - 0 epoch, Training loss : 0.4576626420021057 / NS : Val AP : 0.912970244884491 / AUROC : 0.8870587666175991
20 time - 1 epoch, Training loss : 0.4286724627017975 / NS : Val AP : 0.9737374782562256 / AUROC : 0.9677734375
20 time - 2 epoch, Training loss : 0.4170357882976532 / NS : Val AP : 0.9535544514656067 / AUROC : 0.933349609375
20 time - 3 epoch, Training loss : 0.3854219615459442 / NS : Val AP : 0.9449853301048279 / AUROC : 0.93408203125
20 time - 4 epoch, Training loss : 0.45422402024269104 / NS : Val AP : 0.955957293510437 / AUROC : 0.9383544921875
20 time - 5 epoch, Training loss : 0.4481264650821686 / NS : Val AP : 0.948902428150177 / AUROC : 0.941650390625
20 time - 6 epoch, Training loss : 0.44139453768730164 / NS : Val AP : 0.9702710509300232 / AUROC : 0.9625244140625
20 time - 7 epoch, Training loss : 0.45411044359207153 / NS : Val AP : 0.9531391263008118 / AUROC : 0.936279296875
20 time - 8 epoch, Training loss : 0.4486718475818634 / NS : Val AP : 0.9412556886672974 / AUROC : 0.9244384765625
20 time - 9 epoch, Training loss : 0.4198020100593567 / NS : Val AP : 0.7584116458892822 / AUROC : 0.745849609375
20 time - 10 epoch, Training loss : 0.4322878122329712 / NS : Val AP : 0.961445689201355 / AUROC : 0.951171875
20 time - 11 epoch, Training loss : 0.451662540435791 / NS : Val AP : 0.9592952132225037 / AUROC : 0.9512939453125
[20 time Val AP : 0.9677734375 / AUROC : 0.9737374782562256 ]
[20 time Test AP : 0.9036705281137967 / AUROC : 0.9257552027702332 ]
21 time - 0 epoch, Training loss : 0.4263140857219696 / NS : Val AP : 0.8872531652450562 / AUROC : 0.8574228626134456
21 time - 1 epoch, Training loss : 0.4602998197078705 / NS : Val AP : 0.9562708139419556 / AUROC : 0.9444580078125
21 time - 2 epoch, Training loss : 0.4398735761642456 / NS : Val AP : 0.9221555590629578 / AUROC : 0.90673828125
21 time - 3 epoch, Training loss : 0.4749903380870819 / NS : Val AP : 0.946898341178894 / AUROC : 0.9315185546875
21 time - 4 epoch, Training loss : 0.4733124077320099 / NS : Val AP : 0.9587481617927551 / AUROC : 0.94482421875
21 time - 5 epoch, Training loss : 0.4190453886985779 / NS : Val AP : 0.9655958414077759 / AUROC : 0.9593505859375
21 time - 6 epoch, Training loss : 0.4398673176765442 / NS : Val AP : 0.6258292198181152 / AUROC : 0.6160888671875
21 time - 7 epoch, Training loss : 0.4510367214679718 / NS : Val AP : 0.9250648021697998 / AUROC : 0.8916015625
21 time - 8 epoch, Training loss : 0.450405091047287 / NS : Val AP : 0.9700448513031006 / AUROC : 0.960693359375
21 time - 9 epoch, Training loss : 0.4420655369758606 / NS : Val AP : 0.5932881832122803 / AUROC : 0.5047607421875
21 time - 10 epoch, Training loss : 0.4340750575065613 / NS : Val AP : 0.9603112936019897 / AUROC : 0.948974609375
21 time - 11 epoch, Training loss : 0.44928258657455444 / NS : Val AP : 0.9316034317016602 / AUROC : 0.922607421875
21 time - 12 epoch, Training loss : 0.401277631521225 / NS : Val AP : 0.9513744115829468 / AUROC : 0.93310546875
21 time - 13 epoch, Training loss : 0.4536447525024414 / NS : Val AP : 0.9567992687225342 / AUROC : 0.945068359375
21 time - 14 epoch, Training loss : 0.41578495502471924 / NS : Val AP : 0.9698376059532166 / AUROC : 0.9635009765625
21 time - 15 epoch, Training loss : 0.4659528136253357 / NS : Val AP : 0.9659210443496704 / AUROC : 0.958984375
21 time - 16 epoch, Training loss : 0.4404198229312897 / NS : Val AP : 0.9256384372711182 / AUROC : 0.89990234375
21 time - 17 epoch, Training loss : 0.43594634532928467 / NS : Val AP : 0.9256168603897095 / AUROC : 0.9088134765625
21 time - 18 epoch, Training loss : 0.4470682740211487 / NS : Val AP : 0.929260790348053 / AUROC : 0.91455078125
21 time - 19 epoch, Training loss : 0.43636640906333923 / NS : Val AP : 0.92908775806427 / AUROC : 0.92529296875
21 time - 20 epoch, Training loss : 0.4489498734474182 / NS : Val AP : 0.9758195877075195 / AUROC : 0.970458984375
21 time - 21 epoch, Training loss : 0.45160263776779175 / NS : Val AP : 0.9748016595840454 / AUROC : 0.970703125
21 time - 22 epoch, Training loss : 0.4494965374469757 / NS : Val AP : 0.9580912590026855 / AUROC : 0.9566650390625
21 time - 23 epoch, Training loss : 0.46053457260131836 / NS : Val AP : 0.9652157425880432 / AUROC : 0.9581298828125
21 time - 24 epoch, Training loss : 0.44806724786758423 / NS : Val AP : 0.9626835584640503 / AUROC : 0.954833984375
21 time - 25 epoch, Training loss : 0.43892157077789307 / NS : Val AP : 0.9603981375694275 / AUROC : 0.9583740234375
21 time - 26 epoch, Training loss : 0.4418039917945862 / NS : Val AP : 0.9624226689338684 / AUROC : 0.953369140625
21 time - 27 epoch, Training loss : 0.45737114548683167 / NS : Val AP : 0.9109367728233337 / AUROC : 0.8924560546875
21 time - 28 epoch, Training loss : 0.4462176561355591 / NS : Val AP : 0.9380756616592407 / AUROC : 0.9212646484375
21 time - 29 epoch, Training loss : 0.435777485370636 / NS : Val AP : 0.8844543099403381 / AUROC : 0.8572998046875
21 time - 30 epoch, Training loss : 0.45834776759147644 / NS : Val AP : 0.9517868161201477 / AUROC : 0.93896484375
21 time - 31 epoch, Training loss : 0.45193231105804443 / NS : Val AP : 0.9447078108787537 / AUROC : 0.923583984375
[21 time Val AP : 0.970703125 / AUROC : 0.9748016595840454 ]
[21 time Test AP : 0.8995972332168636 / AUROC : 0.9212332367897034 ]
22 time - 0 epoch, Training loss : 0.46607592701911926 / NS : Val AP : 0.8865280151367188 / AUROC : 0.8527831441938533
22 time - 1 epoch, Training loss : 0.44607529044151306 / NS : Val AP : 0.9051311016082764 / AUROC : 0.8909912109375
22 time - 2 epoch, Training loss : 0.4535905420780182 / NS : Val AP : 0.9360526204109192 / AUROC : 0.8974609375
22 time - 3 epoch, Training loss : 0.4391126036643982 / NS : Val AP : 0.9670290350914001 / AUROC : 0.961181640625
22 time - 4 epoch, Training loss : 0.43825024366378784 / NS : Val AP : 0.919884979724884 / AUROC : 0.899169921875
22 time - 5 epoch, Training loss : 0.45414674282073975 / NS : Val AP : 0.9052774906158447 / AUROC : 0.879150390625
22 time - 6 epoch, Training loss : 0.42558979988098145 / NS : Val AP : 0.9649661779403687 / AUROC : 0.9554443359375
22 time - 7 epoch, Training loss : 0.41518062353134155 / NS : Val AP : 0.9549431800842285 / AUROC : 0.939453125
22 time - 8 epoch, Training loss : 0.4327840209007263 / NS : Val AP : 0.9534515142440796 / AUROC : 0.9375
22 time - 9 epoch, Training loss : 0.44099801778793335 / NS : Val AP : 0.8961398005485535 / AUROC : 0.8814697265625
22 time - 10 epoch, Training loss : 0.44197630882263184 / NS : Val AP : 0.9445921182632446 / AUROC : 0.9296875
22 time - 11 epoch, Training loss : 0.45268094539642334 / NS : Val AP : 0.9072487354278564 / AUROC : 0.8817138671875
22 time - 12 epoch, Training loss : 0.4552673101425171 / NS : Val AP : 0.9855888485908508 / AUROC : 0.98046875
22 time - 13 epoch, Training loss : 0.47733980417251587 / NS : Val AP : 0.9498552083969116 / AUROC : 0.9383544921875
22 time - 14 epoch, Training loss : 0.47574734687805176 / NS : Val AP : 0.9424749612808228 / AUROC : 0.9285888671875
22 time - 15 epoch, Training loss : 0.4692482650279999 / NS : Val AP : 0.9553099870681763 / AUROC : 0.9337158203125
22 time - 16 epoch, Training loss : 0.46416959166526794 / NS : Val AP : 0.9279049038887024 / AUROC : 0.911376953125
22 time - 17 epoch, Training loss : 0.4766545295715332 / NS : Val AP : 0.9371694326400757 / AUROC : 0.9197998046875
22 time - 18 epoch, Training loss : 0.450528085231781 / NS : Val AP : 0.9641314148902893 / AUROC : 0.9559326171875
22 time - 19 epoch, Training loss : 0.45002439618110657 / NS : Val AP : 0.9686157703399658 / AUROC : 0.9613037109375
22 time - 20 epoch, Training loss : 0.463484525680542 / NS : Val AP : 0.9669450521469116 / AUROC : 0.9610595703125
22 time - 21 epoch, Training loss : 0.4314154386520386 / NS : Val AP : 0.9377765655517578 / AUROC : 0.93359375
22 time - 22 epoch, Training loss : 0.4370421767234802 / NS : Val AP : 0.9611332416534424 / AUROC : 0.94677734375
[22 time Val AP : 0.98046875 / AUROC : 0.9855888485908508 ]
[22 time Test AP : 0.8207713082171957 / AUROC : 0.857327401638031 ]
23 time - 0 epoch, Training loss : 0.4149283766746521 / NS : Val AP : 0.8775056004524231 / AUROC : 0.8444160138361556
23 time - 1 epoch, Training loss : 0.439715713262558 / NS : Val AP : 0.7207508683204651 / AUROC : 0.6729736328125
23 time - 2 epoch, Training loss : 0.4233488440513611 / NS : Val AP : 0.8798060417175293 / AUROC : 0.841064453125
23 time - 3 epoch, Training loss : 0.46091631054878235 / NS : Val AP : 0.917891263961792 / AUROC : 0.8935546875
23 time - 4 epoch, Training loss : 0.41699501872062683 / NS : Val AP : 0.574446976184845 / AUROC : 0.596435546875
23 time - 5 epoch, Training loss : 0.4363406300544739 / NS : Val AP : 0.948117196559906 / AUROC : 0.928955078125
23 time - 6 epoch, Training loss : 0.4239931106567383 / NS : Val AP : 0.939288318157196 / AUROC : 0.9273681640625
23 time - 7 epoch, Training loss : 0.4613668918609619 / NS : Val AP : 0.6301360726356506 / AUROC : 0.615234375
23 time - 8 epoch, Training loss : 0.4387477934360504 / NS : Val AP : 0.8864518404006958 / AUROC : 0.852783203125
23 time - 9 epoch, Training loss : 0.4505968689918518 / NS : Val AP : 0.9469475746154785 / AUROC : 0.932861328125
23 time - 10 epoch, Training loss : 0.41035497188568115 / NS : Val AP : 0.9573549032211304 / AUROC : 0.9400634765625
23 time - 11 epoch, Training loss : 0.45880988240242004 / NS : Val AP : 0.9455870389938354 / AUROC : 0.9290771484375
23 time - 12 epoch, Training loss : 0.4317529797554016 / NS : Val AP : 0.9464386105537415 / AUROC : 0.936279296875
23 time - 13 epoch, Training loss : 0.45652103424072266 / NS : Val AP : 0.9647983908653259 / AUROC : 0.956787109375
23 time - 14 epoch, Training loss : 0.4125506579875946 / NS : Val AP : 0.7183657884597778 / AUROC : 0.7021484375
23 time - 15 epoch, Training loss : 0.4481736421585083 / NS : Val AP : 0.9205697178840637 / AUROC : 0.906494140625
23 time - 16 epoch, Training loss : 0.45030245184898376 / NS : Val AP : 0.9655870199203491 / AUROC : 0.955078125
23 time - 17 epoch, Training loss : 0.41943833231925964 / NS : Val AP : 0.9550076127052307 / AUROC : 0.9486083984375
23 time - 18 epoch, Training loss : 0.4560660123825073 / NS : Val AP : 0.782296895980835 / AUROC : 0.780517578125
23 time - 19 epoch, Training loss : 0.41888558864593506 / NS : Val AP : 0.9441438913345337 / AUROC : 0.9332275390625
23 time - 20 epoch, Training loss : 0.4616599977016449 / NS : Val AP : 0.9370795488357544 / AUROC : 0.9163818359375
23 time - 21 epoch, Training loss : 0.4324752390384674 / NS : Val AP : 0.9656649827957153 / AUROC : 0.9595947265625
23 time - 22 epoch, Training loss : 0.4533386826515198 / NS : Val AP : 0.9748347997665405 / AUROC : 0.969970703125
23 time - 23 epoch, Training loss : 0.4407786428928375 / NS : Val AP : 0.9562486410140991 / AUROC : 0.9429931640625
23 time - 24 epoch, Training loss : 0.4555312991142273 / NS : Val AP : 0.9699196219444275 / AUROC : 0.967041015625
23 time - 25 epoch, Training loss : 0.4242003560066223 / NS : Val AP : 0.9735870957374573 / AUROC : 0.966552734375
23 time - 26 epoch, Training loss : 0.4785427153110504 / NS : Val AP : 0.9758625626564026 / AUROC : 0.9710693359375
23 time - 27 epoch, Training loss : 0.41695842146873474 / NS : Val AP : 0.9537948369979858 / AUROC : 0.94189453125
23 time - 28 epoch, Training loss : 0.42735815048217773 / NS : Val AP : 0.9642179012298584 / AUROC : 0.95751953125
23 time - 29 epoch, Training loss : 0.43730640411376953 / NS : Val AP : 0.9457322359085083 / AUROC : 0.93115234375
23 time - 30 epoch, Training loss : 0.42253196239471436 / NS : Val AP : 0.9531270861625671 / AUROC : 0.941162109375
23 time - 31 epoch, Training loss : 0.4300360083580017 / NS : Val AP : 0.9752435684204102 / AUROC : 0.97216796875
23 time - 32 epoch, Training loss : 0.4522591829299927 / NS : Val AP : 0.9379410147666931 / AUROC : 0.925048828125
23 time - 33 epoch, Training loss : 0.4528045654296875 / NS : Val AP : 0.9137648344039917 / AUROC : 0.8846435546875
23 time - 34 epoch, Training loss : 0.44960081577301025 / NS : Val AP : 0.9513033628463745 / AUROC : 0.9339599609375
23 time - 35 epoch, Training loss : 0.43623650074005127 / NS : Val AP : 0.9481842517852783 / AUROC : 0.943359375
23 time - 36 epoch, Training loss : 0.45660316944122314 / NS : Val AP : 0.9726465344429016 / AUROC : 0.974365234375
23 time - 37 epoch, Training loss : 0.4584493041038513 / NS : Val AP : 0.9735434055328369 / AUROC : 0.9688720703125
23 time - 38 epoch, Training loss : 0.45844295620918274 / NS : Val AP : 0.9409582614898682 / AUROC : 0.924072265625
23 time - 39 epoch, Training loss : 0.41876211762428284 / NS : Val AP : 0.9833183884620667 / AUROC : 0.9813232421875
23 time - 40 epoch, Training loss : 0.42137178778648376 / NS : Val AP : 0.9354627132415771 / AUROC : 0.929443359375
23 time - 41 epoch, Training loss : 0.4454367756843567 / NS : Val AP : 0.9511131644248962 / AUROC : 0.9542236328125
23 time - 42 epoch, Training loss : 0.40869420766830444 / NS : Val AP : 0.6002801060676575 / AUROC : 0.6673583984375
23 time - 43 epoch, Training loss : 0.435304194688797 / NS : Val AP : 0.9438760280609131 / AUROC : 0.923583984375
23 time - 44 epoch, Training loss : 0.44700950384140015 / NS : Val AP : 0.9244399070739746 / AUROC : 0.896240234375
23 time - 45 epoch, Training loss : 0.45193958282470703 / NS : Val AP : 0.9697009921073914 / AUROC : 0.9664306640625
23 time - 46 epoch, Training loss : 0.4213034510612488 / NS : Val AP : 0.9808155298233032 / AUROC : 0.9781494140625
23 time - 47 epoch, Training loss : 0.4510647654533386 / NS : Val AP : 0.9487717151641846 / AUROC : 0.9342041015625
23 time - 48 epoch, Training loss : 0.4409980773925781 / NS : Val AP : 0.9599671959877014 / AUROC : 0.95166015625
23 time - 49 epoch, Training loss : 0.45162534713745117 / NS : Val AP : 0.9506877064704895 / AUROC : 0.94384765625
[23 time Val AP : 0.9813232421875 / AUROC : 0.9833183884620667 ]
[23 time Test AP : 0.893548177541568 / AUROC : 0.921065628528595 ]
24 time - 0 epoch, Training loss : 0.43866199254989624 / NS : Val AP : 0.8699682354927063 / AUROC : 0.8302428781565044
24 time - 1 epoch, Training loss : 0.46456122398376465 / NS : Val AP : 0.9158212542533875 / AUROC : 0.89990234375
24 time - 2 epoch, Training loss : 0.4610121250152588 / NS : Val AP : 0.877792239189148 / AUROC : 0.8450927734375
24 time - 3 epoch, Training loss : 0.45587900280952454 / NS : Val AP : 0.897702693939209 / AUROC : 0.87060546875
24 time - 4 epoch, Training loss : 0.44853124022483826 / NS : Val AP : 0.9207866191864014 / AUROC : 0.8875732421875
24 time - 5 epoch, Training loss : 0.45180150866508484 / NS : Val AP : 0.9323374629020691 / AUROC : 0.91259765625
24 time - 6 epoch, Training loss : 0.4893531799316406 / NS : Val AP : 0.9702895879745483 / AUROC : 0.964111328125
24 time - 7 epoch, Training loss : 0.48071593046188354 / NS : Val AP : 0.953535258769989 / AUROC : 0.939453125
24 time - 8 epoch, Training loss : 0.47839027643203735 / NS : Val AP : 0.7413471341133118 / AUROC : 0.725830078125
24 time - 9 epoch, Training loss : 0.4461442232131958 / NS : Val AP : 0.9217905402183533 / AUROC : 0.8970947265625
24 time - 10 epoch, Training loss : 0.4229378402233124 / NS : Val AP : 0.9267377257347107 / AUROC : 0.916259765625
24 time - 11 epoch, Training loss : 0.447176992893219 / NS : Val AP : 0.9782443046569824 / AUROC : 0.973388671875
24 time - 12 epoch, Training loss : 0.45906633138656616 / NS : Val AP : 0.9515950679779053 / AUROC : 0.9442138671875
24 time - 13 epoch, Training loss : 0.46081972122192383 / NS : Val AP : 0.9585849642753601 / AUROC : 0.9534912109375
24 time - 14 epoch, Training loss : 0.44343143701553345 / NS : Val AP : 0.9320006370544434 / AUROC : 0.9093017578125
24 time - 15 epoch, Training loss : 0.42466065287590027 / NS : Val AP : 0.9632351398468018 / AUROC : 0.952880859375
24 time - 16 epoch, Training loss : 0.4515434503555298 / NS : Val AP : 0.9796818494796753 / AUROC : 0.972412109375
24 time - 17 epoch, Training loss : 0.46835803985595703 / NS : Val AP : 0.9566240906715393 / AUROC : 0.9339599609375
24 time - 18 epoch, Training loss : 0.4423235058784485 / NS : Val AP : 0.9657986164093018 / AUROC : 0.9534912109375
24 time - 19 epoch, Training loss : 0.4490665793418884 / NS : Val AP : 0.9560908079147339 / AUROC : 0.9459228515625
24 time - 20 epoch, Training loss : 0.4705284535884857 / NS : Val AP : 0.5653979778289795 / AUROC : 0.5142822265625
24 time - 21 epoch, Training loss : 0.4656893014907837 / NS : Val AP : 0.9191369414329529 / AUROC : 0.9014892578125
[24 time Val AP : 0.973388671875 / AUROC : 0.9782443046569824 ]
[24 time Test AP : 0.8744707341400022 / AUROC : 0.9078899621963501 ]
25 time - 0 epoch, Training loss : 0.37482750415802 / NS : Val AP : 0.9403552412986755 / AUROC : 0.9240603590924076
25 time - 1 epoch, Training loss : 0.44093382358551025 / NS : Val AP : 0.9711614847183228 / AUROC : 0.96044921875
25 time - 2 epoch, Training loss : 0.44442859292030334 / NS : Val AP : 0.9546305537223816 / AUROC : 0.9464111328125
25 time - 3 epoch, Training loss : 0.44655749201774597 / NS : Val AP : 0.982735276222229 / AUROC : 0.9810791015625
25 time - 4 epoch, Training loss : 0.44587042927742004 / NS : Val AP : 0.9519819617271423 / AUROC : 0.940673828125
25 time - 5 epoch, Training loss : 0.4422183632850647 / NS : Val AP : 0.9665594100952148 / AUROC : 0.9559326171875
25 time - 6 epoch, Training loss : 0.42983245849609375 / NS : Val AP : 0.960157036781311 / AUROC : 0.948486328125
25 time - 7 epoch, Training loss : 0.43051427602767944 / NS : Val AP : 0.7620975375175476 / AUROC : 0.7484130859375
25 time - 8 epoch, Training loss : 0.43208351731300354 / NS : Val AP : 0.9617677330970764 / AUROC : 0.94873046875
25 time - 9 epoch, Training loss : 0.4219304919242859 / NS : Val AP : 0.967582106590271 / AUROC : 0.9608154296875
25 time - 10 epoch, Training loss : 0.4502551853656769 / NS : Val AP : 0.9448878169059753 / AUROC : 0.9234619140625
25 time - 11 epoch, Training loss : 0.44248926639556885 / NS : Val AP : 0.9272128343582153 / AUROC : 0.9141845703125
25 time - 12 epoch, Training loss : 0.4466055929660797 / NS : Val AP : 0.9564074277877808 / AUROC : 0.9453125
25 time - 13 epoch, Training loss : 0.43642187118530273 / NS : Val AP : 0.9555964469909668 / AUROC : 0.94580078125
[25 time Val AP : 0.9810791015625 / AUROC : 0.982735276222229 ]
[25 time Test AP : 0.8606189185193514 / AUROC : 0.8937421441078186 ]
26 time - 0 epoch, Training loss : 0.49846431612968445 / NS : Val AP : 0.9061797261238098 / AUROC : 0.8773665716557919
26 time - 1 epoch, Training loss : 0.465577632188797 / NS : Val AP : 0.9494674205780029 / AUROC : 0.9349365234375
26 time - 2 epoch, Training loss : 0.4444488286972046 / NS : Val AP : 0.9804036617279053 / AUROC : 0.9771728515625
26 time - 3 epoch, Training loss : 0.4679957628250122 / NS : Val AP : 0.9830118417739868 / AUROC : 0.9815673828125
26 time - 4 epoch, Training loss : 0.47152793407440186 / NS : Val AP : 0.9604125618934631 / AUROC : 0.953125
26 time - 5 epoch, Training loss : 0.4566260874271393 / NS : Val AP : 0.9107195734977722 / AUROC : 0.883056640625
26 time - 6 epoch, Training loss : 0.4936627149581909 / NS : Val AP : 0.9545618891716003 / AUROC : 0.9483642578125
26 time - 7 epoch, Training loss : 0.4490196704864502 / NS : Val AP : 0.9449248313903809 / AUROC : 0.9222412109375
26 time - 8 epoch, Training loss : 0.4803885221481323 / NS : Val AP : 0.9307530522346497 / AUROC : 0.9034423828125
26 time - 9 epoch, Training loss : 0.45798158645629883 / NS : Val AP : 0.8257951736450195 / AUROC : 0.8204345703125
26 time - 10 epoch, Training loss : 0.46608883142471313 / NS : Val AP : 0.9738577008247375 / AUROC : 0.9637451171875
26 time - 11 epoch, Training loss : 0.4333258271217346 / NS : Val AP : 0.9595849514007568 / AUROC : 0.9537353515625
26 time - 12 epoch, Training loss : 0.4707345962524414 / NS : Val AP : 0.9615409970283508 / AUROC : 0.94775390625
26 time - 13 epoch, Training loss : 0.4606779217720032 / NS : Val AP : 0.9734122157096863 / AUROC : 0.9696044921875
[26 time Val AP : 0.9815673828125 / AUROC : 0.9830118417739868 ]
[26 time Test AP : 0.6975953020452593 / AUROC : 0.7393212914466858 ]
27 time - 0 epoch, Training loss : 0.4612104296684265 / NS : Val AP : 0.9096818566322327 / AUROC : 0.8812565569763353
27 time - 1 epoch, Training loss : 0.44295936822891235 / NS : Val AP : 0.9310856461524963 / AUROC : 0.921142578125
27 time - 2 epoch, Training loss : 0.4482659101486206 / NS : Val AP : 0.9498855471611023 / AUROC : 0.9395751953125
27 time - 3 epoch, Training loss : 0.46752867102622986 / NS : Val AP : 0.9364519119262695 / AUROC : 0.9217529296875
27 time - 4 epoch, Training loss : 0.46606576442718506 / NS : Val AP : 0.948731541633606 / AUROC : 0.934326171875
27 time - 5 epoch, Training loss : 0.4607381820678711 / NS : Val AP : 0.9566829204559326 / AUROC : 0.9371337890625
27 time - 6 epoch, Training loss : 0.4794918894767761 / NS : Val AP : 0.962317943572998 / AUROC : 0.950439453125
27 time - 7 epoch, Training loss : 0.4474608302116394 / NS : Val AP : 0.9658310413360596 / AUROC : 0.9556884765625
27 time - 8 epoch, Training loss : 0.4525020718574524 / NS : Val AP : 0.9000575542449951 / AUROC : 0.8690185546875
27 time - 9 epoch, Training loss : 0.4673561751842499 / NS : Val AP : 0.7359641194343567 / AUROC : 0.72705078125
27 time - 10 epoch, Training loss : 0.48044565320014954 / NS : Val AP : 0.895512044429779 / AUROC : 0.8822021484375
27 time - 11 epoch, Training loss : 0.46666842699050903 / NS : Val AP : 0.922558605670929 / AUROC : 0.900634765625
27 time - 12 epoch, Training loss : 0.45314857363700867 / NS : Val AP : 0.8974065780639648 / AUROC : 0.8795166015625
27 time - 13 epoch, Training loss : 0.4511801600456238 / NS : Val AP : 0.9214844107627869 / AUROC : 0.905517578125
27 time - 14 epoch, Training loss : 0.4781823754310608 / NS : Val AP : 0.9742887020111084 / AUROC : 0.9661865234375
27 time - 15 epoch, Training loss : 0.4624946117401123 / NS : Val AP : 0.9663236141204834 / AUROC : 0.9566650390625
27 time - 16 epoch, Training loss : 0.47466152906417847 / NS : Val AP : 0.9582812786102295 / AUROC : 0.9520263671875
27 time - 17 epoch, Training loss : 0.45826977491378784 / NS : Val AP : 0.9603447914123535 / AUROC : 0.9581298828125
27 time - 18 epoch, Training loss : 0.47586789727211 / NS : Val AP : 0.9608619213104248 / AUROC : 0.947998046875
27 time - 19 epoch, Training loss : 0.4633961617946625 / NS : Val AP : 0.9783298373222351 / AUROC : 0.9742431640625
27 time - 20 epoch, Training loss : 0.4518810510635376 / NS : Val AP : 0.9405233860015869 / AUROC : 0.9195556640625
27 time - 21 epoch, Training loss : 0.4792045056819916 / NS : Val AP : 0.9803027510643005 / AUROC : 0.97998046875
27 time - 22 epoch, Training loss : 0.46104133129119873 / NS : Val AP : 0.9724500775337219 / AUROC : 0.9666748046875
27 time - 23 epoch, Training loss : 0.47214412689208984 / NS : Val AP : 0.9493798017501831 / AUROC : 0.9383544921875
27 time - 24 epoch, Training loss : 0.4735918641090393 / NS : Val AP : 0.9885640740394592 / AUROC : 0.987548828125
27 time - 25 epoch, Training loss : 0.4649897813796997 / NS : Val AP : 0.9585556983947754 / AUROC : 0.9456787109375
27 time - 26 epoch, Training loss : 0.443020224571228 / NS : Val AP : 0.9601618051528931 / AUROC : 0.9521484375
27 time - 27 epoch, Training loss : 0.46209120750427246 / NS : Val AP : 0.954117476940155 / AUROC : 0.9547119140625
27 time - 28 epoch, Training loss : 0.47088807821273804 / NS : Val AP : 0.9674035310745239 / AUROC : 0.9649658203125
27 time - 29 epoch, Training loss : 0.46265387535095215 / NS : Val AP : 0.9607943296432495 / AUROC : 0.9541015625
27 time - 30 epoch, Training loss : 0.4695848524570465 / NS : Val AP : 0.9405996799468994 / AUROC : 0.922607421875
27 time - 31 epoch, Training loss : 0.4656623601913452 / NS : Val AP : 0.9606640934944153 / AUROC : 0.9461669921875
27 time - 32 epoch, Training loss : 0.48409026861190796 / NS : Val AP : 0.9574381113052368 / AUROC : 0.9422607421875
27 time - 33 epoch, Training loss : 0.4548965096473694 / NS : Val AP : 0.9474407434463501 / AUROC : 0.937744140625
27 time - 34 epoch, Training loss : 0.48570704460144043 / NS : Val AP : 0.9798865914344788 / AUROC : 0.9749755859375
[27 time Val AP : 0.987548828125 / AUROC : 0.9885640740394592 ]
[27 time Test AP : 0.89720508121616 / AUROC : 0.9227069020271301 ]
28 time - 0 epoch, Training loss : 0.4519774913787842 / NS : Val AP : 0.9310846328735352 / AUROC : 0.9074113913067632
28 time - 1 epoch, Training loss : 0.4674360454082489 / NS : Val AP : 0.964925229549408 / AUROC : 0.955322265625
28 time - 2 epoch, Training loss : 0.45620518922805786 / NS : Val AP : 0.9405425786972046 / AUROC : 0.9237060546875
28 time - 3 epoch, Training loss : 0.4867687225341797 / NS : Val AP : 0.9757142066955566 / AUROC : 0.9676513671875
28 time - 4 epoch, Training loss : 0.47760576009750366 / NS : Val AP : 0.8696019053459167 / AUROC : 0.8309326171875
28 time - 5 epoch, Training loss : 0.4515078663825989 / NS : Val AP : 0.9354373216629028 / AUROC : 0.9066162109375
28 time - 6 epoch, Training loss : 0.4564448893070221 / NS : Val AP : 0.9838101267814636 / AUROC : 0.9813232421875
28 time - 7 epoch, Training loss : 0.4739595353603363 / NS : Val AP : 0.9821326732635498 / AUROC : 0.9771728515625
28 time - 8 epoch, Training loss : 0.4977595806121826 / NS : Val AP : 0.9554890394210815 / AUROC : 0.9449462890625
28 time - 9 epoch, Training loss : 0.47186192870140076 / NS : Val AP : 0.9695464372634888 / AUROC : 0.9647216796875
28 time - 10 epoch, Training loss : 0.45270872116088867 / NS : Val AP : 0.9641401171684265 / AUROC : 0.9517822265625
28 time - 11 epoch, Training loss : 0.4553718566894531 / NS : Val AP : 0.9560085535049438 / AUROC : 0.94384765625
28 time - 12 epoch, Training loss : 0.45534777641296387 / NS : Val AP : 0.9703221321105957 / AUROC : 0.9652099609375
28 time - 13 epoch, Training loss : 0.48415330052375793 / NS : Val AP : 0.9758910536766052 / AUROC : 0.972900390625
28 time - 14 epoch, Training loss : 0.4718361496925354 / NS : Val AP : 0.9206181764602661 / AUROC : 0.8990478515625
28 time - 15 epoch, Training loss : 0.4857044219970703 / NS : Val AP : 0.977023720741272 / AUROC : 0.97216796875
28 time - 16 epoch, Training loss : 0.48501038551330566 / NS : Val AP : 0.9130064249038696 / AUROC : 0.8941650390625
[28 time Val AP : 0.9813232421875 / AUROC : 0.9838101267814636 ]
[28 time Test AP : 0.9363116695941072 / AUROC : 0.9508636593818665 ]
29 time - 0 epoch, Training loss : 0.4423113167285919 / NS : Val AP : 0.9378377795219421 / AUROC : 0.9169379899373331
29 time - 1 epoch, Training loss : 0.47309958934783936 / NS : Val AP : 0.9587454795837402 / AUROC : 0.9522705078125
29 time - 2 epoch, Training loss : 0.4494417607784271 / NS : Val AP : 0.9750659465789795 / AUROC : 0.9718017578125
29 time - 3 epoch, Training loss : 0.45637014508247375 / NS : Val AP : 0.9379587173461914 / AUROC : 0.918701171875
29 time - 4 epoch, Training loss : 0.4686903953552246 / NS : Val AP : 0.9603351354598999 / AUROC : 0.951171875
29 time - 5 epoch, Training loss : 0.4759092926979065 / NS : Val AP : 0.9329732656478882 / AUROC : 0.9097900390625
29 time - 6 epoch, Training loss : 0.48532742261886597 / NS : Val AP : 0.9438551664352417 / AUROC : 0.925537109375
29 time - 7 epoch, Training loss : 0.4664733409881592 / NS : Val AP : 0.9412662386894226 / AUROC : 0.9239501953125
29 time - 8 epoch, Training loss : 0.4582432508468628 / NS : Val AP : 0.9525693655014038 / AUROC : 0.94140625
29 time - 9 epoch, Training loss : 0.47720015048980713 / NS : Val AP : 0.9797889590263367 / AUROC : 0.9730224609375
29 time - 10 epoch, Training loss : 0.4840385317802429 / NS : Val AP : 0.9603592753410339 / AUROC : 0.94677734375
29 time - 11 epoch, Training loss : 0.494059681892395 / NS : Val AP : 0.9624735116958618 / AUROC : 0.9512939453125
29 time - 12 epoch, Training loss : 0.4584342837333679 / NS : Val AP : 0.9570567011833191 / AUROC : 0.94873046875
29 time - 13 epoch, Training loss : 0.4814293086528778 / NS : Val AP : 0.9392902255058289 / AUROC : 0.92529296875
29 time - 14 epoch, Training loss : 0.45654594898223877 / NS : Val AP : 0.9738101363182068 / AUROC : 0.97412109375
29 time - 15 epoch, Training loss : 0.45236021280288696 / NS : Val AP : 0.9663609266281128 / AUROC : 0.9588623046875
29 time - 16 epoch, Training loss : 0.4772704243659973 / NS : Val AP : 0.9743385314941406 / AUROC : 0.9718017578125
29 time - 17 epoch, Training loss : 0.46005257964134216 / NS : Val AP : 0.9541455507278442 / AUROC : 0.9407958984375
29 time - 18 epoch, Training loss : 0.49479609727859497 / NS : Val AP : 0.9683367013931274 / AUROC : 0.9600830078125
29 time - 19 epoch, Training loss : 0.46327173709869385 / NS : Val AP : 0.9645314812660217 / AUROC : 0.958251953125
29 time - 20 epoch, Training loss : 0.45351362228393555 / NS : Val AP : 0.9696747660636902 / AUROC : 0.9647216796875
29 time - 21 epoch, Training loss : 0.4856683611869812 / NS : Val AP : 0.9249811172485352 / AUROC : 0.926025390625
29 time - 22 epoch, Training loss : 0.46535950899124146 / NS : Val AP : 0.9485788941383362 / AUROC : 0.9422607421875
29 time - 23 epoch, Training loss : 0.4651016592979431 / NS : Val AP : 0.9422953128814697 / AUROC : 0.9249267578125
29 time - 24 epoch, Training loss : 0.46197861433029175 / NS : Val AP : 0.9218629002571106 / AUROC : 0.902099609375
[29 time Val AP : 0.97412109375 / AUROC : 0.9738101363182068 ]
[29 time Test AP : 0.9190350621055232 / AUROC : 0.9404029846191406 ]
30 time - 0 epoch, Training loss : 0.36119890213012695 / NS : Val AP : 0.855706512928009 / AUROC : 0.8043396747101882
30 time - 1 epoch, Training loss : 0.43890976905822754 / NS : Val AP : 0.9338210225105286 / AUROC : 0.914306640625
30 time - 2 epoch, Training loss : 0.4734109342098236 / NS : Val AP : 0.9414953589439392 / AUROC : 0.9200439453125
30 time - 3 epoch, Training loss : 0.45907899737358093 / NS : Val AP : 0.9576249122619629 / AUROC : 0.9415283203125
30 time - 4 epoch, Training loss : 0.48824894428253174 / NS : Val AP : 0.9698633551597595 / AUROC : 0.95458984375
30 time - 5 epoch, Training loss : 0.4700546860694885 / NS : Val AP : 0.9165524840354919 / AUROC : 0.87841796875
30 time - 6 epoch, Training loss : 0.4897966682910919 / NS : Val AP : 0.6761390566825867 / AUROC : 0.67724609375
30 time - 7 epoch, Training loss : 0.4486462473869324 / NS : Val AP : 0.9134683609008789 / AUROC : 0.88134765625
30 time - 8 epoch, Training loss : 0.43869632482528687 / NS : Val AP : 0.9638018608093262 / AUROC : 0.961669921875
30 time - 9 epoch, Training loss : 0.4574875831604004 / NS : Val AP : 0.9504900574684143 / AUROC : 0.935302734375
30 time - 10 epoch, Training loss : 0.46346306800842285 / NS : Val AP : 0.9659023284912109 / AUROC : 0.9534912109375
30 time - 11 epoch, Training loss : 0.4804325997829437 / NS : Val AP : 0.9495179057121277 / AUROC : 0.9324951171875
30 time - 12 epoch, Training loss : 0.4594395160675049 / NS : Val AP : 0.9554277658462524 / AUROC : 0.9459228515625
30 time - 13 epoch, Training loss : 0.4589035212993622 / NS : Val AP : 0.9419589042663574 / AUROC : 0.9156494140625
30 time - 14 epoch, Training loss : 0.4748958647251129 / NS : Val AP : 0.9625780582427979 / AUROC : 0.948974609375
30 time - 15 epoch, Training loss : 0.4840770959854126 / NS : Val AP : 0.9523423314094543 / AUROC : 0.92822265625
30 time - 16 epoch, Training loss : 0.47257548570632935 / NS : Val AP : 0.9516869783401489 / AUROC : 0.946044921875
30 time - 17 epoch, Training loss : 0.47054412961006165 / NS : Val AP : 0.9664340615272522 / AUROC : 0.95849609375
30 time - 18 epoch, Training loss : 0.45911407470703125 / NS : Val AP : 0.9666385054588318 / AUROC : 0.9525146484375
[30 time Val AP : 0.961669921875 / AUROC : 0.9638018608093262 ]
[30 time Test AP : 0.9402547282603215 / AUROC : 0.9535640478134155 ]
0.8896	0.9032
NS : avg AP : 0.9031901359558105 / avg AUROC : 0.8895558323867999
============================================ Test End =================================================