args: Namespace(aggregator='Maxmin', alpha_e=0, alpha_v=0, batch_size=32, dataset_name='email-Eu', dim_edge=128, dim_hidden=128, dim_time=128, dim_vertex=128, early_stop=10, epochs=50, eval_mode='train_live_update', exp_num=1, folder_name='logs/hnhn/email-Eu_train_live_update_hnhn', freq_size=2628000, gpu=1, lr=0.0001, model='hnhn', neg_mode='sns', neg_size=100, num_layers=2, seed=1111, time_split_type='sec', training='wgan')
============================================ Experiments 111 ==================================================0 time - 0 epoch, Training loss : 0.342125803232193 / NS : Val AP : 0.9020308256149292 / AUROC : 0.8992104862063709
0 time - 1 epoch, Training loss : 0.36021605134010315 / NS : Val AP : 0.9298076629638672 / AUROC : 0.927734375
0 time - 2 epoch, Training loss : 0.3618949055671692 / NS : Val AP : 0.9023751020431519 / AUROC : 0.90966796875
0 time - 3 epoch, Training loss : 0.34529736638069153 / NS : Val AP : 0.8963356614112854 / AUROC : 0.8740234375
0 time - 4 epoch, Training loss : 0.36237022280693054 / NS : Val AP : 0.9654703140258789 / AUROC : 0.9541015625
0 time - 5 epoch, Training loss : 0.34074878692626953 / NS : Val AP : 0.9299880266189575 / AUROC : 0.92919921875
0 time - 6 epoch, Training loss : 0.33012139797210693 / NS : Val AP : 0.8819620013237 / AUROC : 0.8984375
0 time - 7 epoch, Training loss : 0.38580673933029175 / NS : Val AP : 0.9111260175704956 / AUROC : 0.90478515625
0 time - 8 epoch, Training loss : 0.3409080505371094 / NS : Val AP : 0.9178569912910461 / AUROC : 0.9130859375
0 time - 9 epoch, Training loss : 0.35316988825798035 / NS : Val AP : 0.8704302310943604 / AUROC : 0.90380859375
0 time - 10 epoch, Training loss : 0.3552019000053406 / NS : Val AP : 0.9229364395141602 / AUROC : 0.91796875
0 time - 11 epoch, Training loss : 0.36367088556289673 / NS : Val AP : 0.8496440052986145 / AUROC : 0.8955078125
0 time - 12 epoch, Training loss : 0.31966882944107056 / NS : Val AP : 0.9207122921943665 / AUROC : 0.9375
0 time - 13 epoch, Training loss : 0.3162350058555603 / NS : Val AP : 0.9079303741455078 / AUROC : 0.8968253968253967
0 time - 14 epoch, Training loss : 0.3560577630996704 / NS : Val AP : 0.9540605545043945 / AUROC : 0.94921875
[0 time Val AP : 0.9541015625 / AUROC : 0.9654703140258789 ]
[0 time Test AP : 0.891904681016283 / AUROC : 0.880199670791626 ]
1 time - 0 epoch, Training loss : 0.4096502661705017 / NS : Val AP : 0.7760577201843262 / AUROC : 0.8375957548841768
1 time - 1 epoch, Training loss : 0.42691951990127563 / NS : Val AP : 0.9074584245681763 / AUROC : 0.9345703125
1 time - 2 epoch, Training loss : 0.4062817096710205 / NS : Val AP : 0.7056901454925537 / AUROC : 0.77978515625
1 time - 3 epoch, Training loss : 0.4491715729236603 / NS : Val AP : 0.6859768629074097 / AUROC : 0.75830078125
1 time - 4 epoch, Training loss : 0.3970869779586792 / NS : Val AP : 0.6587281227111816 / AUROC : 0.74609375
1 time - 5 epoch, Training loss : 0.428963840007782 / NS : Val AP : 0.7688519954681396 / AUROC : 0.8193359375
1 time - 6 epoch, Training loss : 0.38229942321777344 / NS : Val AP : 0.7640146017074585 / AUROC : 0.81884765625
1 time - 7 epoch, Training loss : 0.406596302986145 / NS : Val AP : 0.8363800048828125 / AUROC : 0.88427734375
1 time - 8 epoch, Training loss : 0.44971513748168945 / NS : Val AP : 0.842693567276001 / AUROC : 0.8916015625
1 time - 9 epoch, Training loss : 0.39725497364997864 / NS : Val AP : 0.8566799163818359 / AUROC : 0.91064453125
1 time - 10 epoch, Training loss : 0.3967914283275604 / NS : Val AP : 0.9233661890029907 / AUROC : 0.95458984375
1 time - 11 epoch, Training loss : 0.3984139859676361 / NS : Val AP : 0.8014631271362305 / AUROC : 0.861328125
1 time - 12 epoch, Training loss : 0.3840272128582001 / NS : Val AP : 0.8560962677001953 / AUROC : 0.88330078125
1 time - 13 epoch, Training loss : 0.40670138597488403 / NS : Val AP : 0.7462576627731323 / AUROC : 0.8251953125
1 time - 14 epoch, Training loss : 0.36425015330314636 / NS : Val AP : 0.754372239112854 / AUROC : 0.80419921875
1 time - 15 epoch, Training loss : 0.3739536702632904 / NS : Val AP : 0.7950320243835449 / AUROC : 0.87109375
1 time - 16 epoch, Training loss : 0.45843467116355896 / NS : Val AP : 0.8338156342506409 / AUROC : 0.88330078125
1 time - 17 epoch, Training loss : 0.4273381233215332 / NS : Val AP : 0.7490605115890503 / AUROC : 0.828125
1 time - 18 epoch, Training loss : 0.43989038467407227 / NS : Val AP : 0.8145172595977783 / AUROC : 0.87109375
1 time - 19 epoch, Training loss : 0.4469825029373169 / NS : Val AP : 0.8334689140319824 / AUROC : 0.8779296875
1 time - 20 epoch, Training loss : 0.37326180934906006 / NS : Val AP : 0.8802925944328308 / AUROC : 0.9169921875
[1 time Val AP : 0.95458984375 / AUROC : 0.9233661890029907 ]
[1 time Test AP : 0.8111609402472162 / AUROC : 0.7385872602462769 ]
2 time - 0 epoch, Training loss : 0.46997344493865967 / NS : Val AP : 0.6987044215202332 / AUROC : 0.7672063134607467
2 time - 1 epoch, Training loss : 0.4565274119377136 / NS : Val AP : 0.6460233926773071 / AUROC : 0.70361328125
2 time - 2 epoch, Training loss : 0.4575037658214569 / NS : Val AP : 0.6877692937850952 / AUROC : 0.771484375
2 time - 3 epoch, Training loss : 0.4585351049900055 / NS : Val AP : 0.7262370586395264 / AUROC : 0.7841796875
2 time - 4 epoch, Training loss : 0.4861023426055908 / NS : Val AP : 0.5878763794898987 / AUROC : 0.64208984375
2 time - 5 epoch, Training loss : 0.4369310438632965 / NS : Val AP : 0.6812843084335327 / AUROC : 0.75146484375
2 time - 6 epoch, Training loss : 0.4456334710121155 / NS : Val AP : 0.792855441570282 / AUROC : 0.8076171875
2 time - 7 epoch, Training loss : 0.4552575945854187 / NS : Val AP : 0.7243120670318604 / AUROC : 0.79931640625
2 time - 8 epoch, Training loss : 0.40780070424079895 / NS : Val AP : 0.7049380540847778 / AUROC : 0.7529296875
2 time - 9 epoch, Training loss : 0.48609188199043274 / NS : Val AP : 0.667048990726471 / AUROC : 0.7421875
2 time - 10 epoch, Training loss : 0.48446235060691833 / NS : Val AP : 0.6326422095298767 / AUROC : 0.703125
2 time - 11 epoch, Training loss : 0.5051595568656921 / NS : Val AP : 0.6130883097648621 / AUROC : 0.68310546875
2 time - 12 epoch, Training loss : 0.5110334157943726 / NS : Val AP : 0.7430574893951416 / AUROC : 0.8232421875
2 time - 13 epoch, Training loss : 0.5068531632423401 / NS : Val AP : 0.6063927412033081 / AUROC : 0.6640625
2 time - 14 epoch, Training loss : 0.47719401121139526 / NS : Val AP : 0.6275792717933655 / AUROC : 0.7001953125
2 time - 15 epoch, Training loss : 0.44805389642715454 / NS : Val AP : 0.630803108215332 / AUROC : 0.69677734375
2 time - 16 epoch, Training loss : 0.47404494881629944 / NS : Val AP : 0.702136218547821 / AUROC : 0.7861328125
2 time - 17 epoch, Training loss : 0.4650571346282959 / NS : Val AP : 0.7157176733016968 / AUROC : 0.79052734375
2 time - 18 epoch, Training loss : 0.4679828882217407 / NS : Val AP : 0.6882498860359192 / AUROC : 0.75439453125
2 time - 19 epoch, Training loss : 0.43787601590156555 / NS : Val AP : 0.666019856929779 / AUROC : 0.74853515625
2 time - 20 epoch, Training loss : 0.4580443799495697 / NS : Val AP : 0.7176319360733032 / AUROC : 0.798828125
2 time - 21 epoch, Training loss : 0.4569746255874634 / NS : Val AP : 0.8147202134132385 / AUROC : 0.8447265625
2 time - 22 epoch, Training loss : 0.46592965722084045 / NS : Val AP : 0.6234511137008667 / AUROC : 0.6962890625
2 time - 23 epoch, Training loss : 0.4659559428691864 / NS : Val AP : 0.6879279017448425 / AUROC : 0.7568359375
2 time - 24 epoch, Training loss : 0.47846782207489014 / NS : Val AP : 0.7272727489471436 / AUROC : 0.8125
2 time - 25 epoch, Training loss : 0.4963441491127014 / NS : Val AP : 0.6476495265960693 / AUROC : 0.720703125
2 time - 26 epoch, Training loss : 0.4850073456764221 / NS : Val AP : 0.6157681941986084 / AUROC : 0.6826171875
2 time - 27 epoch, Training loss : 0.4279809892177582 / NS : Val AP : 0.6732614040374756 / AUROC : 0.75634765625
2 time - 28 epoch, Training loss : 0.47313982248306274 / NS : Val AP : 0.6718299388885498 / AUROC : 0.751953125
2 time - 29 epoch, Training loss : 0.5080385208129883 / NS : Val AP : 0.6389067769050598 / AUROC : 0.7099609375
2 time - 30 epoch, Training loss : 0.45736411213874817 / NS : Val AP : 0.5912481546401978 / AUROC : 0.64697265625
2 time - 31 epoch, Training loss : 0.4450400173664093 / NS : Val AP : 0.6937591433525085 / AUROC : 0.7470703125
[2 time Val AP : 0.8447265625 / AUROC : 0.8147202134132385 ]
[2 time Test AP : 0.8330234258351048 / AUROC : 0.8184792995452881 ]
3 time - 0 epoch, Training loss : 0.4339732229709625 / NS : Val AP : 0.9009866118431091 / AUROC : 0.9074858159031247
3 time - 1 epoch, Training loss : 0.4382844567298889 / NS : Val AP : 0.6378535628318787 / AUROC : 0.7060546875
3 time - 2 epoch, Training loss : 0.439494252204895 / NS : Val AP : 0.6532168388366699 / AUROC : 0.7158203125
3 time - 3 epoch, Training loss : 0.4563668966293335 / NS : Val AP : 0.6160112619400024 / AUROC : 0.67236328125
3 time - 4 epoch, Training loss : 0.46951502561569214 / NS : Val AP : 0.6666666865348816 / AUROC : 0.75
3 time - 5 epoch, Training loss : 0.4843937158584595 / NS : Val AP : 0.9270833730697632 / AUROC : 0.9453125
3 time - 6 epoch, Training loss : 0.47621771693229675 / NS : Val AP : 0.6314011812210083 / AUROC : 0.7060546875
3 time - 7 epoch, Training loss : 0.46630239486694336 / NS : Val AP : 0.7383524775505066 / AUROC : 0.8056640625
3 time - 8 epoch, Training loss : 0.4370746910572052 / NS : Val AP : 0.7259756326675415 / AUROC : 0.810546875
3 time - 9 epoch, Training loss : 0.46696972846984863 / NS : Val AP : 0.6288194060325623 / AUROC : 0.69384765625
3 time - 10 epoch, Training loss : 0.45695993304252625 / NS : Val AP : 0.7452936172485352 / AUROC : 0.7666015625
3 time - 11 epoch, Training loss : 0.5184999704360962 / NS : Val AP : 0.8620370030403137 / AUROC : 0.869140625
3 time - 12 epoch, Training loss : 0.46592116355895996 / NS : Val AP : 0.6589627265930176 / AUROC : 0.74072265625
3 time - 13 epoch, Training loss : 0.47967973351478577 / NS : Val AP : 0.6590688228607178 / AUROC : 0.72900390625
3 time - 14 epoch, Training loss : 0.4893915057182312 / NS : Val AP : 0.6948860287666321 / AUROC : 0.7783203125
3 time - 15 epoch, Training loss : 0.5107015371322632 / NS : Val AP : 0.6687262654304504 / AUROC : 0.7431640625
[3 time Val AP : 0.9453125 / AUROC : 0.9270833730697632 ]
[3 time Test AP : 0.8493625199344129 / AUROC : 0.8328789472579956 ]
4 time - 0 epoch, Training loss : 0.46253061294555664 / NS : Val AP : 0.6312932372093201 / AUROC : 0.7033165310042702
4 time - 1 epoch, Training loss : 0.475728839635849 / NS : Val AP : 0.6274510025978088 / AUROC : 0.703125
4 time - 2 epoch, Training loss : 0.4495634138584137 / NS : Val AP : 0.8020833730697632 / AUROC : 0.84228515625
4 time - 3 epoch, Training loss : 0.48392003774642944 / NS : Val AP : 0.6621769070625305 / AUROC : 0.73828125
4 time - 4 epoch, Training loss : 0.48223748803138733 / NS : Val AP : 0.6574812531471252 / AUROC : 0.73681640625
4 time - 5 epoch, Training loss : 0.48386263847351074 / NS : Val AP : 0.6399999856948853 / AUROC : 0.71875
4 time - 6 epoch, Training loss : 0.4838436543941498 / NS : Val AP : 0.581818163394928 / AUROC : 0.640625
4 time - 7 epoch, Training loss : 0.4916326403617859 / NS : Val AP : 0.64777672290802 / AUROC : 0.7275390625
4 time - 8 epoch, Training loss : 0.5121774077415466 / NS : Val AP : 0.5693151950836182 / AUROC : 0.5908203125
4 time - 9 epoch, Training loss : 0.4760955572128296 / NS : Val AP : 0.6535189151763916 / AUROC : 0.72802734375
4 time - 10 epoch, Training loss : 0.4830756187438965 / NS : Val AP : 0.6945990324020386 / AUROC : 0.7626953125
4 time - 11 epoch, Training loss : 0.4838152229785919 / NS : Val AP : 0.6607969403266907 / AUROC : 0.73486328125
4 time - 12 epoch, Training loss : 0.5090032815933228 / NS : Val AP : 0.6808510422706604 / AUROC : 0.765625
[4 time Val AP : 0.84228515625 / AUROC : 0.8020833730697632 ]
[4 time Test AP : 0.844131839103945 / AUROC : 0.8248741030693054 ]
5 time - 0 epoch, Training loss : 0.4789600372314453 / NS : Val AP : 0.8466597199440002 / AUROC : 0.877588954700669
5 time - 1 epoch, Training loss : 0.4905153512954712 / NS : Val AP : 0.868217408657074 / AUROC : 0.88623046875
5 time - 2 epoch, Training loss : 0.45134779810905457 / NS : Val AP : 0.6496941447257996 / AUROC : 0.71826171875
5 time - 3 epoch, Training loss : 0.4757117033004761 / NS : Val AP : 0.647436261177063 / AUROC : 0.68896484375
5 time - 4 epoch, Training loss : 0.45759308338165283 / NS : Val AP : 0.8437512516975403 / AUROC : 0.85546875
5 time - 5 epoch, Training loss : 0.46879392862319946 / NS : Val AP : 0.7976688146591187 / AUROC : 0.84326171875
5 time - 6 epoch, Training loss : 0.47241419553756714 / NS : Val AP : 0.7467203140258789 / AUROC : 0.74072265625
5 time - 7 epoch, Training loss : 0.447399377822876 / NS : Val AP : 0.7748324275016785 / AUROC : 0.82666015625
5 time - 8 epoch, Training loss : 0.4638008773326874 / NS : Val AP : 0.6798162460327148 / AUROC : 0.7626953125
5 time - 9 epoch, Training loss : 0.45897090435028076 / NS : Val AP : 0.7022294402122498 / AUROC : 0.78515625
5 time - 10 epoch, Training loss : 0.45001310110092163 / NS : Val AP : 0.8443102836608887 / AUROC : 0.88427734375
5 time - 11 epoch, Training loss : 0.456196665763855 / NS : Val AP : 0.7188093066215515 / AUROC : 0.80224609375
[5 time Val AP : 0.88623046875 / AUROC : 0.868217408657074 ]
[5 time Test AP : 0.8767997686676345 / AUROC : 0.8594329953193665 ]
6 time - 0 epoch, Training loss : 0.5011742115020752 / NS : Val AP : 0.6514891982078552 / AUROC : 0.7210254008593672
6 time - 1 epoch, Training loss : 0.4899386167526245 / NS : Val AP : 0.5380353927612305 / AUROC : 0.5693359375
6 time - 2 epoch, Training loss : 0.5003650784492493 / NS : Val AP : 0.5662441253662109 / AUROC : 0.6083984375
6 time - 3 epoch, Training loss : 0.4892691373825073 / NS : Val AP : 0.6588068008422852 / AUROC : 0.7109375
6 time - 4 epoch, Training loss : 0.488943874835968 / NS : Val AP : 0.5736781358718872 / AUROC : 0.6279296875
6 time - 5 epoch, Training loss : 0.45027488470077515 / NS : Val AP : 0.6855429410934448 / AUROC : 0.77001953125
6 time - 6 epoch, Training loss : 0.5006062984466553 / NS : Val AP : 0.6954060196876526 / AUROC : 0.69921875
6 time - 7 epoch, Training loss : 0.48280829191207886 / NS : Val AP : 0.5665990114212036 / AUROC : 0.61181640625
6 time - 8 epoch, Training loss : 0.4741179347038269 / NS : Val AP : 0.7488629221916199 / AUROC : 0.8203125
6 time - 9 epoch, Training loss : 0.4842803478240967 / NS : Val AP : 0.6970040798187256 / AUROC : 0.74267578125
6 time - 10 epoch, Training loss : 0.4830752909183502 / NS : Val AP : 0.6305595636367798 / AUROC : 0.685546875
6 time - 11 epoch, Training loss : 0.4888131618499756 / NS : Val AP : 0.8474324941635132 / AUROC : 0.87646484375
6 time - 12 epoch, Training loss : 0.5003637671470642 / NS : Val AP : 0.6217313408851624 / AUROC : 0.6435546875
6 time - 13 epoch, Training loss : 0.4745020866394043 / NS : Val AP : 0.695652186870575 / AUROC : 0.78125
6 time - 14 epoch, Training loss : 0.4793687164783478 / NS : Val AP : 0.6340909004211426 / AUROC : 0.685546875
6 time - 15 epoch, Training loss : 0.4758308231830597 / NS : Val AP : 0.6863152980804443 / AUROC : 0.74755859375
6 time - 16 epoch, Training loss : 0.4869798421859741 / NS : Val AP : 0.5965070724487305 / AUROC : 0.6572265625
6 time - 17 epoch, Training loss : 0.5112519264221191 / NS : Val AP : 0.728291928768158 / AUROC : 0.8046875
6 time - 18 epoch, Training loss : 0.4823378324508667 / NS : Val AP : 0.7801281213760376 / AUROC : 0.80859375
6 time - 19 epoch, Training loss : 0.4660344123840332 / NS : Val AP : 0.8009582757949829 / AUROC : 0.82421875
6 time - 20 epoch, Training loss : 0.4841371476650238 / NS : Val AP : 0.6180555820465088 / AUROC : 0.677734375
6 time - 21 epoch, Training loss : 0.46586912870407104 / NS : Val AP : 0.9156621694564819 / AUROC : 0.912109375
6 time - 22 epoch, Training loss : 0.49959713220596313 / NS : Val AP : 0.6832341551780701 / AUROC : 0.7578125
6 time - 23 epoch, Training loss : 0.482624351978302 / NS : Val AP : 0.6436403393745422 / AUROC : 0.6826171875
6 time - 24 epoch, Training loss : 0.49281445145606995 / NS : Val AP : 0.5618957281112671 / AUROC : 0.60693359375
6 time - 25 epoch, Training loss : 0.4983082115650177 / NS : Val AP : 0.6390931606292725 / AUROC : 0.71240234375
6 time - 26 epoch, Training loss : 0.4829539358615875 / NS : Val AP : 0.6164411902427673 / AUROC : 0.65380859375
6 time - 27 epoch, Training loss : 0.4827767610549927 / NS : Val AP : 0.9257075786590576 / AUROC : 0.9384765625
6 time - 28 epoch, Training loss : 0.49065712094306946 / NS : Val AP : 0.6099027395248413 / AUROC : 0.6669921875
6 time - 29 epoch, Training loss : 0.4826856851577759 / NS : Val AP : 0.6037735939025879 / AUROC : 0.671875
6 time - 30 epoch, Training loss : 0.46571773290634155 / NS : Val AP : 0.7733638286590576 / AUROC : 0.8447265625
6 time - 31 epoch, Training loss : 0.46668511629104614 / NS : Val AP : 0.7939183712005615 / AUROC : 0.8427734375
6 time - 32 epoch, Training loss : 0.49888259172439575 / NS : Val AP : 0.5551580786705017 / AUROC : 0.59033203125
6 time - 33 epoch, Training loss : 0.4969337582588196 / NS : Val AP : 0.5635665655136108 / AUROC : 0.6123046875
6 time - 34 epoch, Training loss : 0.49199575185775757 / NS : Val AP : 0.6234413385391235 / AUROC : 0.6826171875
6 time - 35 epoch, Training loss : 0.4831882417201996 / NS : Val AP : 0.5435307025909424 / AUROC : 0.580078125
6 time - 36 epoch, Training loss : 0.4816923439502716 / NS : Val AP : 0.6698024272918701 / AUROC : 0.75244140625
6 time - 37 epoch, Training loss : 0.4839925765991211 / NS : Val AP : 0.8513298630714417 / AUROC : 0.861328125
[6 time Val AP : 0.9384765625 / AUROC : 0.9257075786590576 ]
[6 time Test AP : 0.8877683764047398 / AUROC : 0.8910048604011536 ]
7 time - 0 epoch, Training loss : 0.49656254053115845 / NS : Val AP : 0.6706061959266663 / AUROC : 0.7342529510772854
7 time - 1 epoch, Training loss : 0.48576563596725464 / NS : Val AP : 0.6666666865348816 / AUROC : 0.75
7 time - 2 epoch, Training loss : 0.485809326171875 / NS : Val AP : 0.8945481777191162 / AUROC : 0.90087890625
7 time - 3 epoch, Training loss : 0.47378286719322205 / NS : Val AP : 0.9320330023765564 / AUROC : 0.94091796875
7 time - 4 epoch, Training loss : 0.48182213306427 / NS : Val AP : 0.8039100170135498 / AUROC : 0.8330078125
7 time - 5 epoch, Training loss : 0.4583972692489624 / NS : Val AP : 0.613503634929657 / AUROC : 0.662109375
7 time - 6 epoch, Training loss : 0.48182469606399536 / NS : Val AP : 0.6471043229103088 / AUROC : 0.68896484375
7 time - 7 epoch, Training loss : 0.45827800035476685 / NS : Val AP : 0.7660715579986572 / AUROC : 0.81640625
7 time - 8 epoch, Training loss : 0.4668457508087158 / NS : Val AP : 0.8641734719276428 / AUROC : 0.86669921875
7 time - 9 epoch, Training loss : 0.48752015829086304 / NS : Val AP : 0.8473429679870605 / AUROC : 0.86328125
7 time - 10 epoch, Training loss : 0.4736871123313904 / NS : Val AP : 0.9112106561660767 / AUROC : 0.916015625
7 time - 11 epoch, Training loss : 0.4839130938053131 / NS : Val AP : 0.90616774559021 / AUROC : 0.90673828125
7 time - 12 epoch, Training loss : 0.48395130038261414 / NS : Val AP : 0.7003855109214783 / AUROC : 0.78515625
7 time - 13 epoch, Training loss : 0.5125635862350464 / NS : Val AP : 0.560572624206543 / AUROC : 0.58349609375
[7 time Val AP : 0.94091796875 / AUROC : 0.9320330023765564 ]
[7 time Test AP : 0.9246401669135472 / AUROC : 0.9142538905143738 ]
8 time - 0 epoch, Training loss : 0.4977535605430603 / NS : Val AP : 0.7478944659233093 / AUROC : 0.7794254554523914
8 time - 1 epoch, Training loss : 0.5201695561408997 / NS : Val AP : 0.8642157316207886 / AUROC : 0.912109375
8 time - 2 epoch, Training loss : 0.5128922462463379 / NS : Val AP : 0.883599579334259 / AUROC : 0.92236328125
8 time - 3 epoch, Training loss : 0.49797362089157104 / NS : Val AP : 0.6531991958618164 / AUROC : 0.7138671875
8 time - 4 epoch, Training loss : 0.46290695667266846 / NS : Val AP : 0.7891163229942322 / AUROC : 0.85986328125
8 time - 5 epoch, Training loss : 0.48384416103363037 / NS : Val AP : 0.6697359085083008 / AUROC : 0.703125
8 time - 6 epoch, Training loss : 0.5087429285049438 / NS : Val AP : 0.8604356050491333 / AUROC : 0.84716796875
8 time - 7 epoch, Training loss : 0.48113003373146057 / NS : Val AP : 0.8122098445892334 / AUROC : 0.8251953125
8 time - 8 epoch, Training loss : 0.47231414914131165 / NS : Val AP : 0.8621517419815063 / AUROC : 0.865234375
8 time - 9 epoch, Training loss : 0.4691873788833618 / NS : Val AP : 0.7517045736312866 / AUROC : 0.78662109375
8 time - 10 epoch, Training loss : 0.49671366810798645 / NS : Val AP : 0.6997485160827637 / AUROC : 0.759765625
8 time - 11 epoch, Training loss : 0.48387667536735535 / NS : Val AP : 0.6902573704719543 / AUROC : 0.734375
8 time - 12 epoch, Training loss : 0.505094051361084 / NS : Val AP : 0.6328129768371582 / AUROC : 0.6845703125
[8 time Val AP : 0.92236328125 / AUROC : 0.883599579334259 ]
[8 time Test AP : 0.9161480683779883 / AUROC : 0.9043768644332886 ]
9 time - 0 epoch, Training loss : 0.5005808472633362 / NS : Val AP : 0.8884829878807068 / AUROC : 0.8895683321353031
9 time - 1 epoch, Training loss : 0.5310560464859009 / NS : Val AP : 0.8825862407684326 / AUROC : 0.88427734375
9 time - 2 epoch, Training loss : 0.4989892244338989 / NS : Val AP : 0.7255569696426392 / AUROC : 0.75634765625
9 time - 3 epoch, Training loss : 0.450236976146698 / NS : Val AP : 0.9101434350013733 / AUROC : 0.92138671875
9 time - 4 epoch, Training loss : 0.516112208366394 / NS : Val AP : 0.8512731194496155 / AUROC : 0.88720703125
9 time - 5 epoch, Training loss : 0.45776262879371643 / NS : Val AP : 0.6919333338737488 / AUROC : 0.740234375
9 time - 6 epoch, Training loss : 0.4875238537788391 / NS : Val AP : 0.6256325840950012 / AUROC : 0.68896484375
9 time - 7 epoch, Training loss : 0.4754427671432495 / NS : Val AP : 0.7557832598686218 / AUROC : 0.81787109375
9 time - 8 epoch, Training loss : 0.5322646498680115 / NS : Val AP : 0.7895833253860474 / AUROC : 0.818359375
9 time - 9 epoch, Training loss : 0.46291089057922363 / NS : Val AP : 0.7427545189857483 / AUROC : 0.77783203125
9 time - 10 epoch, Training loss : 0.48254767060279846 / NS : Val AP : 0.8340785503387451 / AUROC : 0.87158203125
9 time - 11 epoch, Training loss : 0.4613938629627228 / NS : Val AP : 0.8755896091461182 / AUROC : 0.912109375
9 time - 12 epoch, Training loss : 0.46368008852005005 / NS : Val AP : 0.9467840790748596 / AUROC : 0.94140625
9 time - 13 epoch, Training loss : 0.4743580222129822 / NS : Val AP : 0.8650000095367432 / AUROC : 0.89453125
9 time - 14 epoch, Training loss : 0.49621304869651794 / NS : Val AP : 0.7720588445663452 / AUROC : 0.81298828125
9 time - 15 epoch, Training loss : 0.47874540090560913 / NS : Val AP : 0.8875805139541626 / AUROC : 0.900390625
9 time - 16 epoch, Training loss : 0.45796388387680054 / NS : Val AP : 0.8774757981300354 / AUROC : 0.84228515625
9 time - 17 epoch, Training loss : 0.4746081531047821 / NS : Val AP : 0.6962499618530273 / AUROC : 0.7626953125
9 time - 18 epoch, Training loss : 0.4865216016769409 / NS : Val AP : 0.9127354025840759 / AUROC : 0.9091796875
9 time - 19 epoch, Training loss : 0.4876457154750824 / NS : Val AP : 0.9438621401786804 / AUROC : 0.9404296875
9 time - 20 epoch, Training loss : 0.5007132291793823 / NS : Val AP : 0.9035631418228149 / AUROC : 0.92041015625
9 time - 21 epoch, Training loss : 0.4790988266468048 / NS : Val AP : 0.9523485898971558 / AUROC : 0.95849609375
9 time - 22 epoch, Training loss : 0.47076719999313354 / NS : Val AP : 0.7540941834449768 / AUROC : 0.79296875
9 time - 23 epoch, Training loss : 0.46206551790237427 / NS : Val AP : 0.7023971080780029 / AUROC : 0.759765625
9 time - 24 epoch, Training loss : 0.491559773683548 / NS : Val AP : 0.8866512775421143 / AUROC : 0.9013671875
9 time - 25 epoch, Training loss : 0.482601135969162 / NS : Val AP : 0.7875591516494751 / AUROC : 0.82861328125
9 time - 26 epoch, Training loss : 0.4989287853240967 / NS : Val AP : 0.9358883500099182 / AUROC : 0.9482421875
9 time - 27 epoch, Training loss : 0.5467277765274048 / NS : Val AP : 0.7771129608154297 / AUROC : 0.78515625
9 time - 28 epoch, Training loss : 0.4835283160209656 / NS : Val AP : 0.9019230604171753 / AUROC : 0.93359375
9 time - 29 epoch, Training loss : 0.5031682252883911 / NS : Val AP : 0.7156632542610168 / AUROC : 0.755859375
9 time - 30 epoch, Training loss : 0.48810917139053345 / NS : Val AP : 0.8172413110733032 / AUROC : 0.87744140625
9 time - 31 epoch, Training loss : 0.46708476543426514 / NS : Val AP : 0.9646189212799072 / AUROC : 0.974609375
9 time - 32 epoch, Training loss : 0.491813063621521 / NS : Val AP : 0.898065447807312 / AUROC : 0.91015625
9 time - 33 epoch, Training loss : 0.4653410315513611 / NS : Val AP : 0.7215831279754639 / AUROC : 0.7626953125
9 time - 34 epoch, Training loss : 0.474465548992157 / NS : Val AP : 0.8385554552078247 / AUROC : 0.8857421875
9 time - 35 epoch, Training loss : 0.5309728384017944 / NS : Val AP : 0.8241015672683716 / AUROC : 0.8037109375
9 time - 36 epoch, Training loss : 0.5120452046394348 / NS : Val AP : 0.8883928656578064 / AUROC : 0.9267578125
9 time - 37 epoch, Training loss : 0.4784211218357086 / NS : Val AP : 0.7306972146034241 / AUROC : 0.7705078125
9 time - 38 epoch, Training loss : 0.489772766828537 / NS : Val AP : 0.7516741156578064 / AUROC : 0.81494140625
9 time - 39 epoch, Training loss : 0.473255455493927 / NS : Val AP : 0.8890904188156128 / AUROC : 0.908203125
9 time - 40 epoch, Training loss : 0.4922279715538025 / NS : Val AP : 0.9606249928474426 / AUROC : 0.9501953125
9 time - 41 epoch, Training loss : 0.511696457862854 / NS : Val AP : 0.7447328567504883 / AUROC : 0.77490234375
[9 time Val AP : 0.974609375 / AUROC : 0.9646189212799072 ]
[9 time Test AP : 0.927195238217939 / AUROC : 0.9296960830688477 ]
10 time - 0 epoch, Training loss : 0.4999372065067291 / NS : Val AP : 0.7937851548194885 / AUROC : 0.8234405013142974
10 time - 1 epoch, Training loss : 0.49207839369773865 / NS : Val AP : 0.7706550359725952 / AUROC : 0.82568359375
10 time - 2 epoch, Training loss : 0.4838946759700775 / NS : Val AP : 0.761160671710968 / AUROC : 0.8125
10 time - 3 epoch, Training loss : 0.5115783214569092 / NS : Val AP : 0.919283926486969 / AUROC : 0.927734375
10 time - 4 epoch, Training loss : 0.5076953172683716 / NS : Val AP : 0.8988671898841858 / AUROC : 0.91357421875
10 time - 5 epoch, Training loss : 0.49954962730407715 / NS : Val AP : 0.9120370149612427 / AUROC : 0.943359375
10 time - 6 epoch, Training loss : 0.4877986013889313 / NS : Val AP : 0.7892705798149109 / AUROC : 0.8525390625
10 time - 7 epoch, Training loss : 0.5157814025878906 / NS : Val AP : 0.912712574005127 / AUROC : 0.9287109375
10 time - 8 epoch, Training loss : 0.4796403646469116 / NS : Val AP : 0.8213315010070801 / AUROC : 0.8515625
10 time - 9 epoch, Training loss : 0.4995414912700653 / NS : Val AP : 0.9615194201469421 / AUROC : 0.947265625
10 time - 10 epoch, Training loss : 0.49208128452301025 / NS : Val AP : 0.8643689155578613 / AUROC : 0.91259765625
10 time - 11 epoch, Training loss : 0.4792620539665222 / NS : Val AP : 0.8877663016319275 / AUROC : 0.89208984375
10 time - 12 epoch, Training loss : 0.47962695360183716 / NS : Val AP : 0.8914231657981873 / AUROC : 0.896484375
10 time - 13 epoch, Training loss : 0.45891278982162476 / NS : Val AP : 0.9506743550300598 / AUROC : 0.93359375
10 time - 14 epoch, Training loss : 0.5003412365913391 / NS : Val AP : 0.8457715511322021 / AUROC : 0.90380859375
10 time - 15 epoch, Training loss : 0.4838973581790924 / NS : Val AP : 0.8188048601150513 / AUROC : 0.8623046875
10 time - 16 epoch, Training loss : 0.5240724086761475 / NS : Val AP : 0.9185686707496643 / AUROC : 0.90234375
10 time - 17 epoch, Training loss : 0.5001211166381836 / NS : Val AP : 0.7723214626312256 / AUROC : 0.82568359375
10 time - 18 epoch, Training loss : 0.46676164865493774 / NS : Val AP : 0.7509260177612305 / AUROC : 0.75830078125
10 time - 19 epoch, Training loss : 0.49209529161453247 / NS : Val AP : 0.8714979290962219 / AUROC : 0.89111328125
[10 time Val AP : 0.947265625 / AUROC : 0.9615194201469421 ]
[10 time Test AP : 0.9241494585221106 / AUROC : 0.9176356196403503 ]
11 time - 0 epoch, Training loss : 0.44482100009918213 / NS : Val AP : 0.7584601640701294 / AUROC : 0.8082532339010293
11 time - 1 epoch, Training loss : 0.4798326790332794 / NS : Val AP : 0.9710881114006042 / AUROC : 0.97119140625
11 time - 2 epoch, Training loss : 0.47845083475112915 / NS : Val AP : 0.789034366607666 / AUROC : 0.81396484375
11 time - 3 epoch, Training loss : 0.481558620929718 / NS : Val AP : 0.9365190863609314 / AUROC : 0.94189453125
11 time - 4 epoch, Training loss : 0.4922027587890625 / NS : Val AP : 0.8654478788375854 / AUROC : 0.86669921875
11 time - 5 epoch, Training loss : 0.4616181552410126 / NS : Val AP : 0.9197031259536743 / AUROC : 0.9111328125
11 time - 6 epoch, Training loss : 0.47309982776641846 / NS : Val AP : 0.827913761138916 / AUROC : 0.845703125
11 time - 7 epoch, Training loss : 0.500438392162323 / NS : Val AP : 0.8323452472686768 / AUROC : 0.85205078125
11 time - 8 epoch, Training loss : 0.48996487259864807 / NS : Val AP : 0.7394163012504578 / AUROC : 0.8134765625
11 time - 9 epoch, Training loss : 0.49225327372550964 / NS : Val AP : 0.7672614455223083 / AUROC : 0.787109375
11 time - 10 epoch, Training loss : 0.4754692614078522 / NS : Val AP : 0.8651092052459717 / AUROC : 0.85107421875
11 time - 11 epoch, Training loss : 0.5016831159591675 / NS : Val AP : 0.9100347757339478 / AUROC : 0.9052734375
[11 time Val AP : 0.97119140625 / AUROC : 0.9710881114006042 ]
[11 time Test AP : 0.9211081652003216 / AUROC : 0.922383189201355 ]
12 time - 0 epoch, Training loss : 0.4672766327857971 / NS : Val AP : 0.8994483351707458 / AUROC : 0.8991212704901724
12 time - 1 epoch, Training loss : 0.45659375190734863 / NS : Val AP : 0.83910071849823 / AUROC : 0.8310546875
12 time - 2 epoch, Training loss : 0.4381370544433594 / NS : Val AP : 0.8774963617324829 / AUROC : 0.89453125
12 time - 3 epoch, Training loss : 0.4483734965324402 / NS : Val AP : 0.7782475352287292 / AUROC : 0.822265625
12 time - 4 epoch, Training loss : 0.44730788469314575 / NS : Val AP : 0.8831628561019897 / AUROC : 0.8564453125
12 time - 5 epoch, Training loss : 0.4668968617916107 / NS : Val AP : 0.9011548757553101 / AUROC : 0.93994140625
12 time - 6 epoch, Training loss : 0.41853296756744385 / NS : Val AP : 0.9284957647323608 / AUROC : 0.91943359375
12 time - 7 epoch, Training loss : 0.4462558329105377 / NS : Val AP : 0.9671223759651184 / AUROC : 0.98046875
12 time - 8 epoch, Training loss : 0.5010219812393188 / NS : Val AP : 0.964506983757019 / AUROC : 0.953125
12 time - 9 epoch, Training loss : 0.46584630012512207 / NS : Val AP : 0.9044208526611328 / AUROC : 0.93408203125
12 time - 10 epoch, Training loss : 0.5318752527236938 / NS : Val AP : 0.9336197376251221 / AUROC : 0.91015625
12 time - 11 epoch, Training loss : 0.5100197792053223 / NS : Val AP : 0.8224867582321167 / AUROC : 0.8505859375
12 time - 12 epoch, Training loss : 0.49045053124427795 / NS : Val AP : 0.8597407341003418 / AUROC : 0.8291015625
12 time - 13 epoch, Training loss : 0.41987183690071106 / NS : Val AP : 0.8079267740249634 / AUROC : 0.876953125
12 time - 14 epoch, Training loss : 0.4720667004585266 / NS : Val AP : 0.9577721953392029 / AUROC : 0.9404296875
12 time - 15 epoch, Training loss : 0.4197178781032562 / NS : Val AP : 0.8004446029663086 / AUROC : 0.830078125
12 time - 16 epoch, Training loss : 0.4668580889701843 / NS : Val AP : 0.7676196694374084 / AUROC : 0.80908203125
12 time - 17 epoch, Training loss : 0.429892361164093 / NS : Val AP : 0.9698919057846069 / AUROC : 0.96875
[12 time Val AP : 0.98046875 / AUROC : 0.9671223759651184 ]
[12 time Test AP : 0.9195777375383534 / AUROC : 0.9164950251579285 ]
13 time - 0 epoch, Training loss : 0.4780404567718506 / NS : Val AP : 0.9291550517082214 / AUROC : 0.9200062636702643
13 time - 1 epoch, Training loss : 0.4822124242782593 / NS : Val AP : 0.9169560074806213 / AUROC : 0.9365234375
13 time - 2 epoch, Training loss : 0.48974061012268066 / NS : Val AP : 0.9746744632720947 / AUROC : 0.96728515625
13 time - 3 epoch, Training loss : 0.4685833156108856 / NS : Val AP : 0.9609893560409546 / AUROC : 0.958984375
13 time - 4 epoch, Training loss : 0.4419662356376648 / NS : Val AP : 0.935357391834259 / AUROC : 0.9169921875
13 time - 5 epoch, Training loss : 0.47998112440109253 / NS : Val AP : 0.794550895690918 / AUROC : 0.80615234375
13 time - 6 epoch, Training loss : 0.42444056272506714 / NS : Val AP : 0.9524601101875305 / AUROC : 0.9453125
13 time - 7 epoch, Training loss : 0.4653162956237793 / NS : Val AP : 0.9305415749549866 / AUROC : 0.92626953125
13 time - 8 epoch, Training loss : 0.4728879928588867 / NS : Val AP : 0.9489182829856873 / AUROC : 0.9609375
