args: Namespace(aggregator='Maxmin', alpha_e=0, alpha_edge=0.5, alpha_v=0, batch_size=64, dataset_name='email-Enron', dim_edge=128, dim_hidden=128, dim_time=128, dim_vertex=128, early_stop=10, edge_aware='true', edge_concat_mode='mlp', epochs=50, exp_num=1, folder_name='logs/hnhn/email-Enron_train_live_update_hnhn', freq_size=2628000, gpu=0, lr=0.0001, model='hnhn', neg_mode='sns', neg_size=100, node_aware='true', num_layers=2, seed=1111, ssl_loss='false', test_mode='train_live_update', time_concat_mode='mlp', time_layers=3, time_split_type='sec', training='wgan')
============================================ Experiments 111 ==================================================0 time - 0 epoch, Training loss : 0.5189622640609741 / NS : Val AP : 1.0 / AUROC : 1.0
0 time - 1 epoch, Training loss : 0.5009915828704834 / NS : Val AP : 1.0 / AUROC : 1.0
0 time - 2 epoch, Training loss : 0.49437594413757324 / NS : Val AP : 1.0 / AUROC : 1.0
0 time - 3 epoch, Training loss : 0.4892697036266327 / NS : Val AP : 1.0 / AUROC : 1.0
0 time - 4 epoch, Training loss : 0.477775514125824 / NS : Val AP : 1.0 / AUROC : 1.0
0 time - 5 epoch, Training loss : 0.47154340147972107 / NS : Val AP : 1.0 / AUROC : 1.0
0 time - 6 epoch, Training loss : 0.46529942750930786 / NS : Val AP : 1.0 / AUROC : 1.0
0 time - 7 epoch, Training loss : 0.46039295196533203 / NS : Val AP : 1.0 / AUROC : 1.0
0 time - 8 epoch, Training loss : 0.455777108669281 / NS : Val AP : 0.5 / AUROC : 0.5
0 time - 9 epoch, Training loss : 0.4675546884536743 / NS : Val AP : 1.0 / AUROC : 1.0
0 time - 10 epoch, Training loss : 0.4484978914260864 / NS : Val AP : 1.0 / AUROC : 1.0
[0 time Val AP : 1.0 / AUROC : 1.0 ]
[0 time Test AP : 1.0 / AUROC : 1.0 ]
1 time - 0 epoch, Training loss : 0.4899851083755493 / NS : Val AP : 1.0 / AUROC : 1.0
1 time - 1 epoch, Training loss : 0.4892262816429138 / NS : Val AP : 0.8333333730697632 / AUROC : 0.875
1 time - 2 epoch, Training loss : 0.47717222571372986 / NS : Val AP : 0.8333333730697632 / AUROC : 0.75
1 time - 3 epoch, Training loss : 0.473075270652771 / NS : Val AP : 1.0 / AUROC : 1.0
1 time - 4 epoch, Training loss : 0.450782835483551 / NS : Val AP : 0.75 / AUROC : 0.625
1 time - 5 epoch, Training loss : 0.43843328952789307 / NS : Val AP : 1.0 / AUROC : 1.0
1 time - 6 epoch, Training loss : 0.47183582186698914 / NS : Val AP : 1.0 / AUROC : 1.0
1 time - 7 epoch, Training loss : 0.46850842237472534 / NS : Val AP : 1.0 / AUROC : 1.0
1 time - 8 epoch, Training loss : 0.4324752390384674 / NS : Val AP : 1.0 / AUROC : 1.0
1 time - 9 epoch, Training loss : 0.40716156363487244 / NS : Val AP : 1.0 / AUROC : 1.0
1 time - 10 epoch, Training loss : 0.44994062185287476 / NS : Val AP : 0.75 / AUROC : 0.5
[1 time Val AP : 1.0 / AUROC : 1.0 ]
[1 time Test AP : 1.0 / AUROC : 1.0 ]
2 time - 0 epoch, Training loss : 0.5072973966598511 / NS : Val AP : 0.6166666746139526 / AUROC : 0.5
2 time - 1 epoch, Training loss : 0.5072476863861084 / NS : Val AP : 0.875 / AUROC : 0.875
2 time - 2 epoch, Training loss : 0.5072104334831238 / NS : Val AP : 0.5 / AUROC : 0.5
2 time - 3 epoch, Training loss : 0.5071743726730347 / NS : Val AP : 0.5 / AUROC : 0.5
2 time - 4 epoch, Training loss : 0.5071395039558411 / NS : Val AP : 0.5 / AUROC : 0.5
2 time - 5 epoch, Training loss : 0.5071059465408325 / NS : Val AP : 0.5 / AUROC : 0.5
2 time - 6 epoch, Training loss : 0.5070732235908508 / NS : Val AP : 0.5 / AUROC : 0.5
2 time - 7 epoch, Training loss : 0.5070412755012512 / NS : Val AP : 0.5 / AUROC : 0.5
2 time - 8 epoch, Training loss : 0.5070101022720337 / NS : Val AP : 0.5 / AUROC : 0.5
2 time - 9 epoch, Training loss : 0.5069795846939087 / NS : Val AP : 0.5 / AUROC : 0.5
2 time - 10 epoch, Training loss : 0.5069496035575867 / NS : Val AP : 0.5 / AUROC : 0.5
2 time - 11 epoch, Training loss : 0.5069202184677124 / NS : Val AP : 0.5 / AUROC : 0.5
[2 time Val AP : 0.875 / AUROC : 0.875 ]
[2 time Test AP : 0.5 / AUROC : 0.5 ]
3 time - 0 epoch, Training loss : 0.4941030740737915 / NS : Val AP : 1.0 / AUROC : 1.0
3 time - 1 epoch, Training loss : 0.47671496868133545 / NS : Val AP : 1.0 / AUROC : 1.0
3 time - 2 epoch, Training loss : 0.482227623462677 / NS : Val AP : 1.0 / AUROC : 1.0
3 time - 3 epoch, Training loss : 0.4590309262275696 / NS : Val AP : 1.0 / AUROC : 1.0
3 time - 4 epoch, Training loss : 0.47311684489250183 / NS : Val AP : 0.8333333730697632 / AUROC : 0.875
3 time - 5 epoch, Training loss : 0.46476879715919495 / NS : Val AP : 0.5833333730697632 / AUROC : 0.625
3 time - 6 epoch, Training loss : 0.4578530490398407 / NS : Val AP : 1.0 / AUROC : 1.0
3 time - 7 epoch, Training loss : 0.43356266617774963 / NS : Val AP : 1.0 / AUROC : 1.0
3 time - 8 epoch, Training loss : 0.45070478320121765 / NS : Val AP : 1.0 / AUROC : 1.0
3 time - 9 epoch, Training loss : 0.4360518455505371 / NS : Val AP : 1.0 / AUROC : 1.0
3 time - 10 epoch, Training loss : 0.4327693581581116 / NS : Val AP : 1.0 / AUROC : 1.0
[3 time Val AP : 1.0 / AUROC : 1.0 ]
[3 time Test AP : 1.0 / AUROC : 1.0 ]
4 time - 0 epoch, Training loss : 0.49480724334716797 / NS : Val AP : 0.8136363625526428 / AUROC : 0.78125
4 time - 1 epoch, Training loss : 0.4898766279220581 / NS : Val AP : 0.8038461208343506 / AUROC : 0.71875
4 time - 2 epoch, Training loss : 0.49058759212493896 / NS : Val AP : 0.6488927602767944 / AUROC : 0.7265625
4 time - 3 epoch, Training loss : 0.49057143926620483 / NS : Val AP : 0.5890151262283325 / AUROC : 0.6484375
4 time - 4 epoch, Training loss : 0.504284679889679 / NS : Val AP : 0.6498397588729858 / AUROC : 0.71875
4 time - 5 epoch, Training loss : 0.49538952112197876 / NS : Val AP : 0.7632575631141663 / AUROC : 0.8203125
4 time - 6 epoch, Training loss : 0.48976197838783264 / NS : Val AP : 0.782575786113739 / AUROC : 0.859375
4 time - 7 epoch, Training loss : 0.4918516278266907 / NS : Val AP : 0.8246753215789795 / AUROC : 0.890625
4 time - 8 epoch, Training loss : 0.48230117559432983 / NS : Val AP : 0.6213942766189575 / AUROC : 0.6953125
4 time - 9 epoch, Training loss : 0.4764196276664734 / NS : Val AP : 0.6163825988769531 / AUROC : 0.6796875
4 time - 10 epoch, Training loss : 0.47752124071121216 / NS : Val AP : 0.7333333492279053 / AUROC : 0.8125
4 time - 11 epoch, Training loss : 0.4808255434036255 / NS : Val AP : 0.762499988079071 / AUROC : 0.84375
4 time - 12 epoch, Training loss : 0.49386802315711975 / NS : Val AP : 0.8519231081008911 / AUROC : 0.8671875
4 time - 13 epoch, Training loss : 0.4757547974586487 / NS : Val AP : 0.7443181872367859 / AUROC : 0.828125
4 time - 14 epoch, Training loss : 0.47225725650787354 / NS : Val AP : 0.6391233801841736 / AUROC : 0.71875
4 time - 15 epoch, Training loss : 0.45127084851264954 / NS : Val AP : 0.7333333492279053 / AUROC : 0.8125
4 time - 16 epoch, Training loss : 0.47253257036209106 / NS : Val AP : 0.5779914855957031 / AUROC : 0.6328125
4 time - 17 epoch, Training loss : 0.4639536142349243 / NS : Val AP : 0.6413170099258423 / AUROC : 0.71875
[4 time Val AP : 0.890625 / AUROC : 0.8246753215789795 ]
[4 time Test AP : 0.6875 / AUROC : 0.6875 ]
5 time - 0 epoch, Training loss : 0.49971842765808105 / NS : Val AP : 0.881944477558136 / AUROC : 0.8611111111111112
5 time - 1 epoch, Training loss : 0.5005559921264648 / NS : Val AP : 1.0 / AUROC : 1.0
5 time - 2 epoch, Training loss : 0.49807846546173096 / NS : Val AP : 0.6785714626312256 / AUROC : 0.7222222222222223
5 time - 3 epoch, Training loss : 0.4933396577835083 / NS : Val AP : 0.5454545617103577 / AUROC : 0.5833333333333333
5 time - 4 epoch, Training loss : 0.4973127841949463 / NS : Val AP : 0.6000000238418579 / AUROC : 0.6666666666666667
5 time - 5 epoch, Training loss : 0.5016031265258789 / NS : Val AP : 0.46212121844291687 / AUROC : 0.4166666666666667
5 time - 6 epoch, Training loss : 0.48871421813964844 / NS : Val AP : 0.6000000238418579 / AUROC : 0.6666666666666667
5 time - 7 epoch, Training loss : 0.5011416077613831 / NS : Val AP : 0.6666666865348816 / AUROC : 0.75
5 time - 8 epoch, Training loss : 0.4982791543006897 / NS : Val AP : 0.6000000238418579 / AUROC : 0.6666666666666667
5 time - 9 epoch, Training loss : 0.5012743473052979 / NS : Val AP : 0.9333333373069763 / AUROC : 0.9444444444444445
5 time - 10 epoch, Training loss : 0.49218499660491943 / NS : Val AP : 0.6000000238418579 / AUROC : 0.6666666666666667
5 time - 11 epoch, Training loss : 0.49199938774108887 / NS : Val AP : 0.5 / AUROC : 0.5
[5 time Val AP : 1.0 / AUROC : 1.0 ]
[5 time Test AP : 0.5 / AUROC : 0.5 ]
6 time - 0 epoch, Training loss : 0.4963531494140625 / NS : Val AP : 0.8869230151176453 / AUROC : 0.925
6 time - 1 epoch, Training loss : 0.49130767583847046 / NS : Val AP : 0.625 / AUROC : 0.7
6 time - 2 epoch, Training loss : 0.4944841265678406 / NS : Val AP : 0.675708532333374 / AUROC : 0.755
6 time - 3 epoch, Training loss : 0.5003443956375122 / NS : Val AP : 0.5263158082962036 / AUROC : 0.55
6 time - 4 epoch, Training loss : 0.49040013551712036 / NS : Val AP : 0.625 / AUROC : 0.7
6 time - 5 epoch, Training loss : 0.4948452115058899 / NS : Val AP : 0.5882353186607361 / AUROC : 0.65
6 time - 6 epoch, Training loss : 0.4962359070777893 / NS : Val AP : 0.5 / AUROC : 0.5
6 time - 7 epoch, Training loss : 0.49061843752861023 / NS : Val AP : 0.5555555820465088 / AUROC : 0.6
6 time - 8 epoch, Training loss : 0.4902932345867157 / NS : Val AP : 0.5562499761581421 / AUROC : 0.6000000000000001
6 time - 9 epoch, Training loss : 0.48965802788734436 / NS : Val AP : 0.625 / AUROC : 0.7
6 time - 10 epoch, Training loss : 0.48134803771972656 / NS : Val AP : 0.625 / AUROC : 0.7
[6 time Val AP : 0.925 / AUROC : 0.8869230151176453 ]
[6 time Test AP : 0.5 / AUROC : 0.5 ]
7 time - 0 epoch, Training loss : 0.4778789281845093 / NS : Val AP : 0.9855769276618958 / AUROC : 0.9911242603550295
7 time - 1 epoch, Training loss : 0.480103075504303 / NS : Val AP : 0.66300368309021 / AUROC : 0.7455621301775148
7 time - 2 epoch, Training loss : 0.48157668113708496 / NS : Val AP : 0.8125 / AUROC : 0.8846153846153846
7 time - 3 epoch, Training loss : 0.4770351052284241 / NS : Val AP : 0.5973244309425354 / AUROC : 0.6627218934911242
7 time - 4 epoch, Training loss : 0.4699211120605469 / NS : Val AP : 0.6538461446762085 / AUROC : 0.7218934911242604
7 time - 5 epoch, Training loss : 0.46985089778900146 / NS : Val AP : 0.6842105388641357 / AUROC : 0.7692307692307692
7 time - 6 epoch, Training loss : 0.4648125469684601 / NS : Val AP : 0.6769688725471497 / AUROC : 0.7603550295857988
7 time - 7 epoch, Training loss : 0.4645366072654724 / NS : Val AP : 0.6842105388641357 / AUROC : 0.7692307692307692
7 time - 8 epoch, Training loss : 0.46313607692718506 / NS : Val AP : 0.7222222089767456 / AUROC : 0.8076923076923077
7 time - 9 epoch, Training loss : 0.46109431982040405 / NS : Val AP : 0.6190476417541504 / AUROC : 0.6923076923076923
7 time - 10 epoch, Training loss : 0.4611389636993408 / NS : Val AP : 0.7647058963775635 / AUROC : 0.8461538461538461
[7 time Val AP : 0.9911242603550295 / AUROC : 0.9855769276618958 ]
[7 time Test AP : 0.8265306122448979 / AUROC : 0.7428570985794067 ]
8 time - 0 epoch, Training loss : 0.46867871284484863 / NS : Val AP : 0.9607495665550232 / AUROC : 0.9497041420118343
8 time - 1 epoch, Training loss : 0.47161802649497986 / NS : Val AP : 0.841208815574646 / AUROC : 0.8875739644970414
8 time - 2 epoch, Training loss : 0.4627090096473694 / NS : Val AP : 0.8666666746139526 / AUROC : 0.9230769230769231
8 time - 3 epoch, Training loss : 0.4562133848667145 / NS : Val AP : 0.8500323295593262 / AUROC : 0.9053254437869822
8 time - 4 epoch, Training loss : 0.45987623929977417 / NS : Val AP : 0.7222222089767456 / AUROC : 0.8076923076923077
8 time - 5 epoch, Training loss : 0.44856640696525574 / NS : Val AP : 0.6842105388641357 / AUROC : 0.7692307692307692
8 time - 6 epoch, Training loss : 0.4514157176017761 / NS : Val AP : 0.7222222089767456 / AUROC : 0.8076923076923077
8 time - 7 epoch, Training loss : 0.44128939509391785 / NS : Val AP : 0.7647058963775635 / AUROC : 0.8461538461538461
8 time - 8 epoch, Training loss : 0.449495792388916 / NS : Val AP : 0.6842105388641357 / AUROC : 0.7692307692307693
8 time - 9 epoch, Training loss : 0.4447866380214691 / NS : Val AP : 0.9285714030265808 / AUROC : 0.9615384615384616
8 time - 10 epoch, Training loss : 0.4307369887828827 / NS : Val AP : 0.7222222089767456 / AUROC : 0.8076923076923077
8 time - 11 epoch, Training loss : 0.434815376996994 / NS : Val AP : 0.7449392676353455 / AUROC : 0.8224852071005917
8 time - 12 epoch, Training loss : 0.43395042419433594 / NS : Val AP : 0.6842105388641357 / AUROC : 0.7692307692307693
8 time - 13 epoch, Training loss : 0.4321092963218689 / NS : Val AP : 0.8125 / AUROC : 0.8846153846153846
8 time - 14 epoch, Training loss : 0.42296209931373596 / NS : Val AP : 0.8666666746139526 / AUROC : 0.9230769230769231
8 time - 15 epoch, Training loss : 0.41922467947006226 / NS : Val AP : 0.7647058963775635 / AUROC : 0.8461538461538461
8 time - 16 epoch, Training loss : 0.41599977016448975 / NS : Val AP : 0.707139253616333 / AUROC : 0.7928994082840237
8 time - 17 epoch, Training loss : 0.4322666525840759 / NS : Val AP : 0.7940170764923096 / AUROC : 0.863905325443787
8 time - 18 epoch, Training loss : 0.41294077038764954 / NS : Val AP : 0.6842105388641357 / AUROC : 0.7692307692307692
8 time - 19 epoch, Training loss : 0.409018874168396 / NS : Val AP : 0.707139253616333 / AUROC : 0.7928994082840236
[8 time Val AP : 0.9615384615384616 / AUROC : 0.9285714030265808 ]
[8 time Test AP : 0.9285714285714286 / AUROC : 0.875 ]
9 time - 0 epoch, Training loss : 0.507023811340332 / NS : Val AP : 0.6194108724594116 / AUROC : 0.6301020408163265
9 time - 1 epoch, Training loss : 0.5069965124130249 / NS : Val AP : 0.6309523582458496 / AUROC : 0.6836734693877551
9 time - 2 epoch, Training loss : 0.5069700479507446 / NS : Val AP : 0.7922078371047974 / AUROC : 0.8214285714285715
9 time - 3 epoch, Training loss : 0.5069434642791748 / NS : Val AP : 0.5 / AUROC : 0.5
9 time - 4 epoch, Training loss : 0.5069170594215393 / NS : Val AP : 0.5 / AUROC : 0.5
9 time - 5 epoch, Training loss : 0.5068909525871277 / NS : Val AP : 0.5 / AUROC : 0.5
9 time - 6 epoch, Training loss : 0.5068649649620056 / NS : Val AP : 0.5 / AUROC : 0.5
9 time - 7 epoch, Training loss : 0.5068391561508179 / NS : Val AP : 0.5 / AUROC : 0.5
9 time - 8 epoch, Training loss : 0.5068135261535645 / NS : Val AP : 0.5 / AUROC : 0.5
9 time - 9 epoch, Training loss : 0.5067880749702454 / NS : Val AP : 0.5 / AUROC : 0.5
9 time - 10 epoch, Training loss : 0.5067628622055054 / NS : Val AP : 0.5 / AUROC : 0.5
9 time - 11 epoch, Training loss : 0.5067377090454102 / NS : Val AP : 0.5 / AUROC : 0.5
9 time - 12 epoch, Training loss : 0.506712794303894 / NS : Val AP : 0.5 / AUROC : 0.5
[9 time Val AP : 0.8214285714285715 / AUROC : 0.7922078371047974 ]
[9 time Test AP : 0.5 / AUROC : 0.5 ]
10 time - 0 epoch, Training loss : 0.43424421548843384 / NS : Val AP : 0.9210858941078186 / AUROC : 0.8765432098765432
10 time - 1 epoch, Training loss : 0.41310542821884155 / NS : Val AP : 0.7981481552124023 / AUROC : 0.8518518518518519
10 time - 2 epoch, Training loss : 0.4303169250488281 / NS : Val AP : 0.9555555582046509 / AUROC : 0.9506172839506173
10 time - 3 epoch, Training loss : 0.43701234459877014 / NS : Val AP : 0.7867564558982849 / AUROC : 0.8641975308641976
10 time - 4 epoch, Training loss : 0.43281829357147217 / NS : Val AP : 1.0 / AUROC : 1.0
10 time - 5 epoch, Training loss : 0.439845472574234 / NS : Val AP : 0.8686507940292358 / AUROC : 0.9259259259259258
10 time - 6 epoch, Training loss : 0.4320359230041504 / NS : Val AP : 1.0 / AUROC : 1.0
10 time - 7 epoch, Training loss : 0.4126356244087219 / NS : Val AP : 0.8388888835906982 / AUROC : 0.9074074074074073
10 time - 8 epoch, Training loss : 0.41255494952201843 / NS : Val AP : 1.0 / AUROC : 1.0
10 time - 9 epoch, Training loss : 0.4158609211444855 / NS : Val AP : 0.9658119678497314 / AUROC : 0.9506172839506173
10 time - 10 epoch, Training loss : 0.40876448154449463 / NS : Val AP : 0.9888889193534851 / AUROC : 0.9876543209876543
10 time - 11 epoch, Training loss : 0.4188764691352844 / NS : Val AP : 0.7307199239730835 / AUROC : 0.8148148148148149
10 time - 12 epoch, Training loss : 0.39819467067718506 / NS : Val AP : 0.9320987462997437 / AUROC : 0.8765432098765431
10 time - 13 epoch, Training loss : 0.3914528489112854 / NS : Val AP : 0.8096440434455872 / AUROC : 0.845679012345679
10 time - 14 epoch, Training loss : 0.42293375730514526 / NS : Val AP : 0.8127865791320801 / AUROC : 0.8641975308641975
[10 time Val AP : 1.0 / AUROC : 1.0 ]
[10 time Test AP : 1.0 / AUROC : 1.0 ]
11 time - 0 epoch, Training loss : 0.4204713702201843 / NS : Val AP : 0.9217909574508667 / AUROC : 0.9005102040816326
11 time - 1 epoch, Training loss : 0.4204740524291992 / NS : Val AP : 0.9105088710784912 / AUROC : 0.9094387755102041
11 time - 2 epoch, Training loss : 0.4145238697528839 / NS : Val AP : 0.8322210311889648 / AUROC : 0.8622448979591837
11 time - 3 epoch, Training loss : 0.4182609021663666 / NS : Val AP : 0.9150051474571228 / AUROC : 0.9183673469387754
11 time - 4 epoch, Training loss : 0.42854487895965576 / NS : Val AP : 0.9291835427284241 / AUROC : 0.9394132653061225
11 time - 5 epoch, Training loss : 0.4242594242095947 / NS : Val AP : 0.7652459144592285 / AUROC : 0.8399234693877551
11 time - 6 epoch, Training loss : 0.4105626344680786 / NS : Val AP : 0.7298323512077332 / AUROC : 0.7984693877551021
11 time - 7 epoch, Training loss : 0.4043544828891754 / NS : Val AP : 0.7864410877227783 / AUROC : 0.8431122448979591
11 time - 8 epoch, Training loss : 0.4096972942352295 / NS : Val AP : 0.83274245262146 / AUROC : 0.8711734693877551
11 time - 9 epoch, Training loss : 0.40562117099761963 / NS : Val AP : 0.8018946051597595 / AUROC : 0.8278061224489797
11 time - 10 epoch, Training loss : 0.41141727566719055 / NS : Val AP : 0.8862429857254028 / AUROC : 0.9170918367346939
11 time - 11 epoch, Training loss : 0.39877206087112427 / NS : Val AP : 0.9168814420700073 / AUROC : 0.9489795918367346
11 time - 12 epoch, Training loss : 0.41023707389831543 / NS : Val AP : 0.8546591997146606 / AUROC : 0.9081632653061225
11 time - 13 epoch, Training loss : 0.4061483144760132 / NS : Val AP : 0.8517956733703613 / AUROC : 0.8883928571428572
11 time - 14 epoch, Training loss : 0.3812616467475891 / NS : Val AP : 0.7291597723960876 / AUROC : 0.798469387755102
11 time - 15 epoch, Training loss : 0.39741867780685425 / NS : Val AP : 0.7926298379898071 / AUROC : 0.8628826530612246
11 time - 16 epoch, Training loss : 0.4131617546081543 / NS : Val AP : 0.6939722895622253 / AUROC : 0.7474489795918368
11 time - 17 epoch, Training loss : 0.39883172512054443 / NS : Val AP : 0.6753408908843994 / AUROC : 0.7455357142857143
11 time - 18 epoch, Training loss : 0.39862126111984253 / NS : Val AP : 0.7586132884025574 / AUROC : 0.8335459183673469
11 time - 19 epoch, Training loss : 0.38266149163246155 / NS : Val AP : 0.8333613872528076 / AUROC : 0.8826530612244898
11 time - 20 epoch, Training loss : 0.387904554605484 / NS : Val AP : 0.7379060387611389 / AUROC : 0.8086734693877551
11 time - 21 epoch, Training loss : 0.3810921311378479 / NS : Val AP : 0.8026729822158813 / AUROC : 0.8558673469387755
[11 time Val AP : 0.9489795918367346 / AUROC : 0.9168814420700073 ]
[11 time Test AP : 0.8596938775510203 / AUROC : 0.8246006965637207 ]
12 time - 0 epoch, Training loss : 0.4725697636604309 / NS : Val AP : 0.8670642971992493 / AUROC : 0.8714285714285714
12 time - 1 epoch, Training loss : 0.47740453481674194 / NS : Val AP : 0.7815659642219543 / AUROC : 0.8351020408163266
12 time - 2 epoch, Training loss : 0.4747616946697235 / NS : Val AP : 0.8523537516593933 / AUROC : 0.8546938775510203
12 time - 3 epoch, Training loss : 0.4847177267074585 / NS : Val AP : 0.7652580142021179 / AUROC : 0.8273469387755102
12 time - 4 epoch, Training loss : 0.48687005043029785 / NS : Val AP : 0.649082601070404 / AUROC : 0.7244897959183674
12 time - 5 epoch, Training loss : 0.4743145704269409 / NS : Val AP : 0.5400954484939575 / AUROC : 0.5718367346938775
12 time - 6 epoch, Training loss : 0.47797587513923645 / NS : Val AP : 0.5748563408851624 / AUROC : 0.6228571428571429
12 time - 7 epoch, Training loss : 0.47721225023269653 / NS : Val AP : 0.5502564311027527 / AUROC : 0.5885714285714285
12 time - 8 epoch, Training loss : 0.48195475339889526 / NS : Val AP : 0.5418162941932678 / AUROC : 0.5771428571428572
12 time - 9 epoch, Training loss : 0.4810525178909302 / NS : Val AP : 0.5747316479682922 / AUROC : 0.6297959183673469
12 time - 10 epoch, Training loss : 0.4870105981826782 / NS : Val AP : 0.5384615659713745 / AUROC : 0.5714285714285714
[12 time Val AP : 0.8714285714285714 / AUROC : 0.8670642971992493 ]
[12 time Test AP : 0.8410493827160493 / AUROC : 0.7867050170898438 ]
13 time - 0 epoch, Training loss : 0.45789462327957153 / NS : Val AP : 0.7285095453262329 / AUROC : 0.7895408163265306
13 time - 1 epoch, Training loss : 0.46028900146484375 / NS : Val AP : 0.7567567825317383 / AUROC : 0.8392857142857143
13 time - 2 epoch, Training loss : 0.45333030819892883 / NS : Val AP : 0.5872294306755066 / AUROC : 0.639030612244898
13 time - 3 epoch, Training loss : 0.469028115272522 / NS : Val AP : 0.6243496537208557 / AUROC : 0.6932397959183674
13 time - 4 epoch, Training loss : 0.4530702829360962 / NS : Val AP : 0.5833333134651184 / AUROC : 0.6428571428571428
13 time - 5 epoch, Training loss : 0.4491482973098755 / NS : Val AP : 0.6051845550537109 / AUROC : 0.6677295918367347
13 time - 6 epoch, Training loss : 0.46801549196243286 / NS : Val AP : 0.6511628031730652 / AUROC : 0.7321428571428572
13 time - 7 epoch, Training loss : 0.437122642993927 / NS : Val AP : 0.6595643758773804 / AUROC : 0.7334183673469388
13 time - 8 epoch, Training loss : 0.4702080190181732 / NS : Val AP : 0.6511628031730652 / AUROC : 0.7321428571428572
13 time - 9 epoch, Training loss : 0.45311108231544495 / NS : Val AP : 0.5514820218086243 / AUROC : 0.590561224489796
13 time - 10 epoch, Training loss : 0.4337584972381592 / NS : Val AP : 0.5994047522544861 / AUROC : 0.6645408163265306
13 time - 11 epoch, Training loss : 0.4523904323577881 / NS : Val AP : 0.5783040523529053 / AUROC : 0.6358418367346939
[13 time Val AP : 0.8392857142857143 / AUROC : 0.7567567825317383 ]
[13 time Test AP : 0.7142857142857143 / AUROC : 0.6363636255264282 ]
14 time - 0 epoch, Training loss : 0.4667072594165802 / NS : Val AP : 0.8320004940032959 / AUROC : 0.81591796875
14 time - 1 epoch, Training loss : 0.4677809774875641 / NS : Val AP : 0.7716842889785767 / AUROC : 0.8037109375
14 time - 2 epoch, Training loss : 0.4805476665496826 / NS : Val AP : 0.7125659584999084 / AUROC : 0.76513671875
14 time - 3 epoch, Training loss : 0.4747914969921112 / NS : Val AP : 0.6817049980163574 / AUROC : 0.75341796875
14 time - 4 epoch, Training loss : 0.484263151884079 / NS : Val AP : 0.592052161693573 / AUROC : 0.65185546875
14 time - 5 epoch, Training loss : 0.4743911027908325 / NS : Val AP : 0.6026038527488708 / AUROC : 0.6611328125
14 time - 6 epoch, Training loss : 0.47694218158721924 / NS : Val AP : 0.5953812003135681 / AUROC : 0.65869140625
14 time - 7 epoch, Training loss : 0.46652257442474365 / NS : Val AP : 0.525510847568512 / AUROC : 0.544921875
14 time - 8 epoch, Training loss : 0.4874076247215271 / NS : Val AP : 0.5344468355178833 / AUROC : 0.564453125
14 time - 9 epoch, Training loss : 0.47572416067123413 / NS : Val AP : 0.5647291541099548 / AUROC : 0.61181640625
14 time - 10 epoch, Training loss : 0.4881052076816559 / NS : Val AP : 0.5334821343421936 / AUROC : 0.55810546875
[14 time Val AP : 0.81591796875 / AUROC : 0.8320004940032959 ]
[14 time Test AP : 0.625 / AUROC : 0.5714285969734192 ]
15 time - 0 epoch, Training loss : 0.4619508981704712 / NS : Val AP : 0.7009299397468567 / AUROC : 0.7695473251028806
15 time - 1 epoch, Training loss : 0.46702560782432556 / NS : Val AP : 0.903306782245636 / AUROC : 0.9218106995884774
15 time - 2 epoch, Training loss : 0.47428619861602783 / NS : Val AP : 0.6392514109611511 / AUROC : 0.7153635116598079
15 time - 3 epoch, Training loss : 0.48351210355758667 / NS : Val AP : 0.6695477962493896 / AUROC : 0.7441700960219478
15 time - 4 epoch, Training loss : 0.4735527038574219 / NS : Val AP : 0.5752465724945068 / AUROC : 0.6255144032921811
15 time - 5 epoch, Training loss : 0.47426408529281616 / NS : Val AP : 0.6027013659477234 / AUROC : 0.6577503429355281
15 time - 6 epoch, Training loss : 0.4704527258872986 / NS : Val AP : 0.5946502089500427 / AUROC : 0.6515775034293552
15 time - 7 epoch, Training loss : 0.48843929171562195 / NS : Val AP : 0.5869565010070801 / AUROC : 0.6481481481481481
15 time - 8 epoch, Training loss : 0.4842528998851776 / NS : Val AP : 0.6428571343421936 / AUROC : 0.7222222222222222
15 time - 9 epoch, Training loss : 0.4648030400276184 / NS : Val AP : 0.5400000214576721 / AUROC : 0.5740740740740741
15 time - 10 epoch, Training loss : 0.4807552695274353 / NS : Val AP : 0.5869565010070801 / AUROC : 0.6481481481481481
15 time - 11 epoch, Training loss : 0.46556612849235535 / NS : Val AP : 0.5631512999534607 / AUROC : 0.6076817558299039
[15 time Val AP : 0.9218106995884774 / AUROC : 0.903306782245636 ]
[15 time Test AP : 0.6428571428571428 / AUROC : 0.5833333134651184 ]
16 time - 0 epoch, Training loss : 0.38168030977249146 / NS : Val AP : 0.662612795829773 / AUROC : 0.7094875346260388
16 time - 1 epoch, Training loss : 0.4640086889266968 / NS : Val AP : 0.7852675914764404 / AUROC : 0.8126731301939059
16 time - 2 epoch, Training loss : 0.46452826261520386 / NS : Val AP : 0.7493159174919128 / AUROC : 0.7794321329639889
16 time - 3 epoch, Training loss : 0.469306617975235 / NS : Val AP : 0.6838744878768921 / AUROC : 0.7337257617728532
16 time - 4 epoch, Training loss : 0.45255783200263977 / NS : Val AP : 0.7308794856071472 / AUROC : 0.8126731301939057
16 time - 5 epoch, Training loss : 0.4398360848426819 / NS : Val AP : 0.6327799558639526 / AUROC : 0.7049861495844876
16 time - 6 epoch, Training loss : 0.4445808529853821 / NS : Val AP : 0.6716914176940918 / AUROC : 0.7434210526315789
16 time - 7 epoch, Training loss : 0.44156986474990845 / NS : Val AP : 0.8495027422904968 / AUROC : 0.8885041551246537
16 time - 8 epoch, Training loss : 0.4338630139827728 / NS : Val AP : 0.6239488124847412 / AUROC : 0.6928670360110804
16 time - 9 epoch, Training loss : 0.42335742712020874 / NS : Val AP : 0.6204727292060852 / AUROC : 0.6880193905817173
16 time - 10 epoch, Training loss : 0.4370167851448059 / NS : Val AP : 0.6628593802452087 / AUROC : 0.7406509695290858
16 time - 11 epoch, Training loss : 0.4480954706668854 / NS : Val AP : 0.5881412029266357 / AUROC : 0.646814404432133
16 time - 12 epoch, Training loss : 0.463692307472229 / NS : Val AP : 0.588320791721344 / AUROC : 0.6468144044321329
16 time - 13 epoch, Training loss : 0.43889951705932617 / NS : Val AP : 0.6607917547225952 / AUROC : 0.7368421052631579
16 time - 14 epoch, Training loss : 0.4445885419845581 / NS : Val AP : 0.674457848072052 / AUROC : 0.7541551246537396
16 time - 15 epoch, Training loss : 0.46030184626579285 / NS : Val AP : 0.5700317621231079 / AUROC : 0.6198060941828255
16 time - 16 epoch, Training loss : 0.4289395213127136 / NS : Val AP : 0.606809139251709 / AUROC : 0.6689750692520776
16 time - 17 epoch, Training loss : 0.4216599464416504 / NS : Val AP : 0.5904889106750488 / AUROC : 0.635387811634349
[16 time Val AP : 0.8885041551246537 / AUROC : 0.8495027422904968 ]
[16 time Test AP : 0.8019390581717452 / AUROC : 0.7402988076210022 ]
17 time - 0 epoch, Training loss : 0.4495352804660797 / NS : Val AP : 0.7655987739562988 / AUROC : 0.7719999999999999
17 time - 1 epoch, Training loss : 0.47504758834838867 / NS : Val AP : 0.7907461524009705 / AUROC : 0.8019999999999999
17 time - 2 epoch, Training loss : 0.4755936861038208 / NS : Val AP : 0.6762770414352417 / AUROC : 0.7152000000000001
17 time - 3 epoch, Training loss : 0.4743993282318115 / NS : Val AP : 0.8120496273040771 / AUROC : 0.8287999999999999
17 time - 4 epoch, Training loss : 0.47956517338752747 / NS : Val AP : 0.6397899985313416 / AUROC : 0.6997999999999999
17 time - 5 epoch, Training loss : 0.47601181268692017 / NS : Val AP : 0.5961847305297852 / AUROC : 0.6564
17 time - 6 epoch, Training loss : 0.4749446511268616 / NS : Val AP : 0.5854805707931519 / AUROC : 0.6459999999999999
17 time - 7 epoch, Training loss : 0.45967552065849304 / NS : Val AP : 0.6138132214546204 / AUROC : 0.6786
17 time - 8 epoch, Training loss : 0.4554731249809265 / NS : Val AP : 0.6172839403152466 / AUROC : 0.6900000000000001
17 time - 9 epoch, Training loss : 0.49116891622543335 / NS : Val AP : 0.5379548072814941 / AUROC : 0.5676
17 time - 10 epoch, Training loss : 0.48313289880752563 / NS : Val AP : 0.5441739559173584 / AUROC : 0.5785999999999999
17 time - 11 epoch, Training loss : 0.48135992884635925 / NS : Val AP : 0.5619540214538574 / AUROC : 0.6076
17 time - 12 epoch, Training loss : 0.4579172134399414 / NS : Val AP : 0.5758103132247925 / AUROC : 0.627
17 time - 13 epoch, Training loss : 0.4761847257614136 / NS : Val AP : 0.5754675269126892 / AUROC : 0.6298
[17 time Val AP : 0.8287999999999999 / AUROC : 0.8120496273040771 ]
[17 time Test AP : 0.6567999999999999 / AUROC : 0.596833348274231 ]
18 time - 0 epoch, Training loss : 0.49004340171813965 / NS : Val AP : 0.7064598202705383 / AUROC : 0.7313990232691755
18 time - 1 epoch, Training loss : 0.48725247383117676 / NS : Val AP : 0.6104374527931213 / AUROC : 0.6488078138465958
18 time - 2 epoch, Training loss : 0.4740159809589386 / NS : Val AP : 0.6390974521636963 / AUROC : 0.698075265728239
18 time - 3 epoch, Training loss : 0.4888072907924652 / NS : Val AP : 0.6967759132385254 / AUROC : 0.7151680551565642
18 time - 4 epoch, Training loss : 0.4892895519733429 / NS : Val AP : 0.5962517261505127 / AUROC : 0.6469405343292157
18 time - 5 epoch, Training loss : 0.4886380434036255 / NS : Val AP : 0.5728384852409363 / AUROC : 0.6137604136742314
18 time - 6 epoch, Training loss : 0.46268779039382935 / NS : Val AP : 0.5819565057754517 / AUROC : 0.6353059465670784
18 time - 7 epoch, Training loss : 0.48444077372550964 / NS : Val AP : 0.5796504616737366 / AUROC : 0.6311404768744613
18 time - 8 epoch, Training loss : 0.5093644857406616 / NS : Val AP : 0.621052622795105 / AUROC : 0.6949152542372882
18 time - 9 epoch, Training loss : 0.48690205812454224 / NS : Val AP : 0.5476944446563721 / AUROC : 0.5866130422292444
18 time - 10 epoch, Training loss : 0.4777607023715973 / NS : Val AP : 0.5439079403877258 / AUROC : 0.5784257397299627
[18 time Val AP : 0.7313990232691755 / AUROC : 0.7064598202705383 ]
[18 time Test AP : 0.7066666666666667 / AUROC : 0.6298183798789978 ]
19 time - 0 epoch, Training loss : 0.4517521262168884 / NS : Val AP : 0.8360583186149597 / AUROC : 0.8754016620498615
19 time - 1 epoch, Training loss : 0.4860350489616394 / NS : Val AP : 0.8884357213973999 / AUROC : 0.916259765625
19 time - 2 epoch, Training loss : 0.4851379990577698 / NS : Val AP : 0.6770573854446411 / AUROC : 0.7273673257023934
19 time - 3 epoch, Training loss : 0.4917999804019928 / NS : Val AP : 0.606818437576294 / AUROC : 0.6710205078125
19 time - 4 epoch, Training loss : 0.48590999841690063 / NS : Val AP : 0.5636363625526428 / AUROC : 0.6129032258064516
19 time - 5 epoch, Training loss : 0.494534432888031 / NS : Val AP : 0.6029165983200073 / AUROC : 0.668701171875
19 time - 6 epoch, Training loss : 0.4691741466522217 / NS : Val AP : 0.5877784490585327 / AUROC : 0.6482830385015609
19 time - 7 epoch, Training loss : 0.4857156276702881 / NS : Val AP : 0.5587787628173828 / AUROC : 0.602294921875
19 time - 8 epoch, Training loss : 0.48586973547935486 / NS : Val AP : 0.6200000047683716 / AUROC : 0.6935483870967742
19 time - 9 epoch, Training loss : 0.4861049950122833 / NS : Val AP : 0.5787414908409119 / AUROC : 0.6356201171875
19 time - 10 epoch, Training loss : 0.4821748435497284 / NS : Val AP : 0.57444167137146 / AUROC : 0.6248699271592092
19 time - 11 epoch, Training loss : 0.4891771078109741 / NS : Val AP : 0.5765765905380249 / AUROC : 0.6328125
[19 time Val AP : 0.916259765625 / AUROC : 0.8884357213973999 ]
[19 time Test AP : 0.5941840277777778 / AUROC : 0.5524106025695801 ]
20 time - 0 epoch, Training loss : 0.4744991660118103 / NS : Val AP : 0.6418852210044861 / AUROC : 0.7141698215251487
20 time - 1 epoch, Training loss : 0.4704115092754364 / NS : Val AP : 0.6562101244926453 / AUROC : 0.735107421875
20 time - 2 epoch, Training loss : 0.47909438610076904 / NS : Val AP : 0.5507677793502808 / AUROC : 0.5878099173553719
20 time - 3 epoch, Training loss : 0.4852088689804077 / NS : Val AP : 0.5925925970077515 / AUROC : 0.65625
20 time - 4 epoch, Training loss : 0.473494291305542 / NS : Val AP : 0.5641025900840759 / AUROC : 0.6136363636363636
20 time - 5 epoch, Training loss : 0.4715883731842041 / NS : Val AP : 0.59375 / AUROC : 0.6536865234375
20 time - 6 epoch, Training loss : 0.4854623079299927 / NS : Val AP : 0.5243921279907227 / AUROC : 0.5444214876033058
20 time - 7 epoch, Training loss : 0.4730786681175232 / NS : Val AP : 0.6274510025978088 / AUROC : 0.703125
20 time - 8 epoch, Training loss : 0.49381381273269653 / NS : Val AP : 0.5945945978164673 / AUROC : 0.6590909090909091
20 time - 9 epoch, Training loss : 0.4978712201118469 / NS : Val AP : 0.566511869430542 / AUROC : 0.615234375
20 time - 10 epoch, Training loss : 0.4707688093185425 / NS : Val AP : 0.5789473652839661 / AUROC : 0.6363636363636364
20 time - 11 epoch, Training loss : 0.4804011881351471 / NS : Val AP : 0.5824154615402222 / AUROC : 0.6402587890625
[20 time Val AP : 0.735107421875 / AUROC : 0.6562101244926453 ]
[20 time Test AP : 0.627906976744186 / AUROC : 0.5733333230018616 ]
21 time - 0 epoch, Training loss : 0.4829787015914917 / NS : Val AP : 0.6536130309104919 / AUROC : 0.7208776213731687
21 time - 1 epoch, Training loss : 0.4844685196876526 / NS : Val AP : 0.6091840267181396 / AUROC : 0.67919921875
21 time - 2 epoch, Training loss : 0.48129984736442566 / NS : Val AP : 0.6021891832351685 / AUROC : 0.6654663923182441
21 time - 3 epoch, Training loss : 0.4861719012260437 / NS : Val AP : 0.5430454015731812 / AUROC : 0.5810546875
21 time - 4 epoch, Training loss : 0.4760499596595764 / NS : Val AP : 0.6212418079376221 / AUROC : 0.6906721536351166
21 time - 5 epoch, Training loss : 0.4743110239505768 / NS : Val AP : 0.5541793704032898 / AUROC : 0.595947265625
21 time - 6 epoch, Training loss : 0.4687967598438263 / NS : Val AP : 0.5648369193077087 / AUROC : 0.6138545953360768
21 time - 7 epoch, Training loss : 0.47568100690841675 / NS : Val AP : 0.5874593257904053 / AUROC : 0.646484375
21 time - 8 epoch, Training loss : 0.48896512389183044 / NS : Val AP : 0.5914786458015442 / AUROC : 0.6474622770919067
21 time - 9 epoch, Training loss : 0.47529053688049316 / NS : Val AP : 0.5524474382400513 / AUROC : 0.591064453125
21 time - 10 epoch, Training loss : 0.45903003215789795 / NS : Val AP : 0.7886897325515747 / AUROC : 0.8533950617283952
21 time - 11 epoch, Training loss : 0.48704591393470764 / NS : Val AP : 0.5724327564239502 / AUROC : 0.6240234375
21 time - 12 epoch, Training loss : 0.4792400896549225 / NS : Val AP : 0.5697136521339417 / AUROC : 0.6195130315500685
21 time - 13 epoch, Training loss : 0.482369989156723 / NS : Val AP : 0.5882958769798279 / AUROC : 0.646484375
21 time - 14 epoch, Training loss : 0.44311609864234924 / NS : Val AP : 0.6003787517547607 / AUROC : 0.6634087791495199
21 time - 15 epoch, Training loss : 0.4765424132347107 / NS : Val AP : 0.5632045865058899 / AUROC : 0.6114501953125
21 time - 16 epoch, Training loss : 0.4831976294517517 / NS : Val AP : 0.5352435111999512 / AUROC : 0.5655006858710563
21 time - 17 epoch, Training loss : 0.4823577105998993 / NS : Val AP : 0.5619038343429565 / AUROC : 0.60693359375
21 time - 18 epoch, Training loss : 0.46783891320228577 / NS : Val AP : 0.5530253648757935 / AUROC : 0.5953360768175582
21 time - 19 epoch, Training loss : 0.48008057475090027 / NS : Val AP : 0.5574315190315247 / AUROC : 0.602783203125
21 time - 20 epoch, Training loss : 0.49121415615081787 / NS : Val AP : 0.5569091439247131 / AUROC : 0.6006515775034293
[21 time Val AP : 0.8533950617283952 / AUROC : 0.7886897325515747 ]
[21 time Test AP : 0.8388394139615053 / AUROC : 0.7683121562004089 ]
22 time - 0 epoch, Training loss : 0.47605210542678833 / NS : Val AP : 0.5999093651771545 / AUROC : 0.6628086419753086
22 time - 1 epoch, Training loss : 0.47454413771629333 / NS : Val AP : 0.5720874071121216 / AUROC : 0.619873046875
22 time - 2 epoch, Training loss : 0.4818432033061981 / NS : Val AP : 0.5918899178504944 / AUROC : 0.6521177685950412
22 time - 3 epoch, Training loss : 0.46463334560394287 / NS : Val AP : 0.611156165599823 / AUROC : 0.677001953125
22 time - 4 epoch, Training loss : 0.4723327159881592 / NS : Val AP : 0.5980861186981201 / AUROC : 0.6528925619834711
22 time - 5 epoch, Training loss : 0.4597015380859375 / NS : Val AP : 0.5843265056610107 / AUROC : 0.644287109375
22 time - 6 epoch, Training loss : 0.46462494134902954 / NS : Val AP : 0.550000011920929 / AUROC : 0.5909090909090908
22 time - 7 epoch, Training loss : 0.46343931555747986 / NS : Val AP : 0.8069033622741699 / AUROC : 0.8138427734375
22 time - 8 epoch, Training loss : 0.4492654502391815 / NS : Val AP : 0.550000011920929 / AUROC : 0.5909090909090909
22 time - 9 epoch, Training loss : 0.4616255760192871 / NS : Val AP : 0.572181761264801 / AUROC : 0.625244140625
22 time - 10 epoch, Training loss : 0.46398812532424927 / NS : Val AP : 0.550000011920929 / AUROC : 0.5909090909090908
22 time - 11 epoch, Training loss : 0.45836853981018066 / NS : Val AP : 0.5663716793060303 / AUROC : 0.6171875
22 time - 12 epoch, Training loss : 0.4647887945175171 / NS : Val AP : 0.550000011920929 / AUROC : 0.5909090909090908
22 time - 13 epoch, Training loss : 0.4585960805416107 / NS : Val AP : 0.5526923537254333 / AUROC : 0.5953369140625
22 time - 14 epoch, Training loss : 0.4642000198364258 / NS : Val AP : 0.5945945978164673 / AUROC : 0.6590909090909092
22 time - 15 epoch, Training loss : 0.45676255226135254 / NS : Val AP : 0.5621142983436584 / AUROC : 0.60986328125
22 time - 16 epoch, Training loss : 0.4830414950847626 / NS : Val AP : 0.5714285969734192 / AUROC : 0.625
22 time - 17 epoch, Training loss : 0.47049012780189514 / NS : Val AP : 0.5340403318405151 / AUROC : 0.5625
[22 time Val AP : 0.8138427734375 / AUROC : 0.8069033622741699 ]
[22 time Test AP : 0.8155006858710563 / AUROC : 0.7974319458007812 ]
23 time - 0 epoch, Training loss : 0.48783010244369507 / NS : Val AP : 0.6007950305938721 / AUROC : 0.6646260585654524
23 time - 1 epoch, Training loss : 0.4667285084724426 / NS : Val AP : 0.6042688488960266 / AUROC : 0.66552734375
23 time - 2 epoch, Training loss : 0.47235700488090515 / NS : Val AP : 0.7053365707397461 / AUROC : 0.786938775510204
23 time - 3 epoch, Training loss : 0.48293372988700867 / NS : Val AP : 0.5594977140426636 / AUROC : 0.6036376953125
23 time - 4 epoch, Training loss : 0.47078031301498413 / NS : Val AP : 0.5384615659713745 / AUROC : 0.5714285714285714
23 time - 5 epoch, Training loss : 0.49355679750442505 / NS : Val AP : 0.5770807862281799 / AUROC : 0.6318359375
23 time - 6 epoch, Training loss : 0.48457038402557373 / NS : Val AP : 0.5555555820465088 / AUROC : 0.6
23 time - 7 epoch, Training loss : 0.4911402463912964 / NS : Val AP : 0.5541921854019165 / AUROC : 0.5963134765625
23 time - 8 epoch, Training loss : 0.4864650368690491 / NS : Val AP : 0.5010601282119751 / AUROC : 0.5028571428571429
23 time - 9 epoch, Training loss : 0.48712241649627686 / NS : Val AP : 0.5297545790672302 / AUROC : 0.5560302734375
23 time - 10 epoch, Training loss : 0.46770352125167847 / NS : Val AP : 0.5737704634666443 / AUROC : 0.6285714285714286
23 time - 11 epoch, Training loss : 0.4649702310562134 / NS : Val AP : 0.553195059299469 / AUROC : 0.5943603515625
23 time - 12 epoch, Training loss : 0.47754305601119995 / NS : Val AP : 0.532647430896759 / AUROC : 0.5616326530612245
[23 time Val AP : 0.786938775510204 / AUROC : 0.7053365707397461 ]
[23 time Test AP : 0.5506 / AUROC : 0.5271084904670715 ]
24 time - 0 epoch, Training loss : 0.5056397914886475 / NS : Val AP : 0.6184068918228149 / AUROC : 0.685406427221172
24 time - 1 epoch, Training loss : 0.4897114038467407 / NS : Val AP : 0.6562001705169678 / AUROC : 0.738037109375
24 time - 2 epoch, Training loss : 0.4990919232368469 / NS : Val AP : 0.6303921341896057 / AUROC : 0.7041522491349481
24 time - 3 epoch, Training loss : 0.4832039177417755 / NS : Val AP : 0.5470085740089417 / AUROC : 0.5859375
24 time - 4 epoch, Training loss : 0.4863101840019226 / NS : Val AP : 0.5795454382896423 / AUROC : 0.6372549019607843
24 time - 5 epoch, Training loss : 0.5022667646408081 / NS : Val AP : 0.5565217137336731 / AUROC : 0.6015625
24 time - 6 epoch, Training loss : 0.4893752634525299 / NS : Val AP : 0.5666666626930237 / AUROC : 0.6176470588235294
24 time - 7 epoch, Training loss : 0.5054078698158264 / NS : Val AP : 0.5434693098068237 / AUROC : 0.5784912109375
24 time - 8 epoch, Training loss : 0.49570393562316895 / NS : Val AP : 0.5049514770507812 / AUROC : 0.5094194540561322
24 time - 9 epoch, Training loss : 0.49888038635253906 / NS : Val AP : 0.5245901346206665 / AUROC : 0.546875
24 time - 10 epoch, Training loss : 0.5020674467086792 / NS : Val AP : 0.5049514770507812 / AUROC : 0.5094194540561322
24 time - 11 epoch, Training loss : 0.49879908561706543 / NS : Val AP : 0.5289255976676941 / AUROC : 0.5546875
[24 time Val AP : 0.738037109375 / AUROC : 0.6562001705169678 ]
[24 time Test AP : 0.595422116527943 / AUROC : 0.5536245107650757 ]
25 time - 0 epoch, Training loss : 0.47627297043800354 / NS : Val AP : 0.5159432291984558 / AUROC : 0.5308506616257089
25 time - 1 epoch, Training loss : 0.49440109729766846 / NS : Val AP : 0.5378151535987854 / AUROC : 0.5703125
25 time - 2 epoch, Training loss : 0.49435603618621826 / NS : Val AP : 0.5257731676101685 / AUROC : 0.5490196078431372
25 time - 3 epoch, Training loss : 0.499622642993927 / NS : Val AP : 0.5423728823661804 / AUROC : 0.578125
25 time - 4 epoch, Training loss : 0.4869683086872101 / NS : Val AP : 0.5431311130523682 / AUROC : 0.5790080738177624
25 time - 5 epoch, Training loss : 0.49423325061798096 / NS : Val AP : 0.5470085740089417 / AUROC : 0.5859375
25 time - 6 epoch, Training loss : 0.49051883816719055 / NS : Val AP : 0.53125 / AUROC : 0.5588235294117647
25 time - 7 epoch, Training loss : 0.47576069831848145 / NS : Val AP : 0.5161290168762207 / AUROC : 0.53125
25 time - 8 epoch, Training loss : 0.49407893419265747 / NS : Val AP : 0.542553186416626 / AUROC : 0.5784313725490196
25 time - 9 epoch, Training loss : 0.4940358102321625 / NS : Val AP : 0.5423728823661804 / AUROC : 0.578125
25 time - 10 epoch, Training loss : 0.49399274587631226 / NS : Val AP : 0.5257731676101685 / AUROC : 0.5490196078431372
25 time - 11 epoch, Training loss : 0.4865483045578003 / NS : Val AP : 0.5289255976676941 / AUROC : 0.5546875
25 time - 12 epoch, Training loss : 0.49390044808387756 / NS : Val AP : 0.7513389587402344 / AUROC : 0.7739331026528258
25 time - 13 epoch, Training loss : 0.5012826323509216 / NS : Val AP : 0.5380481481552124 / AUROC : 0.5706787109375
25 time - 14 epoch, Training loss : 0.5049598813056946 / NS : Val AP : 0.542553186416626 / AUROC : 0.5784313725490196
25 time - 15 epoch, Training loss : 0.4975031912326813 / NS : Val AP : 0.5423728823661804 / AUROC : 0.578125
25 time - 16 epoch, Training loss : 0.48633164167404175 / NS : Val AP : 0.5151515007019043 / AUROC : 0.5294117647058824
25 time - 17 epoch, Training loss : 0.48998716473579407 / NS : Val AP : 0.5120000243186951 / AUROC : 0.5234375
25 time - 18 epoch, Training loss : 0.4973868727684021 / NS : Val AP : 0.5151515007019043 / AUROC : 0.5294117647058824
25 time - 19 epoch, Training loss : 0.49735158681869507 / NS : Val AP : 0.5426174998283386 / AUROC : 0.5784912109375
25 time - 20 epoch, Training loss : 0.47494518756866455 / NS : Val AP : 0.5049505233764648 / AUROC : 0.5098039215686274
25 time - 21 epoch, Training loss : 0.5047541856765747 / NS : Val AP : 0.5161290168762207 / AUROC : 0.53125
25 time - 22 epoch, Training loss : 0.4897608160972595 / NS : Val AP : 0.5049505233764648 / AUROC : 0.5098039215686274
[25 time Val AP : 0.7739331026528258 / AUROC : 0.7513389587402344 ]
[25 time Test AP : 0.8406658739595719 / AUROC : 0.8098621368408203 ]
26 time - 0 epoch, Training loss : 0.47975021600723267 / NS : Val AP : 0.5861156582832336 / AUROC : 0.6443339337457906
26 time - 1 epoch, Training loss : 0.47193682193756104 / NS : Val AP : 0.5475308299064636 / AUROC : 0.5863037109375
26 time - 2 epoch, Training loss : 0.48735690116882324 / NS : Val AP : 0.5716603994369507 / AUROC : 0.6239067055393586
26 time - 3 epoch, Training loss : 0.4625248610973358 / NS : Val AP : 0.5426174998283386 / AUROC : 0.5775146484375
26 time - 4 epoch, Training loss : 0.4760906398296356 / NS : Val AP : 0.5384615659713745 / AUROC : 0.5714285714285714
26 time - 5 epoch, Training loss : 0.4938315749168396 / NS : Val AP : 0.5684579610824585 / AUROC : 0.619384765625
26 time - 6 epoch, Training loss : 0.4799432158470154 / NS : Val AP : 0.5720959305763245 / AUROC : 0.6222407330279051
26 time - 7 epoch, Training loss : 0.5047012567520142 / NS : Val AP : 0.5623316168785095 / AUROC : 0.6104736328125
26 time - 8 epoch, Training loss : 0.4707564115524292 / NS : Val AP : 0.5268816947937012 / AUROC : 0.5510204081632653
26 time - 9 epoch, Training loss : 0.48328953981399536 / NS : Val AP : 0.5249935388565063 / AUROC : 0.5474853515625
26 time - 10 epoch, Training loss : 0.49732232093811035 / NS : Val AP : 0.5386284589767456 / AUROC : 0.5703873386089129
[26 time Val AP : 0.6443339337457906 / AUROC : 0.5861156582832336 ]
[26 time Test AP : 0.6149584487534625 / AUROC : 0.5650784969329834 ]
27 time - 0 epoch, Training loss : 0.4967762529850006 / NS : Val AP : 0.5804598927497864 / AUROC : 0.6354617214532873
27 time - 1 epoch, Training loss : 0.47981998324394226 / NS : Val AP : 0.5673108100891113 / AUROC : 0.61572265625
27 time - 2 epoch, Training loss : 0.5013409852981567 / NS : Val AP : 0.5668294429779053 / AUROC : 0.616455078125
27 time - 3 epoch, Training loss : 0.4898892641067505 / NS : Val AP : 0.6666666865348816 / AUROC : 0.75
27 time - 4 epoch, Training loss : 0.4951363801956177 / NS : Val AP : 0.5204623937606812 / AUROC : 0.5390625
27 time - 5 epoch, Training loss : 0.49547043442726135 / NS : Val AP : 0.5481460094451904 / AUROC : 0.5863037109375
27 time - 6 epoch, Training loss : 0.4947233200073242 / NS : Val AP : 0.5333333611488342 / AUROC : 0.5625
27 time - 7 epoch, Training loss : 0.49053657054901123 / NS : Val AP : 0.5523300170898438 / AUROC : 0.5947265625
27 time - 8 epoch, Training loss : 0.4921312928199768 / NS : Val AP : 0.5333333611488342 / AUROC : 0.5625
27 time - 9 epoch, Training loss : 0.49376556277275085 / NS : Val AP : 0.5333333611488342 / AUROC : 0.5625
27 time - 10 epoch, Training loss : 0.48377880454063416 / NS : Val AP : 0.5245901346206665 / AUROC : 0.546875
27 time - 11 epoch, Training loss : 0.4896262288093567 / NS : Val AP : 0.5423728823661804 / AUROC : 0.578125
27 time - 12 epoch, Training loss : 0.48920509219169617 / NS : Val AP : 0.5714285969734192 / AUROC : 0.625
27 time - 13 epoch, Training loss : 0.494300901889801 / NS : Val AP : 0.5384372472763062 / AUROC : 0.5701904296875
[27 time Val AP : 0.75 / AUROC : 0.6666666865348816 ]
[27 time Test AP : 0.6029411764705883 / AUROC : 0.5573770403862 ]
28 time - 0 epoch, Training loss : 0.5043807029724121 / NS : Val AP : 0.5371561050415039 / AUROC : 0.5568073121479434
28 time - 1 epoch, Training loss : 0.5043797492980957 / NS : Val AP : 0.5385643243789673 / AUROC : 0.557861328125
28 time - 2 epoch, Training loss : 0.5043500661849976 / NS : Val AP : 0.5260956883430481 / AUROC : 0.5436179981634528
28 time - 3 epoch, Training loss : 0.5043154954910278 / NS : Val AP : 0.5447549819946289 / AUROC : 0.5758056640625
28 time - 4 epoch, Training loss : 0.5042823553085327 / NS : Val AP : 0.6013071537017822 / AUROC : 0.654729109274564
28 time - 5 epoch, Training loss : 0.5042499303817749 / NS : Val AP : 0.5635913610458374 / AUROC : 0.59521484375
28 time - 6 epoch, Training loss : 0.5042177438735962 / NS : Val AP : 0.5412014722824097 / AUROC : 0.5693296602387512
28 time - 7 epoch, Training loss : 0.5041821002960205 / NS : Val AP : 0.543298602104187 / AUROC : 0.5714111328125
28 time - 8 epoch, Training loss : 0.5041533708572388 / NS : Val AP : 0.5239234566688538 / AUROC : 0.5371900826446281
28 time - 9 epoch, Training loss : 0.5041285157203674 / NS : Val AP : 0.549231767654419 / AUROC : 0.58154296875
28 time - 10 epoch, Training loss : 0.5040888786315918 / NS : Val AP : 0.5412014722824097 / AUROC : 0.5693296602387512
28 time - 11 epoch, Training loss : 0.5040676593780518 / NS : Val AP : 0.5380712747573853 / AUROC : 0.5654296875
28 time - 12 epoch, Training loss : 0.504041850566864 / NS : Val AP : 0.5692641139030457 / AUROC : 0.6170798898071626
28 time - 13 epoch, Training loss : 0.5040160417556763 / NS : Val AP : 0.5380198359489441 / AUROC : 0.5672607421875
28 time - 14 epoch, Training loss : 0.5039911866188049 / NS : Val AP : 0.5412014722824097 / AUROC : 0.5693296602387512
[28 time Val AP : 0.654729109274564 / AUROC : 0.6013071537017822 ]
[28 time Test AP : 0.5285297792586422 / AUROC : 0.5158107280731201 ]
29 time - 0 epoch, Training loss : 0.5041882395744324 / NS : Val AP : 0.5 / AUROC : 0.5
29 time - 1 epoch, Training loss : 0.5041560530662537 / NS : Val AP : 0.5 / AUROC : 0.5
29 time - 2 epoch, Training loss : 0.5041241645812988 / NS : Val AP : 0.5 / AUROC : 0.5
29 time - 3 epoch, Training loss : 0.5040925741195679 / NS : Val AP : 0.5 / AUROC : 0.5
29 time - 4 epoch, Training loss : 0.5040650963783264 / NS : Val AP : 0.5 / AUROC : 0.5
29 time - 5 epoch, Training loss : 0.5040415525436401 / NS : Val AP : 0.5 / AUROC : 0.5
29 time - 6 epoch, Training loss : 0.5040181875228882 / NS : Val AP : 0.5 / AUROC : 0.5
29 time - 7 epoch, Training loss : 0.5039950013160706 / NS : Val AP : 0.8014353513717651 / AUROC : 0.868421052631579
29 time - 8 epoch, Training loss : 0.5039719939231873 / NS : Val AP : 0.8070175647735596 / AUROC : 0.868421052631579
29 time - 9 epoch, Training loss : 0.5039494037628174 / NS : Val AP : 0.5 / AUROC : 0.5
29 time - 10 epoch, Training loss : 0.5039275884628296 / NS : Val AP : 0.5 / AUROC : 0.5
29 time - 11 epoch, Training loss : 0.5039058327674866 / NS : Val AP : 0.5 / AUROC : 0.5
29 time - 12 epoch, Training loss : 0.5038841962814331 / NS : Val AP : 0.5 / AUROC : 0.5
29 time - 13 epoch, Training loss : 0.5038630366325378 / NS : Val AP : 0.5 / AUROC : 0.5
29 time - 14 epoch, Training loss : 0.503841757774353 / NS : Val AP : 0.5 / AUROC : 0.5
29 time - 15 epoch, Training loss : 0.503820538520813 / NS : Val AP : 0.7236841917037964 / AUROC : 0.7236842105263158
29 time - 16 epoch, Training loss : 0.5037994384765625 / NS : Val AP : 0.5 / AUROC : 0.5
29 time - 17 epoch, Training loss : 0.5037785172462463 / NS : Val AP : 0.5 / AUROC : 0.5
[29 time Val AP : 0.868421052631579 / AUROC : 0.8014353513717651 ]
[29 time Test AP : 0.9473684210526316 / AUROC : 0.9047619104385376 ]
30 time - 0 epoch, Training loss : 0.5039065480232239 / NS : Val AP : 0.5 / AUROC : 0.5
30 time - 1 epoch, Training loss : 0.5038851499557495 / NS : Val AP : 0.5 / AUROC : 0.5
30 time - 2 epoch, Training loss : 0.5038638710975647 / NS : Val AP : 0.5 / AUROC : 0.5
30 time - 3 epoch, Training loss : 0.5038427114486694 / NS : Val AP : 0.5 / AUROC : 0.5
30 time - 4 epoch, Training loss : 0.503821849822998 / NS : Val AP : 0.5 / AUROC : 0.5
30 time - 5 epoch, Training loss : 0.5038009881973267 / NS : Val AP : 0.5 / AUROC : 0.5
30 time - 6 epoch, Training loss : 0.5037802457809448 / NS : Val AP : 0.5 / AUROC : 0.5
30 time - 7 epoch, Training loss : 0.5037595629692078 / NS : Val AP : 0.5 / AUROC : 0.5
30 time - 8 epoch, Training loss : 0.5037389993667603 / NS : Val AP : 0.5 / AUROC : 0.5
30 time - 9 epoch, Training loss : 0.5037186741828918 / NS : Val AP : 0.819920539855957 / AUROC : 0.8770491803278689
30 time - 10 epoch, Training loss : 0.5036984086036682 / NS : Val AP : 0.5 / AUROC : 0.5
30 time - 11 epoch, Training loss : 0.5036783814430237 / NS : Val AP : 0.5 / AUROC : 0.5
30 time - 12 epoch, Training loss : 0.5036584138870239 / NS : Val AP : 0.5 / AUROC : 0.5
30 time - 13 epoch, Training loss : 0.503638505935669 / NS : Val AP : 0.5 / AUROC : 0.5
30 time - 14 epoch, Training loss : 0.5036187171936035 / NS : Val AP : 0.5 / AUROC : 0.5
30 time - 15 epoch, Training loss : 0.5035990476608276 / NS : Val AP : 0.5 / AUROC : 0.5
30 time - 16 epoch, Training loss : 0.5035794377326965 / NS : Val AP : 0.5 / AUROC : 0.5
30 time - 17 epoch, Training loss : 0.503559947013855 / NS : Val AP : 0.5 / AUROC : 0.5
30 time - 18 epoch, Training loss : 0.503540575504303 / NS : Val AP : 0.5 / AUROC : 0.5
30 time - 19 epoch, Training loss : 0.5035212635993958 / NS : Val AP : 0.5 / AUROC : 0.5
[30 time Val AP : 0.8770491803278689 / AUROC : 0.819920539855957 ]
[30 time Test AP : 0.8870967741935484 / AUROC : 0.8157894611358643 ]
31 time - 0 epoch, Training loss : 0.5036733746528625 / NS : Val AP : 0.4872075915336609 / AUROC : 0.47368421052631576
31 time - 1 epoch, Training loss : 0.49294185638427734 / NS : Val AP : 0.5066690444946289 / AUROC : 0.5131578947368421
31 time - 2 epoch, Training loss : 0.5055082440376282 / NS : Val AP : 0.5 / AUROC : 0.5
31 time - 3 epoch, Training loss : 0.5036249756813049 / NS : Val AP : 0.5594227313995361 / AUROC : 0.5979916897506926
31 time - 4 epoch, Training loss : 0.500120997428894 / NS : Val AP : 0.5066666603088379 / AUROC : 0.513157894736842
31 time - 5 epoch, Training loss : 0.5018476247787476 / NS : Val AP : 0.5135233998298645 / AUROC : 0.5263157894736843
31 time - 6 epoch, Training loss : 0.5035765171051025 / NS : Val AP : 0.49350878596305847 / AUROC : 0.4868421052631579
31 time - 7 epoch, Training loss : 0.4910346269607544 / NS : Val AP : 0.4935111701488495 / AUROC : 0.48684210526315785
31 time - 8 epoch, Training loss : 0.4946115016937256 / NS : Val AP : 0.5135233998298645 / AUROC : 0.5263157894736843
31 time - 9 epoch, Training loss : 0.5035277605056763 / NS : Val AP : 0.4935111701488495 / AUROC : 0.48684210526315785
31 time - 10 epoch, Training loss : 0.5000611543655396 / NS : Val AP : 0.5066690444946289 / AUROC : 0.5131578947368421
31 time - 11 epoch, Training loss : 0.5126961469650269 / NS : Val AP : 0.5066690444946289 / AUROC : 0.5131578947368421
31 time - 12 epoch, Training loss : 0.5034851431846619 / NS : Val AP : 0.4872075915336609 / AUROC : 0.47368421052631576
31 time - 13 epoch, Training loss : 0.5071343779563904 / NS : Val AP : 0.5066666603088379 / AUROC : 0.513157894736842
[31 time Val AP : 0.5979916897506926 / AUROC : 0.5594227313995361 ]
[31 time Test AP : 0.5263157894736843 / AUROC : 0.5135135054588318 ]
32 time - 0 epoch, Training loss : 0.5035549998283386 / NS : Val AP : 0.6194148063659668 / AUROC : 0.6684180896978795
32 time - 1 epoch, Training loss : 0.5035353899002075 / NS : Val AP : 0.5087243914604187 / AUROC : 0.517333984375
32 time - 2 epoch, Training loss : 0.5035157203674316 / NS : Val AP : 0.5 / AUROC : 0.5
32 time - 3 epoch, Training loss : 0.5034961104393005 / NS : Val AP : 0.5 / AUROC : 0.5
32 time - 4 epoch, Training loss : 0.503476619720459 / NS : Val AP : 0.5 / AUROC : 0.5
32 time - 5 epoch, Training loss : 0.5034571886062622 / NS : Val AP : 0.5 / AUROC : 0.5
32 time - 6 epoch, Training loss : 0.503437876701355 / NS : Val AP : 0.5 / AUROC : 0.5
32 time - 7 epoch, Training loss : 0.5034186244010925 / NS : Val AP : 0.5 / AUROC : 0.5
32 time - 8 epoch, Training loss : 0.5033994913101196 / NS : Val AP : 0.5 / AUROC : 0.5
32 time - 9 epoch, Training loss : 0.5033804178237915 / NS : Val AP : 0.8619318008422852 / AUROC : 0.8828125
32 time - 10 epoch, Training loss : 0.5033614635467529 / NS : Val AP : 0.5 / AUROC : 0.5
32 time - 11 epoch, Training loss : 0.5033425688743591 / NS : Val AP : 0.5 / AUROC : 0.5
32 time - 12 epoch, Training loss : 0.5033237934112549 / NS : Val AP : 0.5 / AUROC : 0.5
32 time - 13 epoch, Training loss : 0.5033050775527954 / NS : Val AP : 0.5 / AUROC : 0.5
32 time - 14 epoch, Training loss : 0.5032864212989807 / NS : Val AP : 0.5 / AUROC : 0.5
32 time - 15 epoch, Training loss : 0.5032678842544556 / NS : Val AP : 0.5 / AUROC : 0.5
32 time - 16 epoch, Training loss : 0.5032494068145752 / NS : Val AP : 0.5625 / AUROC : 0.6111111111111112
32 time - 17 epoch, Training loss : 0.5032310485839844 / NS : Val AP : 0.5546875 / AUROC : 0.5546875
32 time - 18 epoch, Training loss : 0.5032126903533936 / NS : Val AP : 0.5 / AUROC : 0.5
32 time - 19 epoch, Training loss : 0.5031944513320923 / NS : Val AP : 0.5 / AUROC : 0.5
[32 time Val AP : 0.8828125 / AUROC : 0.8619318008422852 ]
[32 time Test AP : 0.891891891891892 / AUROC : 0.879250168800354 ]
33 time - 0 epoch, Training loss : 0.5033105611801147 / NS : Val AP : 0.5344552397727966 / AUROC : 0.5644666666666667
33 time - 1 epoch, Training loss : 0.4885220229625702 / NS : Val AP : 0.5167809724807739 / AUROC : 0.532470703125
33 time - 2 epoch, Training loss : 0.46577295660972595 / NS : Val AP : 0.5167171955108643 / AUROC : 0.5323486328125
33 time - 3 epoch, Training loss : 0.4885702431201935 / NS : Val AP : 0.550000011920929 / AUROC : 0.5909090909090908
33 time - 4 epoch, Training loss : 0.4818153977394104 / NS : Val AP : 0.5266141891479492 / AUROC : 0.550537109375
33 time - 5 epoch, Training loss : 0.4669470489025116 / NS : Val AP : 0.525533139705658 / AUROC : 0.548583984375
33 time - 6 epoch, Training loss : 0.4906609356403351 / NS : Val AP : 0.5945945978164673 / AUROC : 0.6590909090909091
33 time - 7 epoch, Training loss : 0.48884063959121704 / NS : Val AP : 0.5349223017692566 / AUROC : 0.5645751953125
33 time - 8 epoch, Training loss : 0.4900113344192505 / NS : Val AP : 0.5952348709106445 / AUROC : 0.652587890625
33 time - 9 epoch, Training loss : 0.42636772990226746 / NS : Val AP : 0.5116279125213623 / AUROC : 0.5227272727272727
33 time - 10 epoch, Training loss : 0.48128968477249146 / NS : Val AP : 0.5173868536949158 / AUROC : 0.5338134765625
33 time - 11 epoch, Training loss : 0.4831867814064026 / NS : Val AP : 0.746080756187439 / AUROC : 0.7467041015625
33 time - 12 epoch, Training loss : 0.4741156995296478 / NS : Val AP : 0.5454545021057129 / AUROC : 0.5454545454545454
33 time - 13 epoch, Training loss : 0.4772067070007324 / NS : Val AP : 0.5120000243186951 / AUROC : 0.5234375
33 time - 14 epoch, Training loss : 0.4829568564891815 / NS : Val AP : 0.7001237273216248 / AUROC : 0.7545166015625
33 time - 15 epoch, Training loss : 0.48488372564315796 / NS : Val AP : 0.5010570883750916 / AUROC : 0.5020661157024793
33 time - 16 epoch, Training loss : 0.5077849626541138 / NS : Val AP : 0.5430920720100403 / AUROC : 0.579345703125
33 time - 17 epoch, Training loss : 0.4900810718536377 / NS : Val AP : 0.5338894724845886 / AUROC : 0.5634765625
33 time - 18 epoch, Training loss : 0.4901038408279419 / NS : Val AP : 0.538986086845398 / AUROC : 0.5723140495867769
33 time - 19 epoch, Training loss : 0.4518575370311737 / NS : Val AP : 0.5388115048408508 / AUROC : 0.572021484375
33 time - 20 epoch, Training loss : 0.48068636655807495 / NS : Val AP : 0.5125192999839783 / AUROC : 0.5244140625
33 time - 21 epoch, Training loss : 0.4978010058403015 / NS : Val AP : 0.550000011920929 / AUROC : 0.5909090909090908
33 time - 22 epoch, Training loss : 0.4994928240776062 / NS : Val AP : 0.5351635217666626 / AUROC : 0.565673828125
33 time - 23 epoch, Training loss : 0.49344775080680847 / NS : Val AP : 0.5126523971557617 / AUROC : 0.5245361328125
33 time - 24 epoch, Training loss : 0.481346994638443 / NS : Val AP : 0.5116279125213623 / AUROC : 0.5227272727272727
[33 time Val AP : 0.7545166015625 / AUROC : 0.7001237273216248 ]
[33 time Test AP : 0.7128888888888889 / AUROC : 0.6414729952812195 ]
34 time - 0 epoch, Training loss : 0.5030075311660767 / NS : Val AP : 0.6637142300605774 / AUROC : 0.7403644192396557
34 time - 1 epoch, Training loss : 0.5029698610305786 / NS : Val AP : 0.5767632126808167 / AUROC : 0.630615234375
34 time - 2 epoch, Training loss : 0.5029678344726562 / NS : Val AP : 0.5714285969734192 / AUROC : 0.625
34 time - 3 epoch, Training loss : 0.502967119216919 / NS : Val AP : 0.7692307829856873 / AUROC : 0.85
34 time - 4 epoch, Training loss : 0.5029477477073669 / NS : Val AP : 0.5203383564949036 / AUROC : 0.53857421875
34 time - 5 epoch, Training loss : 0.5029281377792358 / NS : Val AP : 0.5161290168762207 / AUROC : 0.53125
34 time - 6 epoch, Training loss : 0.5029085874557495 / NS : Val AP : 0.5 / AUROC : 0.5
34 time - 7 epoch, Training loss : 0.5028892755508423 / NS : Val AP : 0.5161373019218445 / AUROC : 0.53125
34 time - 8 epoch, Training loss : 0.5028700828552246 / NS : Val AP : 0.5079385042190552 / AUROC : 0.515625
34 time - 9 epoch, Training loss : 0.5028508901596069 / NS : Val AP : 0.5 / AUROC : 0.5
34 time - 10 epoch, Training loss : 0.5028318166732788 / NS : Val AP : 0.8828125 / AUROC : 0.8828125
34 time - 11 epoch, Training loss : 0.5028128623962402 / NS : Val AP : 0.5 / AUROC : 0.5
34 time - 12 epoch, Training loss : 0.502794086933136 / NS : Val AP : 0.5 / AUROC : 0.5
34 time - 13 epoch, Training loss : 0.5027753710746765 / NS : Val AP : 0.6640625 / AUROC : 0.6640625
34 time - 14 epoch, Training loss : 0.5027567148208618 / NS : Val AP : 0.5 / AUROC : 0.5
34 time - 15 epoch, Training loss : 0.5027382969856262 / NS : Val AP : 0.5 / AUROC : 0.5
34 time - 16 epoch, Training loss : 0.5027198791503906 / NS : Val AP : 0.6107165813446045 / AUROC : 0.6796875
34 time - 17 epoch, Training loss : 0.5027015209197998 / NS : Val AP : 0.5 / AUROC : 0.5
34 time - 18 epoch, Training loss : 0.5026834011077881 / NS : Val AP : 0.5 / AUROC : 0.5
34 time - 19 epoch, Training loss : 0.5026652812957764 / NS : Val AP : 0.5 / AUROC : 0.5
34 time - 20 epoch, Training loss : 0.5026472806930542 / NS : Val AP : 0.5 / AUROC : 0.5
[34 time Val AP : 0.8828125 / AUROC : 0.8828125 ]
[34 time Test AP : 0.8695652173913043 / AUROC : 0.8561264276504517 ]
35 time - 0 epoch, Training loss : 0.5027743577957153 / NS : Val AP : 0.5205479264259338 / AUROC : 0.5394736842105263
35 time - 1 epoch, Training loss : 0.5027561187744141 / NS : Val AP : 0.5066666603088379 / AUROC : 0.513157894736842
35 time - 2 epoch, Training loss : 0.5027373433113098 / NS : Val AP : 0.5135135054588318 / AUROC : 0.5263157894736843
35 time - 3 epoch, Training loss : 0.5027188062667847 / NS : Val AP : 0.5278195738792419 / AUROC : 0.5526315789473685
35 time - 4 epoch, Training loss : 0.5027014017105103 / NS : Val AP : 0.5277777910232544 / AUROC : 0.5526315789473684
35 time - 5 epoch, Training loss : 0.5026829242706299 / NS : Val AP : 0.5205707550048828 / AUROC : 0.5394736842105263
35 time - 6 epoch, Training loss : 0.5026642084121704 / NS : Val AP : 0.5428571701049805 / AUROC : 0.5789473684210527
35 time - 7 epoch, Training loss : 0.5026469230651855 / NS : Val AP : 0.5066690444946289 / AUROC : 0.5131578947368421
35 time - 8 epoch, Training loss : 0.5026286840438843 / NS : Val AP : 0.5205479264259338 / AUROC : 0.5394736842105263
35 time - 9 epoch, Training loss : 0.5026103258132935 / NS : Val AP : 0.5205479264259338 / AUROC : 0.5394736842105263
35 time - 10 epoch, Training loss : 0.5025931596755981 / NS : Val AP : 0.8140215873718262 / AUROC : 0.8677285318559558
35 time - 11 epoch, Training loss : 0.5025755167007446 / NS : Val AP : 0.5 / AUROC : 0.5
35 time - 12 epoch, Training loss : 0.5025584697723389 / NS : Val AP : 0.5671641826629639 / AUROC : 0.618421052631579
35 time - 13 epoch, Training loss : 0.5025407075881958 / NS : Val AP : 0.6741711497306824 / AUROC : 0.7513850415512466
35 time - 14 epoch, Training loss : 0.5025228261947632 / NS : Val AP : 0.5588235259056091 / AUROC : 0.6052631578947368
35 time - 15 epoch, Training loss : 0.5025063157081604 / NS : Val AP : 0.5066715478897095 / AUROC : 0.513157894736842
35 time - 16 epoch, Training loss : 0.5024887919425964 / NS : Val AP : 0.5135135054588318 / AUROC : 0.5263157894736843
35 time - 17 epoch, Training loss : 0.5024711489677429 / NS : Val AP : 0.5429566502571106 / AUROC : 0.5789473684210527
35 time - 18 epoch, Training loss : 0.5024549961090088 / NS : Val AP : 0.5135135054588318 / AUROC : 0.5263157894736843
35 time - 19 epoch, Training loss : 0.5024372339248657 / NS : Val AP : 0.5135135054588318 / AUROC : 0.5263157894736843
35 time - 20 epoch, Training loss : 0.5024209022521973 / NS : Val AP : 0.5205707550048828 / AUROC : 0.5394736842105263
[35 time Val AP : 0.8677285318559558 / AUROC : 0.8140215873718262 ]
[35 time Test AP : 0.7922437673130194 / AUROC : 0.7153813242912292 ]
36 time - 0 epoch, Training loss : 0.5025233030319214 / NS : Val AP : 0.5 / AUROC : 0.5
36 time - 1 epoch, Training loss : 0.502505898475647 / NS : Val AP : 0.5 / AUROC : 0.5
36 time - 2 epoch, Training loss : 0.5024886131286621 / NS : Val AP : 0.7719298601150513 / AUROC : 0.7719298245614035
36 time - 3 epoch, Training loss : 0.5024713277816772 / NS : Val AP : 0.5 / AUROC : 0.5
36 time - 4 epoch, Training loss : 0.5024542212486267 / NS : Val AP : 0.5 / AUROC : 0.5
36 time - 5 epoch, Training loss : 0.502437174320221 / NS : Val AP : 0.5 / AUROC : 0.5
36 time - 6 epoch, Training loss : 0.50242018699646 / NS : Val AP : 0.5 / AUROC : 0.5
36 time - 7 epoch, Training loss : 0.5024033188819885 / NS : Val AP : 0.5 / AUROC : 0.5
36 time - 8 epoch, Training loss : 0.5023865103721619 / NS : Val AP : 0.5 / AUROC : 0.5
36 time - 9 epoch, Training loss : 0.5023698210716248 / NS : Val AP : 0.5 / AUROC : 0.5
36 time - 10 epoch, Training loss : 0.5023531317710876 / NS : Val AP : 0.7354570627212524 / AUROC : 0.7631578947368421
36 time - 11 epoch, Training loss : 0.5023365616798401 / NS : Val AP : 0.667251467704773 / AUROC : 0.6929824561403509
36 time - 12 epoch, Training loss : 0.5023200511932373 / NS : Val AP : 0.5 / AUROC : 0.5
[36 time Val AP : 0.7719298245614035 / AUROC : 0.7719298601150513 ]
[36 time Test AP : 0.7068965517241379 / AUROC : 0.7068965435028076 ]
37 time - 0 epoch, Training loss : 0.5024541616439819 / NS : Val AP : 0.5 / AUROC : 0.5
37 time - 1 epoch, Training loss : 0.5024369359016418 / NS : Val AP : 0.5 / AUROC : 0.5
37 time - 2 epoch, Training loss : 0.5024198293685913 / NS : Val AP : 0.5 / AUROC : 0.5
37 time - 3 epoch, Training loss : 0.5024027824401855 / NS : Val AP : 0.5 / AUROC : 0.5
37 time - 4 epoch, Training loss : 0.5023858547210693 / NS : Val AP : 0.5 / AUROC : 0.5
37 time - 5 epoch, Training loss : 0.5023690462112427 / NS : Val AP : 0.5 / AUROC : 0.5
37 time - 6 epoch, Training loss : 0.5023522973060608 / NS : Val AP : 0.5 / AUROC : 0.5
37 time - 7 epoch, Training loss : 0.5023355484008789 / NS : Val AP : 0.5 / AUROC : 0.5
37 time - 8 epoch, Training loss : 0.5023189783096313 / NS : Val AP : 0.5 / AUROC : 0.5
37 time - 9 epoch, Training loss : 0.5023024082183838 / NS : Val AP : 0.5 / AUROC : 0.5
37 time - 10 epoch, Training loss : 0.5022860169410706 / NS : Val AP : 0.5 / AUROC : 0.5
[37 time Val AP : 0.5 / AUROC : 0.5 ]
[37 time Test AP : 0.5 / AUROC : 0.5 ]
0.7299	0.6955
NS : avg AP : 0.6954811215400696 / avg AUROC : 0.7298607811662763
============================================ Test End =================================================